[2024-03-22T19:04:14.490+0000] {taskinstance.py:1171} INFO - Dependencies all met for <TaskInstance: milestone3.transfer_data_to_kibana scheduled__2024-03-22T19:02:00+00:00 [queued]>
[2024-03-22T19:04:14.509+0000] {taskinstance.py:1171} INFO - Dependencies all met for <TaskInstance: milestone3.transfer_data_to_kibana scheduled__2024-03-22T19:02:00+00:00 [queued]>
[2024-03-22T19:04:14.510+0000] {taskinstance.py:1368} INFO - 
--------------------------------------------------------------------------------
[2024-03-22T19:04:14.510+0000] {taskinstance.py:1369} INFO - Starting attempt 2 of 2
[2024-03-22T19:04:14.511+0000] {taskinstance.py:1370} INFO - 
--------------------------------------------------------------------------------
[2024-03-22T19:04:14.545+0000] {taskinstance.py:1389} INFO - Executing <Task(PythonOperator): transfer_data_to_kibana> on 2024-03-22 19:02:00+00:00
[2024-03-22T19:04:14.590+0000] {standard_task_runner.py:52} INFO - Started process 2242 to run task
[2024-03-22T19:04:14.614+0000] {standard_task_runner.py:79} INFO - Running: ['***', 'tasks', 'run', 'milestone3', 'transfer_data_to_kibana', 'scheduled__2024-03-22T19:02:00+00:00', '--job-id', '267', '--raw', '--subdir', 'DAGS_FOLDER/P2M3_elia_DAG.py', '--cfg-path', '/tmp/tmprllf5phk', '--error-file', '/tmp/tmp_97pw70p']
[2024-03-22T19:04:14.618+0000] {standard_task_runner.py:80} INFO - Job 267: Subtask transfer_data_to_kibana
[2024-03-22T19:04:14.810+0000] {task_command.py:371} INFO - Running <TaskInstance: milestone3.transfer_data_to_kibana scheduled__2024-03-22T19:02:00+00:00 [running]> on host b79cb602ca97
[2024-03-22T19:04:14.987+0000] {taskinstance.py:1583} INFO - Exporting the following env vars:
AIRFLOW_CTX_DAG_OWNER=elia
AIRFLOW_CTX_DAG_ID=milestone3
AIRFLOW_CTX_TASK_ID=transfer_data_to_kibana
AIRFLOW_CTX_EXECUTION_DATE=2024-03-22T19:02:00+00:00
AIRFLOW_CTX_TRY_NUMBER=2
AIRFLOW_CTX_DAG_RUN_ID=scheduled__2024-03-22T19:02:00+00:00
[2024-03-22T19:04:15.397+0000] {logging_mixin.py:115} WARNING - /home/***/.local/lib/python3.7/site-packages/elasticsearch/connection/base.py:208 ElasticsearchWarning: [types removal] Specifying types in document index requests is deprecated, use the typeless endpoints instead (/{index}/_doc/{id}, /{index}/_doc, or /{index}/_create/{id}).
[2024-03-22T19:04:15.398+0000] {base.py:271} INFO - POST http://elasticsearch:9200/milestone/doc [status:201 request:0.068s]
[2024-03-22T19:04:15.399+0000] {logging_mixin.py:115} INFO - {'_index': 'milestone', '_type': 'doc', '_id': 'uHaMZ44BeGvon-anqCbs', '_version': 1, 'result': 'created', '_shards': {'total': 2, 'successful': 1, 'failed': 0}, '_seq_no': 87, '_primary_term': 1}
[2024-03-22T19:04:15.414+0000] {base.py:271} INFO - POST http://elasticsearch:9200/milestone/doc [status:201 request:0.014s]
[2024-03-22T19:04:15.415+0000] {logging_mixin.py:115} INFO - {'_index': 'milestone', '_type': 'doc', '_id': 'u3aMZ44BeGvon-anqSYt', '_version': 1, 'result': 'created', '_shards': {'total': 2, 'successful': 1, 'failed': 0}, '_seq_no': 90, '_primary_term': 1}
[2024-03-22T19:04:15.429+0000] {base.py:271} INFO - POST http://elasticsearch:9200/milestone/doc [status:201 request:0.013s]
[2024-03-22T19:04:15.431+0000] {logging_mixin.py:115} INFO - {'_index': 'milestone', '_type': 'doc', '_id': 'vXaMZ44BeGvon-anqSY7', '_version': 1, 'result': 'created', '_shards': {'total': 2, 'successful': 1, 'failed': 0}, '_seq_no': 91, '_primary_term': 1}
[2024-03-22T19:04:15.470+0000] {base.py:271} INFO - POST http://elasticsearch:9200/milestone/doc [status:201 request:0.038s]
[2024-03-22T19:04:15.470+0000] {logging_mixin.py:115} INFO - {'_index': 'milestone', '_type': 'doc', '_id': 'v3aMZ44BeGvon-anqSZO', '_version': 1, 'result': 'created', '_shards': {'total': 2, 'successful': 1, 'failed': 0}, '_seq_no': 93, '_primary_term': 1}
[2024-03-22T19:04:15.488+0000] {base.py:271} INFO - POST http://elasticsearch:9200/milestone/doc [status:201 request:0.017s]
[2024-03-22T19:04:15.489+0000] {logging_mixin.py:115} INFO - {'_index': 'milestone', '_type': 'doc', '_id': 'wXaMZ44BeGvon-anqSZx', '_version': 1, 'result': 'created', '_shards': {'total': 2, 'successful': 1, 'failed': 0}, '_seq_no': 95, '_primary_term': 1}
[2024-03-22T19:04:15.527+0000] {base.py:271} INFO - POST http://elasticsearch:9200/milestone/doc [status:201 request:0.037s]
[2024-03-22T19:04:15.530+0000] {logging_mixin.py:115} INFO - {'_index': 'milestone', '_type': 'doc', '_id': 'wnaMZ44BeGvon-anqSaH', '_version': 1, 'result': 'created', '_shards': {'total': 2, 'successful': 1, 'failed': 0}, '_seq_no': 97, '_primary_term': 1}
[2024-03-22T19:04:15.545+0000] {base.py:271} INFO - POST http://elasticsearch:9200/milestone/doc [status:201 request:0.014s]
[2024-03-22T19:04:15.546+0000] {logging_mixin.py:115} INFO - {'_index': 'milestone', '_type': 'doc', '_id': 'xXaMZ44BeGvon-anqSaw', '_version': 1, 'result': 'created', '_shards': {'total': 2, 'successful': 1, 'failed': 0}, '_seq_no': 99, '_primary_term': 1}
[2024-03-22T19:04:15.681+0000] {base.py:271} INFO - POST http://elasticsearch:9200/milestone/doc [status:201 request:0.134s]
[2024-03-22T19:04:15.686+0000] {logging_mixin.py:115} INFO - {'_index': 'milestone', '_type': 'doc', '_id': 'x3aMZ44BeGvon-anqSbt', '_version': 1, 'result': 'created', '_shards': {'total': 2, 'successful': 1, 'failed': 0}, '_seq_no': 101, '_primary_term': 1}
[2024-03-22T19:04:15.780+0000] {base.py:271} INFO - POST http://elasticsearch:9200/milestone/doc [status:201 request:0.090s]
[2024-03-22T19:04:15.781+0000] {logging_mixin.py:115} INFO - {'_index': 'milestone', '_type': 'doc', '_id': 'yXaMZ44BeGvon-anqiZY', '_version': 1, 'result': 'created', '_shards': {'total': 2, 'successful': 1, 'failed': 0}, '_seq_no': 103, '_primary_term': 1}
[2024-03-22T19:04:15.865+0000] {base.py:271} INFO - POST http://elasticsearch:9200/milestone/doc [status:201 request:0.082s]
[2024-03-22T19:04:15.866+0000] {logging_mixin.py:115} INFO - {'_index': 'milestone', '_type': 'doc', '_id': 'ynaMZ44BeGvon-anqibF', '_version': 1, 'result': 'created', '_shards': {'total': 2, 'successful': 1, 'failed': 0}, '_seq_no': 105, '_primary_term': 1}
[2024-03-22T19:04:15.908+0000] {base.py:271} INFO - POST http://elasticsearch:9200/milestone/doc [status:201 request:0.041s]
[2024-03-22T19:04:15.908+0000] {logging_mixin.py:115} INFO - {'_index': 'milestone', '_type': 'doc', '_id': 'zHaMZ44BeGvon-anqyYE', '_version': 1, 'result': 'created', '_shards': {'total': 2, 'successful': 1, 'failed': 0}, '_seq_no': 107, '_primary_term': 1}
[2024-03-22T19:04:15.962+0000] {base.py:271} INFO - POST http://elasticsearch:9200/milestone/doc [status:201 request:0.053s]
[2024-03-22T19:04:15.963+0000] {logging_mixin.py:115} INFO - {'_index': 'milestone', '_type': 'doc', '_id': 'z3aMZ44BeGvon-anqyYw', '_version': 1, 'result': 'created', '_shards': {'total': 2, 'successful': 1, 'failed': 0}, '_seq_no': 110, '_primary_term': 1}
[2024-03-22T19:04:16.067+0000] {base.py:271} INFO - POST http://elasticsearch:9200/milestone/doc [status:201 request:0.104s]
[2024-03-22T19:04:16.068+0000] {logging_mixin.py:115} INFO - {'_index': 'milestone', '_type': 'doc', '_id': '0HaMZ44BeGvon-anqyaF', '_version': 1, 'result': 'created', '_shards': {'total': 2, 'successful': 1, 'failed': 0}, '_seq_no': 111, '_primary_term': 1}
[2024-03-22T19:04:16.242+0000] {base.py:271} INFO - POST http://elasticsearch:9200/milestone/doc [status:201 request:0.173s]
[2024-03-22T19:04:16.243+0000] {logging_mixin.py:115} INFO - {'_index': 'milestone', '_type': 'doc', '_id': '0XaMZ44BeGvon-anqyb1', '_version': 1, 'result': 'created', '_shards': {'total': 2, 'successful': 1, 'failed': 0}, '_seq_no': 112, '_primary_term': 1}
[2024-03-22T19:04:16.477+0000] {base.py:271} INFO - POST http://elasticsearch:9200/milestone/doc [status:201 request:0.233s]
[2024-03-22T19:04:16.478+0000] {logging_mixin.py:115} INFO - {'_index': 'milestone', '_type': 'doc', '_id': '0naMZ44BeGvon-anrCan', '_version': 1, 'result': 'created', '_shards': {'total': 2, 'successful': 1, 'failed': 0}, '_seq_no': 113, '_primary_term': 1}
[2024-03-22T19:04:16.651+0000] {base.py:271} INFO - POST http://elasticsearch:9200/milestone/doc [status:201 request:0.173s]
[2024-03-22T19:04:16.652+0000] {logging_mixin.py:115} INFO - {'_index': 'milestone', '_type': 'doc', '_id': '03aMZ44BeGvon-anrSaa', '_version': 1, 'result': 'created', '_shards': {'total': 2, 'successful': 1, 'failed': 0}, '_seq_no': 115, '_primary_term': 1}
[2024-03-22T19:04:16.777+0000] {base.py:271} INFO - POST http://elasticsearch:9200/milestone/doc [status:201 request:0.124s]
[2024-03-22T19:04:16.778+0000] {logging_mixin.py:115} INFO - {'_index': 'milestone', '_type': 'doc', '_id': '1XaMZ44BeGvon-anriZG', '_version': 1, 'result': 'created', '_shards': {'total': 2, 'successful': 1, 'failed': 0}, '_seq_no': 117, '_primary_term': 1}
[2024-03-22T19:04:16.891+0000] {base.py:271} INFO - POST http://elasticsearch:9200/milestone/doc [status:201 request:0.113s]
[2024-03-22T19:04:16.892+0000] {logging_mixin.py:115} INFO - {'_index': 'milestone', '_type': 'doc', '_id': '2HaMZ44BeGvon-anriah', '_version': 1, 'result': 'created', '_shards': {'total': 2, 'successful': 1, 'failed': 0}, '_seq_no': 119, '_primary_term': 1}
[2024-03-22T19:04:16.939+0000] {base.py:271} INFO - POST http://elasticsearch:9200/milestone/doc [status:201 request:0.046s]
[2024-03-22T19:04:16.940+0000] {logging_mixin.py:115} INFO - {'_index': 'milestone', '_type': 'doc', '_id': '2naMZ44BeGvon-anryYa', '_version': 1, 'result': 'created', '_shards': {'total': 2, 'successful': 1, 'failed': 0}, '_seq_no': 121, '_primary_term': 1}
[2024-03-22T19:04:16.985+0000] {base.py:271} INFO - POST http://elasticsearch:9200/milestone/doc [status:201 request:0.045s]
[2024-03-22T19:04:16.986+0000] {logging_mixin.py:115} INFO - {'_index': 'milestone', '_type': 'doc', '_id': '3HaMZ44BeGvon-anryY0', '_version': 1, 'result': 'created', '_shards': {'total': 2, 'successful': 1, 'failed': 0}, '_seq_no': 123, '_primary_term': 1}
[2024-03-22T19:04:17.011+0000] {base.py:271} INFO - POST http://elasticsearch:9200/milestone/doc [status:201 request:0.023s]
[2024-03-22T19:04:17.012+0000] {logging_mixin.py:115} INFO - {'_index': 'milestone', '_type': 'doc', '_id': '3naMZ44BeGvon-anryZm', '_version': 1, 'result': 'created', '_shards': {'total': 2, 'successful': 1, 'failed': 0}, '_seq_no': 125, '_primary_term': 1}
[2024-03-22T19:04:17.034+0000] {base.py:271} INFO - POST http://elasticsearch:9200/milestone/doc [status:201 request:0.021s]
[2024-03-22T19:04:17.035+0000] {logging_mixin.py:115} INFO - {'_index': 'milestone', '_type': 'doc', '_id': '4HaMZ44BeGvon-anryZ6', '_version': 1, 'result': 'created', '_shards': {'total': 2, 'successful': 1, 'failed': 0}, '_seq_no': 127, '_primary_term': 1}
[2024-03-22T19:04:17.065+0000] {base.py:271} INFO - POST http://elasticsearch:9200/milestone/doc [status:201 request:0.029s]
[2024-03-22T19:04:17.071+0000] {logging_mixin.py:115} INFO - {'_index': 'milestone', '_type': 'doc', '_id': '4XaMZ44BeGvon-anryaO', '_version': 1, 'result': 'created', '_shards': {'total': 2, 'successful': 1, 'failed': 0}, '_seq_no': 129, '_primary_term': 1}
[2024-03-22T19:04:17.087+0000] {base.py:271} INFO - POST http://elasticsearch:9200/milestone/doc [status:201 request:0.014s]
[2024-03-22T19:04:17.091+0000] {logging_mixin.py:115} INFO - {'_index': 'milestone', '_type': 'doc', '_id': '5HaMZ44BeGvon-anrya0', '_version': 1, 'result': 'created', '_shards': {'total': 2, 'successful': 1, 'failed': 0}, '_seq_no': 131, '_primary_term': 1}
[2024-03-22T19:04:17.115+0000] {base.py:271} INFO - POST http://elasticsearch:9200/milestone/doc [status:201 request:0.019s]
[2024-03-22T19:04:17.116+0000] {logging_mixin.py:115} INFO - {'_index': 'milestone', '_type': 'doc', '_id': '5XaMZ44BeGvon-anrybU', '_version': 1, 'result': 'created', '_shards': {'total': 2, 'successful': 1, 'failed': 0}, '_seq_no': 132, '_primary_term': 1}
[2024-03-22T19:04:17.131+0000] {base.py:271} INFO - POST http://elasticsearch:9200/milestone/doc [status:201 request:0.014s]
[2024-03-22T19:04:17.131+0000] {logging_mixin.py:115} INFO - {'_index': 'milestone', '_type': 'doc', '_id': '53aMZ44BeGvon-anrybe', '_version': 1, 'result': 'created', '_shards': {'total': 2, 'successful': 1, 'failed': 0}, '_seq_no': 135, '_primary_term': 1}
[2024-03-22T19:04:17.153+0000] {base.py:271} INFO - POST http://elasticsearch:9200/milestone/doc [status:201 request:0.021s]
[2024-03-22T19:04:17.155+0000] {logging_mixin.py:115} INFO - {'_index': 'milestone', '_type': 'doc', '_id': '6XaMZ44BeGvon-anrybu', '_version': 1, 'result': 'created', '_shards': {'total': 2, 'successful': 1, 'failed': 0}, '_seq_no': 136, '_primary_term': 1}
[2024-03-22T19:04:17.176+0000] {base.py:271} INFO - POST http://elasticsearch:9200/milestone/doc [status:201 request:0.020s]
[2024-03-22T19:04:17.176+0000] {logging_mixin.py:115} INFO - {'_index': 'milestone', '_type': 'doc', '_id': '63aMZ44BeGvon-ansCYF', '_version': 1, 'result': 'created', '_shards': {'total': 2, 'successful': 1, 'failed': 0}, '_seq_no': 139, '_primary_term': 1}
[2024-03-22T19:04:17.195+0000] {base.py:271} INFO - POST http://elasticsearch:9200/milestone/doc [status:201 request:0.017s]
[2024-03-22T19:04:17.196+0000] {logging_mixin.py:115} INFO - {'_index': 'milestone', '_type': 'doc', '_id': '7naMZ44BeGvon-ansCYc', '_version': 1, 'result': 'created', '_shards': {'total': 2, 'successful': 1, 'failed': 0}, '_seq_no': 141, '_primary_term': 1}
[2024-03-22T19:04:17.210+0000] {base.py:271} INFO - POST http://elasticsearch:9200/milestone/doc [status:201 request:0.014s]
[2024-03-22T19:04:17.211+0000] {logging_mixin.py:115} INFO - {'_index': 'milestone', '_type': 'doc', '_id': '73aMZ44BeGvon-ansCYw', '_version': 1, 'result': 'created', '_shards': {'total': 2, 'successful': 1, 'failed': 0}, '_seq_no': 143, '_primary_term': 1}
[2024-03-22T19:04:17.220+0000] {base.py:271} INFO - POST http://elasticsearch:9200/milestone/doc [status:201 request:0.009s]
[2024-03-22T19:04:17.221+0000] {logging_mixin.py:115} INFO - {'_index': 'milestone', '_type': 'doc', '_id': '8XaMZ44BeGvon-ansCY-', '_version': 1, 'result': 'created', '_shards': {'total': 2, 'successful': 1, 'failed': 0}, '_seq_no': 145, '_primary_term': 1}
[2024-03-22T19:04:17.255+0000] {base.py:271} INFO - POST http://elasticsearch:9200/milestone/doc [status:201 request:0.034s]
[2024-03-22T19:04:17.256+0000] {logging_mixin.py:115} INFO - {'_index': 'milestone', '_type': 'doc', '_id': '9HaMZ44BeGvon-ansCZJ', '_version': 1, 'result': 'created', '_shards': {'total': 2, 'successful': 1, 'failed': 0}, '_seq_no': 147, '_primary_term': 1}
[2024-03-22T19:04:17.272+0000] {base.py:271} INFO - POST http://elasticsearch:9200/milestone/doc [status:201 request:0.015s]
[2024-03-22T19:04:17.275+0000] {logging_mixin.py:115} INFO - {'_index': 'milestone', '_type': 'doc', '_id': '9naMZ44BeGvon-ansCZs', '_version': 1, 'result': 'created', '_shards': {'total': 2, 'successful': 1, 'failed': 0}, '_seq_no': 148, '_primary_term': 1}
[2024-03-22T19:04:17.305+0000] {base.py:271} INFO - POST http://elasticsearch:9200/milestone/doc [status:201 request:0.029s]
[2024-03-22T19:04:17.306+0000] {logging_mixin.py:115} INFO - {'_index': 'milestone', '_type': 'doc', '_id': '-HaMZ44BeGvon-ansCaP', '_version': 1, 'result': 'created', '_shards': {'total': 2, 'successful': 1, 'failed': 0}, '_seq_no': 151, '_primary_term': 1}
[2024-03-22T19:04:17.314+0000] {base.py:271} INFO - POST http://elasticsearch:9200/milestone/doc [status:201 request:0.007s]
[2024-03-22T19:04:17.315+0000] {logging_mixin.py:115} INFO - {'_index': 'milestone', '_type': 'doc', '_id': '-naMZ44BeGvon-ansCae', '_version': 1, 'result': 'created', '_shards': {'total': 2, 'successful': 1, 'failed': 0}, '_seq_no': 152, '_primary_term': 1}
[2024-03-22T19:04:17.326+0000] {base.py:271} INFO - POST http://elasticsearch:9200/milestone/doc [status:201 request:0.010s]
[2024-03-22T19:04:17.327+0000] {logging_mixin.py:115} INFO - {'_index': 'milestone', '_type': 'doc', '_id': '-3aMZ44BeGvon-ansCal', '_version': 1, 'result': 'created', '_shards': {'total': 2, 'successful': 1, 'failed': 0}, '_seq_no': 155, '_primary_term': 1}
[2024-03-22T19:04:17.344+0000] {base.py:271} INFO - POST http://elasticsearch:9200/milestone/doc [status:201 request:0.016s]
[2024-03-22T19:04:17.344+0000] {logging_mixin.py:115} INFO - {'_index': 'milestone', '_type': 'doc', '_id': '_naMZ44BeGvon-ansCa0', '_version': 1, 'result': 'created', '_shards': {'total': 2, 'successful': 1, 'failed': 0}, '_seq_no': 156, '_primary_term': 1}
[2024-03-22T19:04:17.365+0000] {base.py:271} INFO - POST http://elasticsearch:9200/milestone/doc [status:201 request:0.019s]
[2024-03-22T19:04:17.369+0000] {logging_mixin.py:115} INFO - {'_index': 'milestone', '_type': 'doc', '_id': 'AHaMZ44BeGvon-ansCfD', '_version': 1, 'result': 'created', '_shards': {'total': 2, 'successful': 1, 'failed': 0}, '_seq_no': 159, '_primary_term': 1}
[2024-03-22T19:04:17.387+0000] {base.py:271} INFO - POST http://elasticsearch:9200/milestone/doc [status:201 request:0.017s]
[2024-03-22T19:04:17.390+0000] {logging_mixin.py:115} INFO - {'_index': 'milestone', '_type': 'doc', '_id': 'AXaMZ44BeGvon-ansCfe', '_version': 1, 'result': 'created', '_shards': {'total': 2, 'successful': 1, 'failed': 0}, '_seq_no': 161, '_primary_term': 1}
[2024-03-22T19:04:17.420+0000] {base.py:271} INFO - POST http://elasticsearch:9200/milestone/doc [status:201 request:0.028s]
[2024-03-22T19:04:17.423+0000] {logging_mixin.py:115} INFO - {'_index': 'milestone', '_type': 'doc', '_id': 'A3aMZ44BeGvon-ansCfz', '_version': 1, 'result': 'created', '_shards': {'total': 2, 'successful': 1, 'failed': 0}, '_seq_no': 162, '_primary_term': 1}
[2024-03-22T19:04:17.465+0000] {base.py:271} INFO - POST http://elasticsearch:9200/milestone/doc [status:201 request:0.035s]
[2024-03-22T19:04:17.466+0000] {logging_mixin.py:115} INFO - {'_index': 'milestone', '_type': 'doc', '_id': 'BnaMZ44BeGvon-ansScd', '_version': 1, 'result': 'created', '_shards': {'total': 2, 'successful': 1, 'failed': 0}, '_seq_no': 165, '_primary_term': 1}
[2024-03-22T19:04:17.480+0000] {base.py:271} INFO - POST http://elasticsearch:9200/milestone/doc [status:201 request:0.012s]
[2024-03-22T19:04:17.481+0000] {logging_mixin.py:115} INFO - {'_index': 'milestone', '_type': 'doc', '_id': 'CHaMZ44BeGvon-ansSc-', '_version': 1, 'result': 'created', '_shards': {'total': 2, 'successful': 1, 'failed': 0}, '_seq_no': 167, '_primary_term': 1}
[2024-03-22T19:04:17.499+0000] {base.py:271} INFO - POST http://elasticsearch:9200/milestone/doc [status:201 request:0.017s]
[2024-03-22T19:04:17.501+0000] {logging_mixin.py:115} INFO - {'_index': 'milestone', '_type': 'doc', '_id': 'CnaMZ44BeGvon-ansSdM', '_version': 1, 'result': 'created', '_shards': {'total': 2, 'successful': 1, 'failed': 0}, '_seq_no': 168, '_primary_term': 1}
[2024-03-22T19:04:17.543+0000] {base.py:271} INFO - POST http://elasticsearch:9200/milestone/doc [status:201 request:0.039s]
[2024-03-22T19:04:17.545+0000] {logging_mixin.py:115} INFO - {'_index': 'milestone', '_type': 'doc', '_id': 'C3aMZ44BeGvon-ansSdx', '_version': 1, 'result': 'created', '_shards': {'total': 2, 'successful': 1, 'failed': 0}, '_seq_no': 171, '_primary_term': 1}
[2024-03-22T19:04:18.440+0000] {base.py:271} INFO - POST http://elasticsearch:9200/milestone/doc [status:201 request:0.893s]
[2024-03-22T19:04:18.444+0000] {logging_mixin.py:115} INFO - {'_index': 'milestone', '_type': 'doc', '_id': 'DnaMZ44BeGvon-ansSeO', '_version': 1, 'result': 'created', '_shards': {'total': 2, 'successful': 1, 'failed': 0}, '_seq_no': 173, '_primary_term': 1}
[2024-03-22T19:04:18.498+0000] {base.py:271} INFO - POST http://elasticsearch:9200/milestone/doc [status:201 request:0.049s]
[2024-03-22T19:04:18.500+0000] {logging_mixin.py:115} INFO - {'_index': 'milestone', '_type': 'doc', '_id': 'E3aMZ44BeGvon-antScT', '_version': 1, 'result': 'created', '_shards': {'total': 2, 'successful': 1, 'failed': 0}, '_seq_no': 178, '_primary_term': 1}
[2024-03-22T19:04:18.587+0000] {base.py:271} INFO - POST http://elasticsearch:9200/milestone/doc [status:201 request:0.084s]
[2024-03-22T19:04:18.602+0000] {logging_mixin.py:115} INFO - {'_index': 'milestone', '_type': 'doc', '_id': 'FXaMZ44BeGvon-antSdI', '_version': 1, 'result': 'created', '_shards': {'total': 2, 'successful': 1, 'failed': 0}, '_seq_no': 181, '_primary_term': 1}
[2024-03-22T19:04:18.637+0000] {base.py:271} INFO - POST http://elasticsearch:9200/milestone/doc [status:201 request:0.025s]
[2024-03-22T19:04:18.641+0000] {logging_mixin.py:115} INFO - {'_index': 'milestone', '_type': 'doc', '_id': 'F3aMZ44BeGvon-antSe4', '_version': 1, 'result': 'created', '_shards': {'total': 2, 'successful': 1, 'failed': 0}, '_seq_no': 182, '_primary_term': 1}
[2024-03-22T19:04:18.695+0000] {base.py:271} INFO - POST http://elasticsearch:9200/milestone/doc [status:201 request:0.051s]
[2024-03-22T19:04:18.696+0000] {logging_mixin.py:115} INFO - {'_index': 'milestone', '_type': 'doc', '_id': 'GXaMZ44BeGvon-antSfs', '_version': 1, 'result': 'created', '_shards': {'total': 2, 'successful': 1, 'failed': 0}, '_seq_no': 184, '_primary_term': 1}
[2024-03-22T19:04:18.737+0000] {base.py:271} INFO - POST http://elasticsearch:9200/milestone/doc [status:201 request:0.039s]
[2024-03-22T19:04:18.746+0000] {logging_mixin.py:115} INFO - {'_index': 'milestone', '_type': 'doc', '_id': 'G3aMZ44BeGvon-anticM', '_version': 1, 'result': 'created', '_shards': {'total': 2, 'successful': 1, 'failed': 0}, '_seq_no': 186, '_primary_term': 1}
[2024-03-22T19:04:18.779+0000] {base.py:271} INFO - POST http://elasticsearch:9200/milestone/doc [status:201 request:0.028s]
[2024-03-22T19:04:18.779+0000] {logging_mixin.py:115} INFO - {'_index': 'milestone', '_type': 'doc', '_id': 'HXaMZ44BeGvon-antidD', '_version': 1, 'result': 'created', '_shards': {'total': 2, 'successful': 1, 'failed': 0}, '_seq_no': 188, '_primary_term': 1}
[2024-03-22T19:04:18.805+0000] {base.py:271} INFO - POST http://elasticsearch:9200/milestone/doc [status:201 request:0.025s]
[2024-03-22T19:04:18.806+0000] {logging_mixin.py:115} INFO - {'_index': 'milestone', '_type': 'doc', '_id': 'HnaMZ44BeGvon-antidf', '_version': 1, 'result': 'created', '_shards': {'total': 2, 'successful': 1, 'failed': 0}, '_seq_no': 189, '_primary_term': 1}
[2024-03-22T19:04:18.837+0000] {base.py:271} INFO - POST http://elasticsearch:9200/milestone/doc [status:201 request:0.030s]
[2024-03-22T19:04:18.839+0000] {logging_mixin.py:115} INFO - {'_index': 'milestone', '_type': 'doc', '_id': 'IHaMZ44BeGvon-antid6', '_version': 1, 'result': 'created', '_shards': {'total': 2, 'successful': 1, 'failed': 0}, '_seq_no': 191, '_primary_term': 1}
[2024-03-22T19:04:18.893+0000] {base.py:271} INFO - POST http://elasticsearch:9200/milestone/doc [status:201 request:0.051s]
[2024-03-22T19:04:18.894+0000] {logging_mixin.py:115} INFO - {'_index': 'milestone', '_type': 'doc', '_id': 'InaMZ44BeGvon-antiej', '_version': 1, 'result': 'created', '_shards': {'total': 2, 'successful': 1, 'failed': 0}, '_seq_no': 193, '_primary_term': 1}
[2024-03-22T19:04:18.926+0000] {base.py:271} INFO - POST http://elasticsearch:9200/milestone/doc [status:201 request:0.031s]
[2024-03-22T19:04:18.927+0000] {logging_mixin.py:115} INFO - {'_index': 'milestone', '_type': 'doc', '_id': 'JHaMZ44BeGvon-antifb', '_version': 1, 'result': 'created', '_shards': {'total': 2, 'successful': 1, 'failed': 0}, '_seq_no': 195, '_primary_term': 1}
[2024-03-22T19:04:19.012+0000] {base.py:271} INFO - POST http://elasticsearch:9200/milestone/doc [status:201 request:0.084s]
[2024-03-22T19:04:19.014+0000] {logging_mixin.py:115} INFO - {'_index': 'milestone', '_type': 'doc', '_id': 'JnaMZ44BeGvon-antycS', '_version': 1, 'result': 'created', '_shards': {'total': 2, 'successful': 1, 'failed': 0}, '_seq_no': 197, '_primary_term': 1}
[2024-03-22T19:04:19.042+0000] {base.py:271} INFO - POST http://elasticsearch:9200/milestone/doc [status:201 request:0.024s]
[2024-03-22T19:04:19.045+0000] {logging_mixin.py:115} INFO - {'_index': 'milestone', '_type': 'doc', '_id': 'KXaMZ44BeGvon-antydS', '_version': 1, 'result': 'created', '_shards': {'total': 2, 'successful': 1, 'failed': 0}, '_seq_no': 200, '_primary_term': 1}
[2024-03-22T19:04:19.063+0000] {base.py:271} INFO - POST http://elasticsearch:9200/milestone/doc [status:201 request:0.017s]
[2024-03-22T19:04:19.064+0000] {logging_mixin.py:115} INFO - {'_index': 'milestone', '_type': 'doc', '_id': 'K3aMZ44BeGvon-antydp', '_version': 1, 'result': 'created', '_shards': {'total': 2, 'successful': 1, 'failed': 0}, '_seq_no': 202, '_primary_term': 1}
[2024-03-22T19:04:19.079+0000] {base.py:271} INFO - POST http://elasticsearch:9200/milestone/doc [status:201 request:0.012s]
[2024-03-22T19:04:19.080+0000] {logging_mixin.py:115} INFO - {'_index': 'milestone', '_type': 'doc', '_id': 'LXaMZ44BeGvon-antyeB', '_version': 1, 'result': 'created', '_shards': {'total': 2, 'successful': 1, 'failed': 0}, '_seq_no': 204, '_primary_term': 1}
[2024-03-22T19:04:19.116+0000] {base.py:271} INFO - POST http://elasticsearch:9200/milestone/doc [status:201 request:0.032s]
[2024-03-22T19:04:19.117+0000] {logging_mixin.py:115} INFO - {'_index': 'milestone', '_type': 'doc', '_id': 'L3aMZ44BeGvon-antyeX', '_version': 1, 'result': 'created', '_shards': {'total': 2, 'successful': 1, 'failed': 0}, '_seq_no': 206, '_primary_term': 1}
[2024-03-22T19:04:19.132+0000] {base.py:271} INFO - POST http://elasticsearch:9200/milestone/doc [status:201 request:0.014s]
[2024-03-22T19:04:19.133+0000] {logging_mixin.py:115} INFO - {'_index': 'milestone', '_type': 'doc', '_id': 'MnaMZ44BeGvon-antyev', '_version': 1, 'result': 'created', '_shards': {'total': 2, 'successful': 1, 'failed': 0}, '_seq_no': 208, '_primary_term': 1}
[2024-03-22T19:04:19.144+0000] {base.py:271} INFO - POST http://elasticsearch:9200/milestone/doc [status:201 request:0.010s]
[2024-03-22T19:04:19.145+0000] {logging_mixin.py:115} INFO - {'_index': 'milestone', '_type': 'doc', '_id': 'NHaMZ44BeGvon-antye_', '_version': 1, 'result': 'created', '_shards': {'total': 2, 'successful': 1, 'failed': 0}, '_seq_no': 211, '_primary_term': 1}
[2024-03-22T19:04:19.162+0000] {base.py:271} INFO - POST http://elasticsearch:9200/milestone/doc [status:201 request:0.017s]
[2024-03-22T19:04:19.166+0000] {logging_mixin.py:115} INFO - {'_index': 'milestone', '_type': 'doc', '_id': 'NXaMZ44BeGvon-antyfL', '_version': 1, 'result': 'created', '_shards': {'total': 2, 'successful': 1, 'failed': 0}, '_seq_no': 213, '_primary_term': 1}
[2024-03-22T19:04:19.351+0000] {base.py:271} INFO - POST http://elasticsearch:9200/milestone/doc [status:201 request:0.182s]
[2024-03-22T19:04:19.436+0000] {logging_mixin.py:115} INFO - {'_index': 'milestone', '_type': 'doc', '_id': 'N3aMZ44BeGvon-antyfi', '_version': 1, 'result': 'created', '_shards': {'total': 2, 'successful': 1, 'failed': 0}, '_seq_no': 214, '_primary_term': 1}
[2024-03-22T19:04:19.771+0000] {base.py:271} INFO - POST http://elasticsearch:9200/milestone/doc [status:201 request:0.304s]
[2024-03-22T19:04:19.775+0000] {logging_mixin.py:115} INFO - {'_index': 'milestone', '_type': 'doc', '_id': 'OnaMZ44BeGvon-anuSdR', '_version': 1, 'result': 'created', '_shards': {'total': 2, 'successful': 1, 'failed': 0}, '_seq_no': 217, '_primary_term': 1}
[2024-03-22T19:04:20.202+0000] {base.py:271} INFO - POST http://elasticsearch:9200/milestone/doc [status:201 request:0.423s]
[2024-03-22T19:04:20.205+0000] {logging_mixin.py:115} INFO - {'_index': 'milestone', '_type': 'doc', '_id': 'O3aMZ44BeGvon-anuid6', '_version': 1, 'result': 'created', '_shards': {'total': 2, 'successful': 1, 'failed': 0}, '_seq_no': 218, '_primary_term': 1}
[2024-03-22T19:04:21.303+0000] {base.py:271} INFO - POST http://elasticsearch:9200/milestone/doc [status:201 request:1.082s]
[2024-03-22T19:04:21.314+0000] {logging_mixin.py:115} INFO - {'_index': 'milestone', '_type': 'doc', '_id': 'PHaMZ44BeGvon-anvidX', '_version': 1, 'result': 'created', '_shards': {'total': 2, 'successful': 1, 'failed': 0}, '_seq_no': 219, '_primary_term': 1}
[2024-03-22T19:04:21.416+0000] {base.py:271} INFO - POST http://elasticsearch:9200/milestone/doc [status:201 request:0.081s]
[2024-03-22T19:04:21.418+0000] {logging_mixin.py:115} INFO - {'_index': 'milestone', '_type': 'doc', '_id': 'PnaMZ44BeGvon-anwCdp', '_version': 1, 'result': 'created', '_shards': {'total': 2, 'successful': 1, 'failed': 0}, '_seq_no': 221, '_primary_term': 1}
[2024-03-22T19:04:21.470+0000] {base.py:271} INFO - POST http://elasticsearch:9200/milestone/doc [status:201 request:0.051s]
[2024-03-22T19:04:21.474+0000] {logging_mixin.py:115} INFO - {'_index': 'milestone', '_type': 'doc', '_id': 'QHaMZ44BeGvon-anwCe1', '_version': 1, 'result': 'created', '_shards': {'total': 2, 'successful': 1, 'failed': 0}, '_seq_no': 223, '_primary_term': 1}
[2024-03-22T19:04:21.492+0000] {base.py:271} INFO - POST http://elasticsearch:9200/milestone/doc [status:201 request:0.015s]
[2024-03-22T19:04:21.493+0000] {logging_mixin.py:115} INFO - {'_index': 'milestone', '_type': 'doc', '_id': 'QnaMZ44BeGvon-anwCfp', '_version': 1, 'result': 'created', '_shards': {'total': 2, 'successful': 1, 'failed': 0}, '_seq_no': 225, '_primary_term': 1}
[2024-03-22T19:04:21.508+0000] {base.py:271} INFO - POST http://elasticsearch:9200/milestone/doc [status:201 request:0.015s]
[2024-03-22T19:04:21.509+0000] {logging_mixin.py:115} INFO - {'_index': 'milestone', '_type': 'doc', '_id': 'RHaMZ44BeGvon-anwCf4', '_version': 1, 'result': 'created', '_shards': {'total': 2, 'successful': 1, 'failed': 0}, '_seq_no': 227, '_primary_term': 1}
[2024-03-22T19:04:21.521+0000] {base.py:271} INFO - POST http://elasticsearch:9200/milestone/doc [status:201 request:0.011s]
[2024-03-22T19:04:21.523+0000] {logging_mixin.py:115} INFO - {'_index': 'milestone', '_type': 'doc', '_id': 'RXaMZ44BeGvon-anwScI', '_version': 1, 'result': 'created', '_shards': {'total': 2, 'successful': 1, 'failed': 0}, '_seq_no': 228, '_primary_term': 1}
[2024-03-22T19:04:21.582+0000] {base.py:271} INFO - POST http://elasticsearch:9200/milestone/doc [status:201 request:0.056s]
[2024-03-22T19:04:21.589+0000] {logging_mixin.py:115} INFO - {'_index': 'milestone', '_type': 'doc', '_id': 'R3aMZ44BeGvon-anwScu', '_version': 1, 'result': 'created', '_shards': {'total': 2, 'successful': 1, 'failed': 0}, '_seq_no': 230, '_primary_term': 1}
[2024-03-22T19:04:21.656+0000] {base.py:271} INFO - POST http://elasticsearch:9200/milestone/doc [status:201 request:0.065s]
[2024-03-22T19:04:21.659+0000] {logging_mixin.py:115} INFO - {'_index': 'milestone', '_type': 'doc', '_id': 'SnaMZ44BeGvon-anwSds', '_version': 1, 'result': 'created', '_shards': {'total': 2, 'successful': 1, 'failed': 0}, '_seq_no': 233, '_primary_term': 1}
[2024-03-22T19:04:21.729+0000] {base.py:271} INFO - POST http://elasticsearch:9200/milestone/doc [status:201 request:0.043s]
[2024-03-22T19:04:21.734+0000] {logging_mixin.py:115} INFO - {'_index': 'milestone', '_type': 'doc', '_id': 'THaMZ44BeGvon-anwSfJ', '_version': 1, 'result': 'created', '_shards': {'total': 2, 'successful': 1, 'failed': 0}, '_seq_no': 235, '_primary_term': 1}
[2024-03-22T19:04:21.782+0000] {base.py:271} INFO - POST http://elasticsearch:9200/milestone/doc [status:201 request:0.039s]
[2024-03-22T19:04:21.787+0000] {logging_mixin.py:115} INFO - {'_index': 'milestone', '_type': 'doc', '_id': 'TXaMZ44BeGvon-anwSf3', '_version': 1, 'result': 'created', '_shards': {'total': 2, 'successful': 1, 'failed': 0}, '_seq_no': 236, '_primary_term': 1}
[2024-03-22T19:04:21.851+0000] {base.py:271} INFO - POST http://elasticsearch:9200/milestone/doc [status:201 request:0.057s]
[2024-03-22T19:04:21.854+0000] {logging_mixin.py:115} INFO - {'_index': 'milestone', '_type': 'doc', '_id': 'UHaMZ44BeGvon-anwicv', '_version': 1, 'result': 'created', '_shards': {'total': 2, 'successful': 1, 'failed': 0}, '_seq_no': 238, '_primary_term': 1}
[2024-03-22T19:04:21.947+0000] {base.py:271} INFO - POST http://elasticsearch:9200/milestone/doc [status:201 request:0.068s]
[2024-03-22T19:04:21.949+0000] {logging_mixin.py:115} INFO - {'_index': 'milestone', '_type': 'doc', '_id': 'UnaMZ44BeGvon-anwieZ', '_version': 1, 'result': 'created', '_shards': {'total': 2, 'successful': 1, 'failed': 0}, '_seq_no': 241, '_primary_term': 1}
[2024-03-22T19:04:22.180+0000] {base.py:271} INFO - POST http://elasticsearch:9200/milestone/doc [status:201 request:0.211s]
[2024-03-22T19:04:22.187+0000] {logging_mixin.py:115} INFO - {'_index': 'milestone', '_type': 'doc', '_id': 'U3aMZ44BeGvon-anwycH', '_version': 1, 'result': 'created', '_shards': {'total': 2, 'successful': 1, 'failed': 0}, '_seq_no': 243, '_primary_term': 1}
[2024-03-22T19:04:23.092+0000] {base.py:299} WARNING - POST http://elasticsearch:9200/milestone/doc [status:N/A request:0.900s]
Traceback (most recent call last):
  File "/home/airflow/.local/lib/python3.7/site-packages/urllib3/connectionpool.py", line 710, in urlopen
    chunked=chunked,
  File "/home/airflow/.local/lib/python3.7/site-packages/urllib3/connectionpool.py", line 449, in _make_request
    six.raise_from(e, None)
  File "<string>", line 3, in raise_from
  File "/home/airflow/.local/lib/python3.7/site-packages/urllib3/connectionpool.py", line 444, in _make_request
    httplib_response = conn.getresponse()
  File "/usr/local/lib/python3.7/http/client.py", line 1373, in getresponse
    response.begin()
  File "/usr/local/lib/python3.7/http/client.py", line 319, in begin
    version, status, reason = self._read_status()
  File "/usr/local/lib/python3.7/http/client.py", line 288, in _read_status
    raise RemoteDisconnected("Remote end closed connection without"
http.client.RemoteDisconnected: Remote end closed connection without response

During handling of the above exception, another exception occurred:

Traceback (most recent call last):
  File "/home/airflow/.local/lib/python3.7/site-packages/elasticsearch/connection/http_urllib3.py", line 252, in perform_request
    method, url, body, retries=Retry(False), headers=request_headers, **kw
  File "/home/airflow/.local/lib/python3.7/site-packages/urllib3/connectionpool.py", line 788, in urlopen
    method, url, error=e, _pool=self, _stacktrace=sys.exc_info()[2]
  File "/home/airflow/.local/lib/python3.7/site-packages/urllib3/util/retry.py", line 525, in increment
    raise six.reraise(type(error), error, _stacktrace)
  File "/home/airflow/.local/lib/python3.7/site-packages/urllib3/packages/six.py", line 769, in reraise
    raise value.with_traceback(tb)
  File "/home/airflow/.local/lib/python3.7/site-packages/urllib3/connectionpool.py", line 710, in urlopen
    chunked=chunked,
  File "/home/airflow/.local/lib/python3.7/site-packages/urllib3/connectionpool.py", line 449, in _make_request
    six.raise_from(e, None)
  File "<string>", line 3, in raise_from
  File "/home/airflow/.local/lib/python3.7/site-packages/urllib3/connectionpool.py", line 444, in _make_request
    httplib_response = conn.getresponse()
  File "/usr/local/lib/python3.7/http/client.py", line 1373, in getresponse
    response.begin()
  File "/usr/local/lib/python3.7/http/client.py", line 319, in begin
    version, status, reason = self._read_status()
  File "/usr/local/lib/python3.7/http/client.py", line 288, in _read_status
    raise RemoteDisconnected("Remote end closed connection without"
urllib3.exceptions.ProtocolError: ('Connection aborted.', RemoteDisconnected('Remote end closed connection without response'))
[2024-03-22T19:04:23.221+0000] {base.py:299} WARNING - POST http://elasticsearch:9200/milestone/doc [status:N/A request:0.045s]
Traceback (most recent call last):
  File "/home/airflow/.local/lib/python3.7/site-packages/urllib3/connection.py", line 175, in _new_conn
    (self._dns_host, self.port), self.timeout, **extra_kw
  File "/home/airflow/.local/lib/python3.7/site-packages/urllib3/util/connection.py", line 95, in create_connection
    raise err
  File "/home/airflow/.local/lib/python3.7/site-packages/urllib3/util/connection.py", line 85, in create_connection
    sock.connect(sa)
ConnectionRefusedError: [Errno 111] Connection refused

During handling of the above exception, another exception occurred:

Traceback (most recent call last):
  File "/home/airflow/.local/lib/python3.7/site-packages/elasticsearch/connection/http_urllib3.py", line 252, in perform_request
    method, url, body, retries=Retry(False), headers=request_headers, **kw
  File "/home/airflow/.local/lib/python3.7/site-packages/urllib3/connectionpool.py", line 788, in urlopen
    method, url, error=e, _pool=self, _stacktrace=sys.exc_info()[2]
  File "/home/airflow/.local/lib/python3.7/site-packages/urllib3/util/retry.py", line 525, in increment
    raise six.reraise(type(error), error, _stacktrace)
  File "/home/airflow/.local/lib/python3.7/site-packages/urllib3/packages/six.py", line 770, in reraise
    raise value
  File "/home/airflow/.local/lib/python3.7/site-packages/urllib3/connectionpool.py", line 710, in urlopen
    chunked=chunked,
  File "/home/airflow/.local/lib/python3.7/site-packages/urllib3/connectionpool.py", line 398, in _make_request
    conn.request(method, url, **httplib_request_kw)
  File "/home/airflow/.local/lib/python3.7/site-packages/urllib3/connection.py", line 239, in request
    super(HTTPConnection, self).request(method, url, body=body, headers=headers)
  File "/usr/local/lib/python3.7/http/client.py", line 1281, in request
    self._send_request(method, url, body, headers, encode_chunked)
  File "/usr/local/lib/python3.7/http/client.py", line 1327, in _send_request
    self.endheaders(body, encode_chunked=encode_chunked)
  File "/usr/local/lib/python3.7/http/client.py", line 1276, in endheaders
    self._send_output(message_body, encode_chunked=encode_chunked)
  File "/usr/local/lib/python3.7/http/client.py", line 1036, in _send_output
    self.send(msg)
  File "/usr/local/lib/python3.7/http/client.py", line 976, in send
    self.connect()
  File "/home/airflow/.local/lib/python3.7/site-packages/urllib3/connection.py", line 205, in connect
    conn = self._new_conn()
  File "/home/airflow/.local/lib/python3.7/site-packages/urllib3/connection.py", line 187, in _new_conn
    self, "Failed to establish a new connection: %s" % e
urllib3.exceptions.NewConnectionError: <urllib3.connection.HTTPConnection object at 0xffff621706d0>: Failed to establish a new connection: [Errno 111] Connection refused
[2024-03-22T19:04:23.250+0000] {base.py:299} WARNING - POST http://elasticsearch:9200/milestone/doc [status:N/A request:0.005s]
Traceback (most recent call last):
  File "/home/airflow/.local/lib/python3.7/site-packages/urllib3/connection.py", line 175, in _new_conn
    (self._dns_host, self.port), self.timeout, **extra_kw
  File "/home/airflow/.local/lib/python3.7/site-packages/urllib3/util/connection.py", line 95, in create_connection
    raise err
  File "/home/airflow/.local/lib/python3.7/site-packages/urllib3/util/connection.py", line 85, in create_connection
    sock.connect(sa)
ConnectionRefusedError: [Errno 111] Connection refused

During handling of the above exception, another exception occurred:

Traceback (most recent call last):
  File "/home/airflow/.local/lib/python3.7/site-packages/elasticsearch/connection/http_urllib3.py", line 252, in perform_request
    method, url, body, retries=Retry(False), headers=request_headers, **kw
  File "/home/airflow/.local/lib/python3.7/site-packages/urllib3/connectionpool.py", line 788, in urlopen
    method, url, error=e, _pool=self, _stacktrace=sys.exc_info()[2]
  File "/home/airflow/.local/lib/python3.7/site-packages/urllib3/util/retry.py", line 525, in increment
    raise six.reraise(type(error), error, _stacktrace)
  File "/home/airflow/.local/lib/python3.7/site-packages/urllib3/packages/six.py", line 770, in reraise
    raise value
  File "/home/airflow/.local/lib/python3.7/site-packages/urllib3/connectionpool.py", line 710, in urlopen
    chunked=chunked,
  File "/home/airflow/.local/lib/python3.7/site-packages/urllib3/connectionpool.py", line 398, in _make_request
    conn.request(method, url, **httplib_request_kw)
  File "/home/airflow/.local/lib/python3.7/site-packages/urllib3/connection.py", line 239, in request
    super(HTTPConnection, self).request(method, url, body=body, headers=headers)
  File "/usr/local/lib/python3.7/http/client.py", line 1281, in request
    self._send_request(method, url, body, headers, encode_chunked)
  File "/usr/local/lib/python3.7/http/client.py", line 1327, in _send_request
    self.endheaders(body, encode_chunked=encode_chunked)
  File "/usr/local/lib/python3.7/http/client.py", line 1276, in endheaders
    self._send_output(message_body, encode_chunked=encode_chunked)
  File "/usr/local/lib/python3.7/http/client.py", line 1036, in _send_output
    self.send(msg)
  File "/usr/local/lib/python3.7/http/client.py", line 976, in send
    self.connect()
  File "/home/airflow/.local/lib/python3.7/site-packages/urllib3/connection.py", line 205, in connect
    conn = self._new_conn()
  File "/home/airflow/.local/lib/python3.7/site-packages/urllib3/connection.py", line 187, in _new_conn
    self, "Failed to establish a new connection: %s" % e
urllib3.exceptions.NewConnectionError: <urllib3.connection.HTTPConnection object at 0xffff620d67d0>: Failed to establish a new connection: [Errno 111] Connection refused
[2024-03-22T19:04:23.285+0000] {base.py:299} WARNING - POST http://elasticsearch:9200/milestone/doc [status:N/A request:0.002s]
Traceback (most recent call last):
  File "/home/airflow/.local/lib/python3.7/site-packages/urllib3/connection.py", line 175, in _new_conn
    (self._dns_host, self.port), self.timeout, **extra_kw
  File "/home/airflow/.local/lib/python3.7/site-packages/urllib3/util/connection.py", line 95, in create_connection
    raise err
  File "/home/airflow/.local/lib/python3.7/site-packages/urllib3/util/connection.py", line 85, in create_connection
    sock.connect(sa)
ConnectionRefusedError: [Errno 111] Connection refused

During handling of the above exception, another exception occurred:

Traceback (most recent call last):
  File "/home/airflow/.local/lib/python3.7/site-packages/elasticsearch/connection/http_urllib3.py", line 252, in perform_request
    method, url, body, retries=Retry(False), headers=request_headers, **kw
  File "/home/airflow/.local/lib/python3.7/site-packages/urllib3/connectionpool.py", line 788, in urlopen
    method, url, error=e, _pool=self, _stacktrace=sys.exc_info()[2]
  File "/home/airflow/.local/lib/python3.7/site-packages/urllib3/util/retry.py", line 525, in increment
    raise six.reraise(type(error), error, _stacktrace)
  File "/home/airflow/.local/lib/python3.7/site-packages/urllib3/packages/six.py", line 770, in reraise
    raise value
  File "/home/airflow/.local/lib/python3.7/site-packages/urllib3/connectionpool.py", line 710, in urlopen
    chunked=chunked,
  File "/home/airflow/.local/lib/python3.7/site-packages/urllib3/connectionpool.py", line 398, in _make_request
    conn.request(method, url, **httplib_request_kw)
  File "/home/airflow/.local/lib/python3.7/site-packages/urllib3/connection.py", line 239, in request
    super(HTTPConnection, self).request(method, url, body=body, headers=headers)
  File "/usr/local/lib/python3.7/http/client.py", line 1281, in request
    self._send_request(method, url, body, headers, encode_chunked)
  File "/usr/local/lib/python3.7/http/client.py", line 1327, in _send_request
    self.endheaders(body, encode_chunked=encode_chunked)
  File "/usr/local/lib/python3.7/http/client.py", line 1276, in endheaders
    self._send_output(message_body, encode_chunked=encode_chunked)
  File "/usr/local/lib/python3.7/http/client.py", line 1036, in _send_output
    self.send(msg)
  File "/usr/local/lib/python3.7/http/client.py", line 976, in send
    self.connect()
  File "/home/airflow/.local/lib/python3.7/site-packages/urllib3/connection.py", line 205, in connect
    conn = self._new_conn()
  File "/home/airflow/.local/lib/python3.7/site-packages/urllib3/connection.py", line 187, in _new_conn
    self, "Failed to establish a new connection: %s" % e
urllib3.exceptions.NewConnectionError: <urllib3.connection.HTTPConnection object at 0xffff62a79190>: Failed to establish a new connection: [Errno 111] Connection refused
[2024-03-22T19:04:23.291+0000] {taskinstance.py:1902} ERROR - Task failed with exception
Traceback (most recent call last):
  File "/home/airflow/.local/lib/python3.7/site-packages/urllib3/connection.py", line 175, in _new_conn
    (self._dns_host, self.port), self.timeout, **extra_kw
  File "/home/airflow/.local/lib/python3.7/site-packages/urllib3/util/connection.py", line 95, in create_connection
    raise err
  File "/home/airflow/.local/lib/python3.7/site-packages/urllib3/util/connection.py", line 85, in create_connection
    sock.connect(sa)
ConnectionRefusedError: [Errno 111] Connection refused

During handling of the above exception, another exception occurred:

Traceback (most recent call last):
  File "/home/airflow/.local/lib/python3.7/site-packages/elasticsearch/connection/http_urllib3.py", line 252, in perform_request
    method, url, body, retries=Retry(False), headers=request_headers, **kw
  File "/home/airflow/.local/lib/python3.7/site-packages/urllib3/connectionpool.py", line 788, in urlopen
    method, url, error=e, _pool=self, _stacktrace=sys.exc_info()[2]
  File "/home/airflow/.local/lib/python3.7/site-packages/urllib3/util/retry.py", line 525, in increment
    raise six.reraise(type(error), error, _stacktrace)
  File "/home/airflow/.local/lib/python3.7/site-packages/urllib3/packages/six.py", line 770, in reraise
    raise value
  File "/home/airflow/.local/lib/python3.7/site-packages/urllib3/connectionpool.py", line 710, in urlopen
    chunked=chunked,
  File "/home/airflow/.local/lib/python3.7/site-packages/urllib3/connectionpool.py", line 398, in _make_request
    conn.request(method, url, **httplib_request_kw)
  File "/home/airflow/.local/lib/python3.7/site-packages/urllib3/connection.py", line 239, in request
    super(HTTPConnection, self).request(method, url, body=body, headers=headers)
  File "/usr/local/lib/python3.7/http/client.py", line 1281, in request
    self._send_request(method, url, body, headers, encode_chunked)
  File "/usr/local/lib/python3.7/http/client.py", line 1327, in _send_request
    self.endheaders(body, encode_chunked=encode_chunked)
  File "/usr/local/lib/python3.7/http/client.py", line 1276, in endheaders
    self._send_output(message_body, encode_chunked=encode_chunked)
  File "/usr/local/lib/python3.7/http/client.py", line 1036, in _send_output
    self.send(msg)
  File "/usr/local/lib/python3.7/http/client.py", line 976, in send
    self.connect()
  File "/home/airflow/.local/lib/python3.7/site-packages/urllib3/connection.py", line 205, in connect
    conn = self._new_conn()
  File "/home/airflow/.local/lib/python3.7/site-packages/urllib3/connection.py", line 187, in _new_conn
    self, "Failed to establish a new connection: %s" % e
urllib3.exceptions.NewConnectionError: <urllib3.connection.HTTPConnection object at 0xffff62a79190>: Failed to establish a new connection: [Errno 111] Connection refused

During handling of the above exception, another exception occurred:

Traceback (most recent call last):
  File "/home/airflow/.local/lib/python3.7/site-packages/airflow/operators/python.py", line 171, in execute
    return_value = self.execute_callable()
  File "/home/airflow/.local/lib/python3.7/site-packages/airflow/operators/python.py", line 189, in execute_callable
    return self.python_callable(*self.op_args, **self.op_kwargs)
  File "/opt/airflow/dags/P2M3_elia_DAG.py", line 66, in transfer_data
    res=es.index(index="milestone", doc_type = "doc", body=doc)
  File "/home/airflow/.local/lib/python3.7/site-packages/elasticsearch/client/utils.py", line 168, in _wrapped
    return func(*args, params=params, headers=headers, **kwargs)
  File "/home/airflow/.local/lib/python3.7/site-packages/elasticsearch/client/__init__.py", line 411, in index
    body=body,
  File "/home/airflow/.local/lib/python3.7/site-packages/elasticsearch/transport.py", line 413, in perform_request
    raise e
  File "/home/airflow/.local/lib/python3.7/site-packages/elasticsearch/transport.py", line 388, in perform_request
    timeout=timeout,
  File "/home/airflow/.local/lib/python3.7/site-packages/elasticsearch/connection/http_urllib3.py", line 266, in perform_request
    raise ConnectionError("N/A", str(e), e)
elasticsearch.exceptions.ConnectionError: ConnectionError(<urllib3.connection.HTTPConnection object at 0xffff62a79190>: Failed to establish a new connection: [Errno 111] Connection refused) caused by: NewConnectionError(<urllib3.connection.HTTPConnection object at 0xffff62a79190>: Failed to establish a new connection: [Errno 111] Connection refused)
[2024-03-22T19:04:23.484+0000] {taskinstance.py:1412} INFO - Marking task as FAILED. dag_id=milestone3, task_id=transfer_data_to_kibana, execution_date=20240322T190200, start_date=20240322T190414, end_date=20240322T190423
[2024-03-22T19:04:23.594+0000] {standard_task_runner.py:97} ERROR - Failed to execute job 267 for task transfer_data_to_kibana (ConnectionError(<urllib3.connection.HTTPConnection object at 0xffff62a79190>: Failed to establish a new connection: [Errno 111] Connection refused) caused by: NewConnectionError(<urllib3.connection.HTTPConnection object at 0xffff62a79190>: Failed to establish a new connection: [Errno 111] Connection refused); 2242)
[2024-03-22T19:04:23.658+0000] {local_task_job.py:156} INFO - Task exited with return code 1
[2024-03-22T19:04:23.986+0000] {local_task_job.py:279} INFO - 0 downstream tasks scheduled from follow-on schedule check
