[2024-03-22T19:25:13.984+0000] {taskinstance.py:1171} INFO - Dependencies all met for <TaskInstance: milestone3.transfer_data_to_kibana manual__2024-03-22T19:23:44.170923+00:00 [queued]>
[2024-03-22T19:25:13.995+0000] {taskinstance.py:1171} INFO - Dependencies all met for <TaskInstance: milestone3.transfer_data_to_kibana manual__2024-03-22T19:23:44.170923+00:00 [queued]>
[2024-03-22T19:25:13.995+0000] {taskinstance.py:1368} INFO - 
--------------------------------------------------------------------------------
[2024-03-22T19:25:13.995+0000] {taskinstance.py:1369} INFO - Starting attempt 2 of 2
[2024-03-22T19:25:13.996+0000] {taskinstance.py:1370} INFO - 
--------------------------------------------------------------------------------
[2024-03-22T19:25:14.004+0000] {taskinstance.py:1389} INFO - Executing <Task(PythonOperator): transfer_data_to_kibana> on 2024-03-22 19:23:44.170923+00:00
[2024-03-22T19:25:14.013+0000] {standard_task_runner.py:52} INFO - Started process 2631 to run task
[2024-03-22T19:25:14.017+0000] {standard_task_runner.py:79} INFO - Running: ['***', 'tasks', 'run', 'milestone3', 'transfer_data_to_kibana', 'manual__2024-03-22T19:23:44.170923+00:00', '--job-id', '313', '--raw', '--subdir', 'DAGS_FOLDER/P2M3_elia_DAG.py', '--cfg-path', '/tmp/tmp_gxtfvrv', '--error-file', '/tmp/tmp6fw2i_a3']
[2024-03-22T19:25:14.019+0000] {standard_task_runner.py:80} INFO - Job 313: Subtask transfer_data_to_kibana
[2024-03-22T19:25:14.206+0000] {task_command.py:371} INFO - Running <TaskInstance: milestone3.transfer_data_to_kibana manual__2024-03-22T19:23:44.170923+00:00 [running]> on host b79cb602ca97
[2024-03-22T19:25:14.301+0000] {taskinstance.py:1583} INFO - Exporting the following env vars:
AIRFLOW_CTX_DAG_OWNER=elia
AIRFLOW_CTX_DAG_ID=milestone3
AIRFLOW_CTX_TASK_ID=transfer_data_to_kibana
AIRFLOW_CTX_EXECUTION_DATE=2024-03-22T19:23:44.170923+00:00
AIRFLOW_CTX_TRY_NUMBER=2
AIRFLOW_CTX_DAG_RUN_ID=manual__2024-03-22T19:23:44.170923+00:00
[2024-03-22T19:25:14.731+0000] {logging_mixin.py:115} WARNING - /home/***/.local/lib/python3.7/site-packages/elasticsearch/connection/base.py:208 ElasticsearchWarning: [types removal] Specifying types in document index requests is deprecated, use the typeless endpoints instead (/{index}/_doc/{id}, /{index}/_doc, or /{index}/_create/{id}).
[2024-03-22T19:25:14.732+0000] {base.py:271} INFO - POST http://elasticsearch:9200/milestone/doc [status:201 request:0.272s]
[2024-03-22T19:25:14.732+0000] {logging_mixin.py:115} INFO - {'_index': 'milestone', '_type': 'doc', '_id': 'tQOfZ44B12MTX2wB3yWq', '_version': 1, 'result': 'created', '_shards': {'total': 2, 'successful': 1, 'failed': 0}, '_seq_no': 26267, '_primary_term': 10}
[2024-03-22T19:25:14.759+0000] {base.py:271} INFO - POST http://elasticsearch:9200/milestone/doc [status:201 request:0.026s]
[2024-03-22T19:25:14.760+0000] {logging_mixin.py:115} INFO - {'_index': 'milestone', '_type': 'doc', '_id': 'twOfZ44B12MTX2wB4CVy', '_version': 1, 'result': 'created', '_shards': {'total': 2, 'successful': 1, 'failed': 0}, '_seq_no': 26268, '_primary_term': 10}
[2024-03-22T19:25:14.774+0000] {base.py:271} INFO - POST http://elasticsearch:9200/milestone/doc [status:201 request:0.014s]
[2024-03-22T19:25:14.775+0000] {logging_mixin.py:115} INFO - {'_index': 'milestone', '_type': 'doc', '_id': 'uQOfZ44B12MTX2wB4CWK', '_version': 1, 'result': 'created', '_shards': {'total': 2, 'successful': 1, 'failed': 0}, '_seq_no': 26270, '_primary_term': 10}
[2024-03-22T19:25:14.786+0000] {base.py:271} INFO - POST http://elasticsearch:9200/milestone/doc [status:201 request:0.011s]
[2024-03-22T19:25:14.787+0000] {logging_mixin.py:115} INFO - {'_index': 'milestone', '_type': 'doc', '_id': 'vAOfZ44B12MTX2wB4CWY', '_version': 1, 'result': 'created', '_shards': {'total': 2, 'successful': 1, 'failed': 0}, '_seq_no': 26273, '_primary_term': 10}
[2024-03-22T19:25:14.798+0000] {base.py:271} INFO - POST http://elasticsearch:9200/milestone/doc [status:201 request:0.011s]
[2024-03-22T19:25:14.799+0000] {logging_mixin.py:115} INFO - {'_index': 'milestone', '_type': 'doc', '_id': 'vgOfZ44B12MTX2wB4CWn', '_version': 1, 'result': 'created', '_shards': {'total': 2, 'successful': 1, 'failed': 0}, '_seq_no': 26275, '_primary_term': 10}
[2024-03-22T19:25:14.818+0000] {base.py:271} INFO - POST http://elasticsearch:9200/milestone/doc [status:201 request:0.017s]
[2024-03-22T19:25:14.819+0000] {logging_mixin.py:115} INFO - {'_index': 'milestone', '_type': 'doc', '_id': 'wQOfZ44B12MTX2wB4CWy', '_version': 1, 'result': 'created', '_shards': {'total': 2, 'successful': 1, 'failed': 0}, '_seq_no': 26278, '_primary_term': 10}
[2024-03-22T19:25:14.862+0000] {base.py:271} INFO - POST http://elasticsearch:9200/milestone/doc [status:201 request:0.041s]
[2024-03-22T19:25:14.867+0000] {logging_mixin.py:115} INFO - {'_index': 'milestone', '_type': 'doc', '_id': 'wwOfZ44B12MTX2wB4CXI', '_version': 1, 'result': 'created', '_shards': {'total': 2, 'successful': 1, 'failed': 0}, '_seq_no': 26280, '_primary_term': 10}
[2024-03-22T19:25:14.901+0000] {base.py:271} INFO - POST http://elasticsearch:9200/milestone/doc [status:201 request:0.031s]
[2024-03-22T19:25:14.902+0000] {logging_mixin.py:115} INFO - {'_index': 'milestone', '_type': 'doc', '_id': 'xQOfZ44B12MTX2wB4CX6', '_version': 1, 'result': 'created', '_shards': {'total': 2, 'successful': 1, 'failed': 0}, '_seq_no': 26282, '_primary_term': 10}
[2024-03-22T19:25:14.913+0000] {base.py:271} INFO - POST http://elasticsearch:9200/milestone/doc [status:201 request:0.010s]
[2024-03-22T19:25:14.914+0000] {logging_mixin.py:115} INFO - {'_index': 'milestone', '_type': 'doc', '_id': 'xwOfZ44B12MTX2wB4SUY', '_version': 1, 'result': 'created', '_shards': {'total': 2, 'successful': 1, 'failed': 0}, '_seq_no': 26284, '_primary_term': 10}
[2024-03-22T19:25:14.932+0000] {base.py:271} INFO - POST http://elasticsearch:9200/milestone/doc [status:201 request:0.018s]
[2024-03-22T19:25:14.935+0000] {logging_mixin.py:115} INFO - {'_index': 'milestone', '_type': 'doc', '_id': 'yAOfZ44B12MTX2wB4SUl', '_version': 1, 'result': 'created', '_shards': {'total': 2, 'successful': 1, 'failed': 0}, '_seq_no': 26285, '_primary_term': 10}
[2024-03-22T19:25:14.984+0000] {base.py:271} INFO - POST http://elasticsearch:9200/milestone/doc [status:201 request:0.047s]
[2024-03-22T19:25:14.985+0000] {logging_mixin.py:115} INFO - {'_index': 'milestone', '_type': 'doc', '_id': 'ywOfZ44B12MTX2wB4SVA', '_version': 1, 'result': 'created', '_shards': {'total': 2, 'successful': 1, 'failed': 0}, '_seq_no': 26287, '_primary_term': 10}
[2024-03-22T19:25:14.996+0000] {base.py:271} INFO - POST http://elasticsearch:9200/milestone/doc [status:201 request:0.010s]
[2024-03-22T19:25:14.996+0000] {logging_mixin.py:115} INFO - {'_index': 'milestone', '_type': 'doc', '_id': 'zQOfZ44B12MTX2wB4SVt', '_version': 1, 'result': 'created', '_shards': {'total': 2, 'successful': 1, 'failed': 0}, '_seq_no': 26290, '_primary_term': 10}
[2024-03-22T19:25:15.384+0000] {base.py:271} INFO - POST http://elasticsearch:9200/milestone/doc [status:201 request:0.387s]
[2024-03-22T19:25:15.388+0000] {logging_mixin.py:115} INFO - {'_index': 'milestone', '_type': 'doc', '_id': 'zgOfZ44B12MTX2wB4iXm', '_version': 1, 'result': 'created', '_shards': {'total': 2, 'successful': 1, 'failed': 0}, '_seq_no': 26291, '_primary_term': 10}
[2024-03-22T19:25:15.433+0000] {base.py:271} INFO - POST http://elasticsearch:9200/milestone/doc [status:201 request:0.029s]
[2024-03-22T19:25:15.434+0000] {logging_mixin.py:115} INFO - {'_index': 'milestone', '_type': 'doc', '_id': '0QOfZ44B12MTX2wB4yUP', '_version': 1, 'result': 'created', '_shards': {'total': 2, 'successful': 1, 'failed': 0}, '_seq_no': 26294, '_primary_term': 10}
[2024-03-22T19:25:15.445+0000] {base.py:271} INFO - POST http://elasticsearch:9200/milestone/doc [status:201 request:0.010s]
[2024-03-22T19:25:15.447+0000] {logging_mixin.py:115} INFO - {'_index': 'milestone', '_type': 'doc', '_id': '0wOfZ44B12MTX2wB4yUt', '_version': 1, 'result': 'created', '_shards': {'total': 2, 'successful': 1, 'failed': 0}, '_seq_no': 26296, '_primary_term': 10}
[2024-03-22T19:25:15.458+0000] {base.py:271} INFO - POST http://elasticsearch:9200/milestone/doc [status:201 request:0.008s]
[2024-03-22T19:25:15.459+0000] {logging_mixin.py:115} INFO - {'_index': 'milestone', '_type': 'doc', '_id': '1QOfZ44B12MTX2wB4yU9', '_version': 1, 'result': 'created', '_shards': {'total': 2, 'successful': 1, 'failed': 0}, '_seq_no': 26298, '_primary_term': 10}
[2024-03-22T19:25:15.491+0000] {base.py:271} INFO - POST http://elasticsearch:9200/milestone/doc [status:201 request:0.029s]
[2024-03-22T19:25:15.493+0000] {logging_mixin.py:115} INFO - {'_index': 'milestone', '_type': 'doc', '_id': '1wOfZ44B12MTX2wB4yVN', '_version': 1, 'result': 'created', '_shards': {'total': 2, 'successful': 1, 'failed': 0}, '_seq_no': 26300, '_primary_term': 10}
[2024-03-22T19:25:15.517+0000] {base.py:271} INFO - POST http://elasticsearch:9200/milestone/doc [status:201 request:0.019s]
[2024-03-22T19:25:15.518+0000] {logging_mixin.py:115} INFO - {'_index': 'milestone', '_type': 'doc', '_id': '2QOfZ44B12MTX2wB4yVw', '_version': 1, 'result': 'created', '_shards': {'total': 2, 'successful': 1, 'failed': 0}, '_seq_no': 26302, '_primary_term': 10}
[2024-03-22T19:25:15.557+0000] {base.py:271} INFO - POST http://elasticsearch:9200/milestone/doc [status:201 request:0.016s]
[2024-03-22T19:25:15.560+0000] {logging_mixin.py:115} INFO - {'_index': 'milestone', '_type': 'doc', '_id': '3AOfZ44B12MTX2wB4yWg', '_version': 1, 'result': 'created', '_shards': {'total': 2, 'successful': 1, 'failed': 0}, '_seq_no': 26305, '_primary_term': 10}
[2024-03-22T19:25:15.573+0000] {base.py:271} INFO - POST http://elasticsearch:9200/milestone/doc [status:201 request:0.012s]
[2024-03-22T19:25:15.574+0000] {logging_mixin.py:115} INFO - {'_index': 'milestone', '_type': 'doc', '_id': '3gOfZ44B12MTX2wB4yWq', '_version': 1, 'result': 'created', '_shards': {'total': 2, 'successful': 1, 'failed': 0}, '_seq_no': 26307, '_primary_term': 10}
[2024-03-22T19:25:15.595+0000] {base.py:271} INFO - POST http://elasticsearch:9200/milestone/doc [status:201 request:0.020s]
[2024-03-22T19:25:15.595+0000] {logging_mixin.py:115} INFO - {'_index': 'milestone', '_type': 'doc', '_id': '4AOfZ44B12MTX2wB4yW5', '_version': 1, 'result': 'created', '_shards': {'total': 2, 'successful': 1, 'failed': 0}, '_seq_no': 26309, '_primary_term': 10}
[2024-03-22T19:25:15.604+0000] {base.py:271} INFO - POST http://elasticsearch:9200/milestone/doc [status:201 request:0.007s]
[2024-03-22T19:25:15.604+0000] {logging_mixin.py:115} INFO - {'_index': 'milestone', '_type': 'doc', '_id': '4gOfZ44B12MTX2wB4yXO', '_version': 1, 'result': 'created', '_shards': {'total': 2, 'successful': 1, 'failed': 0}, '_seq_no': 26311, '_primary_term': 10}
[2024-03-22T19:25:15.612+0000] {base.py:271} INFO - POST http://elasticsearch:9200/milestone/doc [status:201 request:0.007s]
[2024-03-22T19:25:15.613+0000] {logging_mixin.py:115} INFO - {'_index': 'milestone', '_type': 'doc', '_id': '5AOfZ44B12MTX2wB4yXX', '_version': 1, 'result': 'created', '_shards': {'total': 2, 'successful': 1, 'failed': 0}, '_seq_no': 26313, '_primary_term': 10}
[2024-03-22T19:25:15.620+0000] {base.py:271} INFO - POST http://elasticsearch:9200/milestone/doc [status:201 request:0.006s]
[2024-03-22T19:25:15.620+0000] {logging_mixin.py:115} INFO - {'_index': 'milestone', '_type': 'doc', '_id': '5gOfZ44B12MTX2wB4yXf', '_version': 1, 'result': 'created', '_shards': {'total': 2, 'successful': 1, 'failed': 0}, '_seq_no': 26315, '_primary_term': 10}
[2024-03-22T19:25:15.626+0000] {base.py:271} INFO - POST http://elasticsearch:9200/milestone/doc [status:201 request:0.005s]
[2024-03-22T19:25:15.627+0000] {logging_mixin.py:115} INFO - {'_index': 'milestone', '_type': 'doc', '_id': '6AOfZ44B12MTX2wB4yXm', '_version': 1, 'result': 'created', '_shards': {'total': 2, 'successful': 1, 'failed': 0}, '_seq_no': 26317, '_primary_term': 10}
[2024-03-22T19:25:15.635+0000] {base.py:271} INFO - POST http://elasticsearch:9200/milestone/doc [status:201 request:0.008s]
[2024-03-22T19:25:15.636+0000] {logging_mixin.py:115} INFO - {'_index': 'milestone', '_type': 'doc', '_id': '6QOfZ44B12MTX2wB4yXt', '_version': 1, 'result': 'created', '_shards': {'total': 2, 'successful': 1, 'failed': 0}, '_seq_no': 26318, '_primary_term': 10}
[2024-03-22T19:25:15.644+0000] {base.py:271} INFO - POST http://elasticsearch:9200/milestone/doc [status:201 request:0.007s]
[2024-03-22T19:25:15.645+0000] {logging_mixin.py:115} INFO - {'_index': 'milestone', '_type': 'doc', '_id': '7AOfZ44B12MTX2wB4yX2', '_version': 1, 'result': 'created', '_shards': {'total': 2, 'successful': 1, 'failed': 0}, '_seq_no': 26321, '_primary_term': 10}
[2024-03-22T19:25:15.657+0000] {base.py:271} INFO - POST http://elasticsearch:9200/milestone/doc [status:201 request:0.010s]
[2024-03-22T19:25:15.658+0000] {logging_mixin.py:115} INFO - {'_index': 'milestone', '_type': 'doc', '_id': '7gOfZ44B12MTX2wB5CUE', '_version': 1, 'result': 'created', '_shards': {'total': 2, 'successful': 1, 'failed': 0}, '_seq_no': 26323, '_primary_term': 10}
[2024-03-22T19:25:15.678+0000] {base.py:271} INFO - POST http://elasticsearch:9200/milestone/doc [status:201 request:0.020s]
[2024-03-22T19:25:15.680+0000] {logging_mixin.py:115} INFO - {'_index': 'milestone', '_type': 'doc', '_id': '7wOfZ44B12MTX2wB5CUO', '_version': 1, 'result': 'created', '_shards': {'total': 2, 'successful': 1, 'failed': 0}, '_seq_no': 26324, '_primary_term': 10}
[2024-03-22T19:25:15.733+0000] {base.py:271} INFO - POST http://elasticsearch:9200/milestone/doc [status:201 request:0.050s]
[2024-03-22T19:25:15.734+0000] {logging_mixin.py:115} INFO - {'_index': 'milestone', '_type': 'doc', '_id': '8gOfZ44B12MTX2wB5CU9', '_version': 1, 'result': 'created', '_shards': {'total': 2, 'successful': 1, 'failed': 0}, '_seq_no': 26327, '_primary_term': 10}
[2024-03-22T19:25:15.752+0000] {base.py:271} INFO - POST http://elasticsearch:9200/milestone/doc [status:201 request:0.017s]
[2024-03-22T19:25:15.753+0000] {logging_mixin.py:115} INFO - {'_index': 'milestone', '_type': 'doc', '_id': '9AOfZ44B12MTX2wB5CVa', '_version': 1, 'result': 'created', '_shards': {'total': 2, 'successful': 1, 'failed': 0}, '_seq_no': 26329, '_primary_term': 10}
[2024-03-22T19:25:15.764+0000] {base.py:271} INFO - POST http://elasticsearch:9200/milestone/doc [status:201 request:0.010s]
[2024-03-22T19:25:15.764+0000] {logging_mixin.py:115} INFO - {'_index': 'milestone', '_type': 'doc', '_id': '9gOfZ44B12MTX2wB5CVs', '_version': 1, 'result': 'created', '_shards': {'total': 2, 'successful': 1, 'failed': 0}, '_seq_no': 26330, '_primary_term': 10}
[2024-03-22T19:25:15.772+0000] {base.py:271} INFO - POST http://elasticsearch:9200/milestone/doc [status:201 request:0.008s]
[2024-03-22T19:25:15.773+0000] {logging_mixin.py:115} INFO - {'_index': 'milestone', '_type': 'doc', '_id': '-AOfZ44B12MTX2wB5CV3', '_version': 1, 'result': 'created', '_shards': {'total': 2, 'successful': 1, 'failed': 0}, '_seq_no': 26332, '_primary_term': 10}
[2024-03-22T19:25:15.797+0000] {base.py:271} INFO - POST http://elasticsearch:9200/milestone/doc [status:201 request:0.024s]
[2024-03-22T19:25:15.798+0000] {logging_mixin.py:115} INFO - {'_index': 'milestone', '_type': 'doc', '_id': '-QOfZ44B12MTX2wB5CWB', '_version': 1, 'result': 'created', '_shards': {'total': 2, 'successful': 1, 'failed': 0}, '_seq_no': 26334, '_primary_term': 10}
[2024-03-22T19:25:15.805+0000] {base.py:271} INFO - POST http://elasticsearch:9200/milestone/doc [status:201 request:0.007s]
[2024-03-22T19:25:15.806+0000] {logging_mixin.py:115} INFO - {'_index': 'milestone', '_type': 'doc', '_id': '-wOfZ44B12MTX2wB5CWY', '_version': 1, 'result': 'created', '_shards': {'total': 2, 'successful': 1, 'failed': 0}, '_seq_no': 26336, '_primary_term': 10}
[2024-03-22T19:25:15.821+0000] {base.py:271} INFO - POST http://elasticsearch:9200/milestone/doc [status:201 request:0.014s]
[2024-03-22T19:25:15.821+0000] {logging_mixin.py:115} INFO - {'_index': 'milestone', '_type': 'doc', '_id': '_QOfZ44B12MTX2wB5CWj', '_version': 1, 'result': 'created', '_shards': {'total': 2, 'successful': 1, 'failed': 0}, '_seq_no': 26338, '_primary_term': 10}
[2024-03-22T19:25:15.829+0000] {base.py:271} INFO - POST http://elasticsearch:9200/milestone/doc [status:201 request:0.007s]
[2024-03-22T19:25:15.829+0000] {logging_mixin.py:115} INFO - {'_index': 'milestone', '_type': 'doc', '_id': '_wOfZ44B12MTX2wB5CWv', '_version': 1, 'result': 'created', '_shards': {'total': 2, 'successful': 1, 'failed': 0}, '_seq_no': 26340, '_primary_term': 10}
[2024-03-22T19:25:15.851+0000] {base.py:271} INFO - POST http://elasticsearch:9200/milestone/doc [status:201 request:0.021s]
[2024-03-22T19:25:15.851+0000] {logging_mixin.py:115} INFO - {'_index': 'milestone', '_type': 'doc', '_id': 'AAOfZ44B12MTX2wB5Ca3', '_version': 1, 'result': 'created', '_shards': {'total': 2, 'successful': 1, 'failed': 0}, '_seq_no': 26341, '_primary_term': 10}
[2024-03-22T19:25:15.880+0000] {base.py:271} INFO - POST http://elasticsearch:9200/milestone/doc [status:201 request:0.029s]
[2024-03-22T19:25:15.881+0000] {logging_mixin.py:115} INFO - {'_index': 'milestone', '_type': 'doc', '_id': 'AgOfZ44B12MTX2wB5CbN', '_version': 1, 'result': 'created', '_shards': {'total': 2, 'successful': 1, 'failed': 0}, '_seq_no': 26343, '_primary_term': 10}
[2024-03-22T19:25:15.904+0000] {base.py:271} INFO - POST http://elasticsearch:9200/milestone/doc [status:201 request:0.021s]
[2024-03-22T19:25:15.904+0000] {logging_mixin.py:115} INFO - {'_index': 'milestone', '_type': 'doc', '_id': 'BQOfZ44B12MTX2wB5Cbz', '_version': 1, 'result': 'created', '_shards': {'total': 2, 'successful': 1, 'failed': 0}, '_seq_no': 26345, '_primary_term': 10}
[2024-03-22T19:25:15.922+0000] {base.py:271} INFO - POST http://elasticsearch:9200/milestone/doc [status:201 request:0.017s]
[2024-03-22T19:25:15.923+0000] {logging_mixin.py:115} INFO - {'_index': 'milestone', '_type': 'doc', '_id': 'BgOfZ44B12MTX2wB5SYH', '_version': 1, 'result': 'created', '_shards': {'total': 2, 'successful': 1, 'failed': 0}, '_seq_no': 26347, '_primary_term': 10}
[2024-03-22T19:25:15.946+0000] {base.py:271} INFO - POST http://elasticsearch:9200/milestone/doc [status:201 request:0.021s]
[2024-03-22T19:25:15.951+0000] {logging_mixin.py:115} INFO - {'_index': 'milestone', '_type': 'doc', '_id': 'CAOfZ44B12MTX2wB5SYX', '_version': 1, 'result': 'created', '_shards': {'total': 2, 'successful': 1, 'failed': 0}, '_seq_no': 26349, '_primary_term': 10}
[2024-03-22T19:25:15.965+0000] {base.py:271} INFO - POST http://elasticsearch:9200/milestone/doc [status:201 request:0.013s]
[2024-03-22T19:25:15.965+0000] {logging_mixin.py:115} INFO - {'_index': 'milestone', '_type': 'doc', '_id': 'CwOfZ44B12MTX2wB5SYz', '_version': 1, 'result': 'created', '_shards': {'total': 2, 'successful': 1, 'failed': 0}, '_seq_no': 26352, '_primary_term': 10}
[2024-03-22T19:25:15.972+0000] {base.py:271} INFO - POST http://elasticsearch:9200/milestone/doc [status:201 request:0.007s]
[2024-03-22T19:25:15.973+0000] {logging_mixin.py:115} INFO - {'_index': 'milestone', '_type': 'doc', '_id': 'DQOfZ44B12MTX2wB5SY_', '_version': 1, 'result': 'created', '_shards': {'total': 2, 'successful': 1, 'failed': 0}, '_seq_no': 26354, '_primary_term': 10}
[2024-03-22T19:25:15.982+0000] {base.py:271} INFO - POST http://elasticsearch:9200/milestone/doc [status:201 request:0.009s]
[2024-03-22T19:25:15.983+0000] {logging_mixin.py:115} INFO - {'_index': 'milestone', '_type': 'doc', '_id': 'EAOfZ44B12MTX2wB5SZG', '_version': 1, 'result': 'created', '_shards': {'total': 2, 'successful': 1, 'failed': 0}, '_seq_no': 26357, '_primary_term': 10}
[2024-03-22T19:25:16.002+0000] {base.py:271} INFO - POST http://elasticsearch:9200/milestone/doc [status:201 request:0.019s]
[2024-03-22T19:25:16.003+0000] {logging_mixin.py:115} INFO - {'_index': 'milestone', '_type': 'doc', '_id': 'EQOfZ44B12MTX2wB5SZW', '_version': 1, 'result': 'created', '_shards': {'total': 2, 'successful': 1, 'failed': 0}, '_seq_no': 26358, '_primary_term': 10}
[2024-03-22T19:25:16.011+0000] {base.py:271} INFO - POST http://elasticsearch:9200/milestone/doc [status:201 request:0.007s]
[2024-03-22T19:25:16.012+0000] {logging_mixin.py:115} INFO - {'_index': 'milestone', '_type': 'doc', '_id': 'EwOfZ44B12MTX2wB5SZm', '_version': 1, 'result': 'created', '_shards': {'total': 2, 'successful': 1, 'failed': 0}, '_seq_no': 26360, '_primary_term': 10}
[2024-03-22T19:25:16.019+0000] {base.py:271} INFO - POST http://elasticsearch:9200/milestone/doc [status:201 request:0.007s]
[2024-03-22T19:25:16.019+0000] {logging_mixin.py:115} INFO - {'_index': 'milestone', '_type': 'doc', '_id': 'FQOfZ44B12MTX2wB5SZu', '_version': 1, 'result': 'created', '_shards': {'total': 2, 'successful': 1, 'failed': 0}, '_seq_no': 26362, '_primary_term': 10}
[2024-03-22T19:25:16.027+0000] {base.py:271} INFO - POST http://elasticsearch:9200/milestone/doc [status:201 request:0.007s]
[2024-03-22T19:25:16.028+0000] {logging_mixin.py:115} INFO - {'_index': 'milestone', '_type': 'doc', '_id': 'FwOfZ44B12MTX2wB5SZ1', '_version': 1, 'result': 'created', '_shards': {'total': 2, 'successful': 1, 'failed': 0}, '_seq_no': 26364, '_primary_term': 10}
[2024-03-22T19:25:16.037+0000] {base.py:271} INFO - POST http://elasticsearch:9200/milestone/doc [status:201 request:0.009s]
[2024-03-22T19:25:16.037+0000] {logging_mixin.py:115} INFO - {'_index': 'milestone', '_type': 'doc', '_id': 'GQOfZ44B12MTX2wB5SZ9', '_version': 1, 'result': 'created', '_shards': {'total': 2, 'successful': 1, 'failed': 0}, '_seq_no': 26366, '_primary_term': 10}
[2024-03-22T19:25:16.052+0000] {base.py:271} INFO - POST http://elasticsearch:9200/milestone/doc [status:201 request:0.015s]
[2024-03-22T19:25:16.053+0000] {logging_mixin.py:115} INFO - {'_index': 'milestone', '_type': 'doc', '_id': 'GwOfZ44B12MTX2wB5SaI', '_version': 1, 'result': 'created', '_shards': {'total': 2, 'successful': 1, 'failed': 0}, '_seq_no': 26368, '_primary_term': 10}
[2024-03-22T19:25:16.064+0000] {base.py:271} INFO - POST http://elasticsearch:9200/milestone/doc [status:201 request:0.010s]
[2024-03-22T19:25:16.065+0000] {logging_mixin.py:115} INFO - {'_index': 'milestone', '_type': 'doc', '_id': 'HQOfZ44B12MTX2wB5SaZ', '_version': 1, 'result': 'created', '_shards': {'total': 2, 'successful': 1, 'failed': 0}, '_seq_no': 26370, '_primary_term': 10}
[2024-03-22T19:25:16.078+0000] {base.py:271} INFO - POST http://elasticsearch:9200/milestone/doc [status:201 request:0.012s]
[2024-03-22T19:25:16.079+0000] {logging_mixin.py:115} INFO - {'_index': 'milestone', '_type': 'doc', '_id': 'HwOfZ44B12MTX2wB5Sam', '_version': 1, 'result': 'created', '_shards': {'total': 2, 'successful': 1, 'failed': 0}, '_seq_no': 26372, '_primary_term': 10}
[2024-03-22T19:25:16.091+0000] {base.py:271} INFO - POST http://elasticsearch:9200/milestone/doc [status:201 request:0.011s]
[2024-03-22T19:25:16.091+0000] {logging_mixin.py:115} INFO - {'_index': 'milestone', '_type': 'doc', '_id': 'IQOfZ44B12MTX2wB5Sax', '_version': 1, 'result': 'created', '_shards': {'total': 2, 'successful': 1, 'failed': 0}, '_seq_no': 26373, '_primary_term': 10}
[2024-03-22T19:25:16.103+0000] {base.py:271} INFO - POST http://elasticsearch:9200/milestone/doc [status:201 request:0.012s]
[2024-03-22T19:25:16.104+0000] {logging_mixin.py:115} INFO - {'_index': 'milestone', '_type': 'doc', '_id': 'IgOfZ44B12MTX2wB5Sa8', '_version': 1, 'result': 'created', '_shards': {'total': 2, 'successful': 1, 'failed': 0}, '_seq_no': 26375, '_primary_term': 10}
[2024-03-22T19:25:16.127+0000] {base.py:271} INFO - POST http://elasticsearch:9200/milestone/doc [status:201 request:0.022s]
[2024-03-22T19:25:16.127+0000] {logging_mixin.py:115} INFO - {'_index': 'milestone', '_type': 'doc', '_id': 'JQOfZ44B12MTX2wB5SbN', '_version': 1, 'result': 'created', '_shards': {'total': 2, 'successful': 1, 'failed': 0}, '_seq_no': 26378, '_primary_term': 10}
[2024-03-22T19:25:16.141+0000] {base.py:271} INFO - POST http://elasticsearch:9200/milestone/doc [status:201 request:0.013s]
[2024-03-22T19:25:16.142+0000] {logging_mixin.py:115} INFO - {'_index': 'milestone', '_type': 'doc', '_id': 'JwOfZ44B12MTX2wB5Sbi', '_version': 1, 'result': 'created', '_shards': {'total': 2, 'successful': 1, 'failed': 0}, '_seq_no': 26379, '_primary_term': 10}
[2024-03-22T19:25:16.168+0000] {base.py:271} INFO - POST http://elasticsearch:9200/milestone/doc [status:201 request:0.025s]
[2024-03-22T19:25:16.168+0000] {logging_mixin.py:115} INFO - {'_index': 'milestone', '_type': 'doc', '_id': 'KAOfZ44B12MTX2wB5Sb7', '_version': 1, 'result': 'created', '_shards': {'total': 2, 'successful': 1, 'failed': 0}, '_seq_no': 26381, '_primary_term': 10}
[2024-03-22T19:25:16.183+0000] {base.py:271} INFO - POST http://elasticsearch:9200/milestone/doc [status:201 request:0.014s]
[2024-03-22T19:25:16.183+0000] {logging_mixin.py:115} INFO - {'_index': 'milestone', '_type': 'doc', '_id': 'KgOfZ44B12MTX2wB5iYL', '_version': 1, 'result': 'created', '_shards': {'total': 2, 'successful': 1, 'failed': 0}, '_seq_no': 26383, '_primary_term': 10}
[2024-03-22T19:25:16.198+0000] {base.py:271} INFO - POST http://elasticsearch:9200/milestone/doc [status:201 request:0.014s]
[2024-03-22T19:25:16.201+0000] {logging_mixin.py:115} INFO - {'_index': 'milestone', '_type': 'doc', '_id': 'LQOfZ44B12MTX2wB5iYd', '_version': 1, 'result': 'created', '_shards': {'total': 2, 'successful': 1, 'failed': 0}, '_seq_no': 26385, '_primary_term': 10}
[2024-03-22T19:25:16.215+0000] {base.py:271} INFO - POST http://elasticsearch:9200/milestone/doc [status:201 request:0.013s]
[2024-03-22T19:25:16.215+0000] {logging_mixin.py:115} INFO - {'_index': 'milestone', '_type': 'doc', '_id': 'LwOfZ44B12MTX2wB5iYs', '_version': 1, 'result': 'created', '_shards': {'total': 2, 'successful': 1, 'failed': 0}, '_seq_no': 26388, '_primary_term': 10}
[2024-03-22T19:25:16.264+0000] {base.py:271} INFO - POST http://elasticsearch:9200/milestone/doc [status:201 request:0.048s]
[2024-03-22T19:25:16.265+0000] {logging_mixin.py:115} INFO - {'_index': 'milestone', '_type': 'doc', '_id': 'MQOfZ44B12MTX2wB5iY7', '_version': 1, 'result': 'created', '_shards': {'total': 2, 'successful': 1, 'failed': 0}, '_seq_no': 26389, '_primary_term': 10}
[2024-03-22T19:25:16.304+0000] {base.py:271} INFO - POST http://elasticsearch:9200/milestone/doc [status:201 request:0.036s]
[2024-03-22T19:25:16.305+0000] {logging_mixin.py:115} INFO - {'_index': 'milestone', '_type': 'doc', '_id': 'MwOfZ44B12MTX2wB5iaA', '_version': 1, 'result': 'created', '_shards': {'total': 2, 'successful': 1, 'failed': 0}, '_seq_no': 26392, '_primary_term': 10}
[2024-03-22T19:25:16.348+0000] {base.py:271} INFO - POST http://elasticsearch:9200/milestone/doc [status:201 request:0.042s]
[2024-03-22T19:25:16.350+0000] {logging_mixin.py:115} INFO - {'_index': 'milestone', '_type': 'doc', '_id': 'NAOfZ44B12MTX2wB5iah', '_version': 1, 'result': 'created', '_shards': {'total': 2, 'successful': 1, 'failed': 0}, '_seq_no': 26394, '_primary_term': 10}
[2024-03-22T19:25:16.376+0000] {base.py:271} INFO - POST http://elasticsearch:9200/milestone/doc [status:201 request:0.024s]
[2024-03-22T19:25:16.379+0000] {logging_mixin.py:115} INFO - {'_index': 'milestone', '_type': 'doc', '_id': 'NgOfZ44B12MTX2wB5ibJ', '_version': 1, 'result': 'created', '_shards': {'total': 2, 'successful': 1, 'failed': 0}, '_seq_no': 26396, '_primary_term': 10}
[2024-03-22T19:25:16.397+0000] {base.py:271} INFO - POST http://elasticsearch:9200/milestone/doc [status:201 request:0.017s]
[2024-03-22T19:25:16.399+0000] {logging_mixin.py:115} INFO - {'_index': 'milestone', '_type': 'doc', '_id': 'OQOfZ44B12MTX2wB5ibh', '_version': 1, 'result': 'created', '_shards': {'total': 2, 'successful': 1, 'failed': 0}, '_seq_no': 26397, '_primary_term': 10}
[2024-03-22T19:25:16.411+0000] {base.py:271} INFO - POST http://elasticsearch:9200/milestone/doc [status:201 request:0.010s]
[2024-03-22T19:25:16.412+0000] {logging_mixin.py:115} INFO - {'_index': 'milestone', '_type': 'doc', '_id': 'OgOfZ44B12MTX2wB5ib0', '_version': 1, 'result': 'created', '_shards': {'total': 2, 'successful': 1, 'failed': 0}, '_seq_no': 26399, '_primary_term': 10}
[2024-03-22T19:25:16.429+0000] {base.py:271} INFO - POST http://elasticsearch:9200/milestone/doc [status:201 request:0.016s]
[2024-03-22T19:25:16.430+0000] {logging_mixin.py:115} INFO - {'_index': 'milestone', '_type': 'doc', '_id': 'PAOfZ44B12MTX2wB5ib_', '_version': 1, 'result': 'created', '_shards': {'total': 2, 'successful': 1, 'failed': 0}, '_seq_no': 26401, '_primary_term': 10}
[2024-03-22T19:25:16.440+0000] {base.py:271} INFO - POST http://elasticsearch:9200/milestone/doc [status:201 request:0.009s]
[2024-03-22T19:25:16.441+0000] {logging_mixin.py:115} INFO - {'_index': 'milestone', '_type': 'doc', '_id': 'PwOfZ44B12MTX2wB5yYS', '_version': 1, 'result': 'created', '_shards': {'total': 2, 'successful': 1, 'failed': 0}, '_seq_no': 26404, '_primary_term': 10}
[2024-03-22T19:25:16.457+0000] {base.py:271} INFO - POST http://elasticsearch:9200/milestone/doc [status:201 request:0.016s]
[2024-03-22T19:25:16.458+0000] {logging_mixin.py:115} INFO - {'_index': 'milestone', '_type': 'doc', '_id': 'QAOfZ44B12MTX2wB5yYc', '_version': 1, 'result': 'created', '_shards': {'total': 2, 'successful': 1, 'failed': 0}, '_seq_no': 26405, '_primary_term': 10}
[2024-03-22T19:25:16.497+0000] {base.py:271} INFO - POST http://elasticsearch:9200/milestone/doc [status:201 request:0.038s]
[2024-03-22T19:25:16.498+0000] {logging_mixin.py:115} INFO - {'_index': 'milestone', '_type': 'doc', '_id': 'QgOfZ44B12MTX2wB5yZA', '_version': 1, 'result': 'created', '_shards': {'total': 2, 'successful': 1, 'failed': 0}, '_seq_no': 26408, '_primary_term': 10}
[2024-03-22T19:25:16.510+0000] {base.py:271} INFO - POST http://elasticsearch:9200/milestone/doc [status:201 request:0.010s]
[2024-03-22T19:25:16.514+0000] {logging_mixin.py:115} INFO - {'_index': 'milestone', '_type': 'doc', '_id': 'RAOfZ44B12MTX2wB5yZX', '_version': 1, 'result': 'created', '_shards': {'total': 2, 'successful': 1, 'failed': 0}, '_seq_no': 26409, '_primary_term': 10}
[2024-03-22T19:25:16.521+0000] {base.py:271} INFO - POST http://elasticsearch:9200/milestone/doc [status:201 request:0.007s]
[2024-03-22T19:25:16.522+0000] {logging_mixin.py:115} INFO - {'_index': 'milestone', '_type': 'doc', '_id': 'RgOfZ44B12MTX2wB5yZl', '_version': 1, 'result': 'created', '_shards': {'total': 2, 'successful': 1, 'failed': 0}, '_seq_no': 26412, '_primary_term': 10}
[2024-03-22T19:25:16.530+0000] {base.py:271} INFO - POST http://elasticsearch:9200/milestone/doc [status:201 request:0.008s]
[2024-03-22T19:25:16.531+0000] {logging_mixin.py:115} INFO - {'_index': 'milestone', '_type': 'doc', '_id': 'SAOfZ44B12MTX2wB5yZs', '_version': 1, 'result': 'created', '_shards': {'total': 2, 'successful': 1, 'failed': 0}, '_seq_no': 26413, '_primary_term': 10}
[2024-03-22T19:25:16.546+0000] {base.py:271} INFO - POST http://elasticsearch:9200/milestone/doc [status:201 request:0.015s]
[2024-03-22T19:25:16.549+0000] {logging_mixin.py:115} INFO - {'_index': 'milestone', '_type': 'doc', '_id': 'SwOfZ44B12MTX2wB5yZ5', '_version': 1, 'result': 'created', '_shards': {'total': 2, 'successful': 1, 'failed': 0}, '_seq_no': 26415, '_primary_term': 10}
[2024-03-22T19:25:16.562+0000] {base.py:271} INFO - POST http://elasticsearch:9200/milestone/doc [status:201 request:0.011s]
[2024-03-22T19:25:16.562+0000] {logging_mixin.py:115} INFO - {'_index': 'milestone', '_type': 'doc', '_id': 'TAOfZ44B12MTX2wB5yaM', '_version': 1, 'result': 'created', '_shards': {'total': 2, 'successful': 1, 'failed': 0}, '_seq_no': 26417, '_primary_term': 10}
[2024-03-22T19:25:16.600+0000] {base.py:271} INFO - POST http://elasticsearch:9200/milestone/doc [status:201 request:0.036s]
[2024-03-22T19:25:16.602+0000] {logging_mixin.py:115} INFO - {'_index': 'milestone', '_type': 'doc', '_id': 'TgOfZ44B12MTX2wB5yaZ', '_version': 1, 'result': 'created', '_shards': {'total': 2, 'successful': 1, 'failed': 0}, '_seq_no': 26419, '_primary_term': 10}
[2024-03-22T19:25:16.629+0000] {base.py:271} INFO - POST http://elasticsearch:9200/milestone/doc [status:201 request:0.025s]
[2024-03-22T19:25:16.630+0000] {logging_mixin.py:115} INFO - {'_index': 'milestone', '_type': 'doc', '_id': 'UAOfZ44B12MTX2wB5ya-', '_version': 1, 'result': 'created', '_shards': {'total': 2, 'successful': 1, 'failed': 0}, '_seq_no': 26421, '_primary_term': 10}
[2024-03-22T19:25:16.660+0000] {base.py:271} INFO - POST http://elasticsearch:9200/milestone/doc [status:201 request:0.029s]
[2024-03-22T19:25:16.664+0000] {logging_mixin.py:115} INFO - {'_index': 'milestone', '_type': 'doc', '_id': 'UgOfZ44B12MTX2wB5ybe', '_version': 1, 'result': 'created', '_shards': {'total': 2, 'successful': 1, 'failed': 0}, '_seq_no': 26423, '_primary_term': 10}
[2024-03-22T19:25:16.688+0000] {base.py:271} INFO - POST http://elasticsearch:9200/milestone/doc [status:201 request:0.023s]
[2024-03-22T19:25:16.691+0000] {logging_mixin.py:115} INFO - {'_index': 'milestone', '_type': 'doc', '_id': 'VAOfZ44B12MTX2wB5yb-', '_version': 1, 'result': 'created', '_shards': {'total': 2, 'successful': 1, 'failed': 0}, '_seq_no': 26425, '_primary_term': 10}
[2024-03-22T19:25:16.725+0000] {base.py:271} INFO - POST http://elasticsearch:9200/milestone/doc [status:201 request:0.032s]
[2024-03-22T19:25:16.727+0000] {logging_mixin.py:115} INFO - {'_index': 'milestone', '_type': 'doc', '_id': 'VgOfZ44B12MTX2wB6CYd', '_version': 1, 'result': 'created', '_shards': {'total': 2, 'successful': 1, 'failed': 0}, '_seq_no': 26426, '_primary_term': 10}
[2024-03-22T19:25:16.742+0000] {base.py:271} INFO - POST http://elasticsearch:9200/milestone/doc [status:201 request:0.013s]
[2024-03-22T19:25:16.742+0000] {logging_mixin.py:115} INFO - {'_index': 'milestone', '_type': 'doc', '_id': 'WAOfZ44B12MTX2wB6CY9', '_version': 1, 'result': 'created', '_shards': {'total': 2, 'successful': 1, 'failed': 0}, '_seq_no': 26429, '_primary_term': 10}
[2024-03-22T19:25:16.766+0000] {base.py:271} INFO - POST http://elasticsearch:9200/milestone/doc [status:201 request:0.023s]
[2024-03-22T19:25:16.767+0000] {logging_mixin.py:115} INFO - {'_index': 'milestone', '_type': 'doc', '_id': 'WQOfZ44B12MTX2wB6CZQ', '_version': 1, 'result': 'created', '_shards': {'total': 2, 'successful': 1, 'failed': 0}, '_seq_no': 26430, '_primary_term': 10}
[2024-03-22T19:25:16.790+0000] {base.py:271} INFO - POST http://elasticsearch:9200/milestone/doc [status:201 request:0.023s]
[2024-03-22T19:25:16.792+0000] {logging_mixin.py:115} INFO - {'_index': 'milestone', '_type': 'doc', '_id': 'WwOfZ44B12MTX2wB6CZk', '_version': 1, 'result': 'created', '_shards': {'total': 2, 'successful': 1, 'failed': 0}, '_seq_no': 26432, '_primary_term': 10}
[2024-03-22T19:25:16.842+0000] {base.py:271} INFO - POST http://elasticsearch:9200/milestone/doc [status:201 request:0.048s]
[2024-03-22T19:25:16.845+0000] {logging_mixin.py:115} INFO - {'_index': 'milestone', '_type': 'doc', '_id': 'XgOfZ44B12MTX2wB6CZ-', '_version': 1, 'result': 'created', '_shards': {'total': 2, 'successful': 1, 'failed': 0}, '_seq_no': 26434, '_primary_term': 10}
[2024-03-22T19:25:16.896+0000] {base.py:271} INFO - POST http://elasticsearch:9200/milestone/doc [status:201 request:0.045s]
[2024-03-22T19:25:16.898+0000] {logging_mixin.py:115} INFO - {'_index': 'milestone', '_type': 'doc', '_id': 'XwOfZ44B12MTX2wB6Ca_', '_version': 1, 'result': 'created', '_shards': {'total': 2, 'successful': 1, 'failed': 0}, '_seq_no': 26436, '_primary_term': 10}
[2024-03-22T19:25:16.962+0000] {base.py:271} INFO - POST http://elasticsearch:9200/milestone/doc [status:201 request:0.058s]
[2024-03-22T19:25:16.967+0000] {logging_mixin.py:115} INFO - {'_index': 'milestone', '_type': 'doc', '_id': 'YQOfZ44B12MTX2wB6Cbw', '_version': 1, 'result': 'created', '_shards': {'total': 2, 'successful': 1, 'failed': 0}, '_seq_no': 26438, '_primary_term': 10}
[2024-03-22T19:25:17.135+0000] {base.py:271} INFO - POST http://elasticsearch:9200/milestone/doc [status:201 request:0.155s]
[2024-03-22T19:25:17.138+0000] {logging_mixin.py:115} INFO - {'_index': 'milestone', '_type': 'doc', '_id': 'YwOfZ44B12MTX2wB6SZq', '_version': 1, 'result': 'created', '_shards': {'total': 2, 'successful': 1, 'failed': 0}, '_seq_no': 26441, '_primary_term': 10}
[2024-03-22T19:25:17.326+0000] {base.py:271} INFO - POST http://elasticsearch:9200/milestone/doc [status:201 request:0.171s]
[2024-03-22T19:25:17.328+0000] {logging_mixin.py:115} INFO - {'_index': 'milestone', '_type': 'doc', '_id': 'ZQOfZ44B12MTX2wB6iYf', '_version': 1, 'result': 'created', '_shards': {'total': 2, 'successful': 1, 'failed': 0}, '_seq_no': 26443, '_primary_term': 10}
[2024-03-22T19:25:17.485+0000] {base.py:271} INFO - POST http://elasticsearch:9200/milestone/doc [status:201 request:0.147s]
[2024-03-22T19:25:17.488+0000] {logging_mixin.py:115} INFO - {'_index': 'milestone', '_type': 'doc', '_id': 'ZwOfZ44B12MTX2wB6iaw', '_version': 1, 'result': 'created', '_shards': {'total': 2, 'successful': 1, 'failed': 0}, '_seq_no': 26445, '_primary_term': 10}
[2024-03-22T19:25:17.735+0000] {base.py:271} INFO - POST http://elasticsearch:9200/milestone/doc [status:201 request:0.233s]
[2024-03-22T19:25:17.742+0000] {logging_mixin.py:115} INFO - {'_index': 'milestone', '_type': 'doc', '_id': 'aQOfZ44B12MTX2wB6yZ4', '_version': 1, 'result': 'created', '_shards': {'total': 2, 'successful': 1, 'failed': 0}, '_seq_no': 26446, '_primary_term': 10}
[2024-03-22T19:25:17.938+0000] {base.py:271} INFO - POST http://elasticsearch:9200/milestone/doc [status:201 request:0.166s]
[2024-03-22T19:25:17.942+0000] {logging_mixin.py:115} INFO - {'_index': 'milestone', '_type': 'doc', '_id': 'bAOfZ44B12MTX2wB7CaJ', '_version': 1, 'result': 'created', '_shards': {'total': 2, 'successful': 1, 'failed': 0}, '_seq_no': 26449, '_primary_term': 10}
[2024-03-22T19:25:18.061+0000] {base.py:271} INFO - POST http://elasticsearch:9200/milestone/doc [status:201 request:0.105s]
[2024-03-22T19:25:18.063+0000] {logging_mixin.py:115} INFO - {'_index': 'milestone', '_type': 'doc', '_id': 'bgOfZ44B12MTX2wB7SYR', '_version': 1, 'result': 'created', '_shards': {'total': 2, 'successful': 1, 'failed': 0}, '_seq_no': 26451, '_primary_term': 10}
[2024-03-22T19:25:18.377+0000] {base.py:271} INFO - POST http://elasticsearch:9200/milestone/doc [status:201 request:0.301s]
[2024-03-22T19:25:18.381+0000] {logging_mixin.py:115} INFO - {'_index': 'milestone', '_type': 'doc', '_id': 'cAOfZ44B12MTX2wB7Sag', '_version': 1, 'result': 'created', '_shards': {'total': 2, 'successful': 1, 'failed': 0}, '_seq_no': 26453, '_primary_term': 10}
[2024-03-22T19:25:18.532+0000] {base.py:271} INFO - POST http://elasticsearch:9200/milestone/doc [status:201 request:0.118s]
[2024-03-22T19:25:18.533+0000] {logging_mixin.py:115} INFO - {'_index': 'milestone', '_type': 'doc', '_id': 'cQOfZ44B12MTX2wB7yYF', '_version': 1, 'result': 'created', '_shards': {'total': 2, 'successful': 1, 'failed': 0}, '_seq_no': 26454, '_primary_term': 10}
[2024-03-22T19:25:18.632+0000] {base.py:271} INFO - POST http://elasticsearch:9200/milestone/doc [status:201 request:0.087s]
[2024-03-22T19:25:18.640+0000] {logging_mixin.py:115} INFO - {'_index': 'milestone', '_type': 'doc', '_id': 'dAOfZ44B12MTX2wB7yZk', '_version': 1, 'result': 'created', '_shards': {'total': 2, 'successful': 1, 'failed': 0}, '_seq_no': 26456, '_primary_term': 10}
[2024-03-22T19:25:18.942+0000] {base.py:271} INFO - POST http://elasticsearch:9200/milestone/doc [status:201 request:0.282s]
[2024-03-22T19:25:18.958+0000] {logging_mixin.py:115} INFO - {'_index': 'milestone', '_type': 'doc', '_id': 'dgOfZ44B12MTX2wB8CZy', '_version': 1, 'result': 'created', '_shards': {'total': 2, 'successful': 1, 'failed': 0}, '_seq_no': 26458, '_primary_term': 10}
[2024-03-22T19:25:19.218+0000] {base.py:271} INFO - POST http://elasticsearch:9200/milestone/doc [status:201 request:0.220s]
[2024-03-22T19:25:19.226+0000] {logging_mixin.py:115} INFO - {'_index': 'milestone', '_type': 'doc', '_id': 'eAOfZ44B12MTX2wB8SZz', '_version': 1, 'result': 'created', '_shards': {'total': 2, 'successful': 1, 'failed': 0}, '_seq_no': 26461, '_primary_term': 10}
[2024-03-22T19:25:19.304+0000] {base.py:271} INFO - POST http://elasticsearch:9200/milestone/doc [status:201 request:0.051s]
[2024-03-22T19:25:19.324+0000] {logging_mixin.py:115} INFO - {'_index': 'milestone', '_type': 'doc', '_id': 'egOfZ44B12MTX2wB8iYp', '_version': 1, 'result': 'created', '_shards': {'total': 2, 'successful': 1, 'failed': 0}, '_seq_no': 26463, '_primary_term': 10}
[2024-03-22T19:25:19.559+0000] {base.py:271} INFO - POST http://elasticsearch:9200/milestone/doc [status:201 request:0.215s]
[2024-03-22T19:25:19.578+0000] {logging_mixin.py:115} INFO - {'_index': 'milestone', '_type': 'doc', '_id': 'ewOfZ44B12MTX2wB8iar', '_version': 1, 'result': 'created', '_shards': {'total': 2, 'successful': 1, 'failed': 0}, '_seq_no': 26465, '_primary_term': 10}
[2024-03-22T19:25:20.834+0000] {base.py:271} INFO - POST http://elasticsearch:9200/milestone/doc [status:201 request:0.444s]
[2024-03-22T19:25:20.851+0000] {logging_mixin.py:115} INFO - {'_index': 'milestone', '_type': 'doc', '_id': 'fgOfZ44B12MTX2wB9yYz', '_version': 1, 'result': 'created', '_shards': {'total': 2, 'successful': 1, 'failed': 0}, '_seq_no': 26467, '_primary_term': 10}
[2024-03-22T19:25:21.565+0000] {base.py:299} WARNING - POST http://elasticsearch:9200/milestone/doc [status:N/A request:0.627s]
Traceback (most recent call last):
  File "/home/airflow/.local/lib/python3.7/site-packages/urllib3/connectionpool.py", line 710, in urlopen
    chunked=chunked,
  File "/home/airflow/.local/lib/python3.7/site-packages/urllib3/connectionpool.py", line 449, in _make_request
    six.raise_from(e, None)
  File "<string>", line 3, in raise_from
  File "/home/airflow/.local/lib/python3.7/site-packages/urllib3/connectionpool.py", line 444, in _make_request
    httplib_response = conn.getresponse()
  File "/usr/local/lib/python3.7/http/client.py", line 1373, in getresponse
    response.begin()
  File "/usr/local/lib/python3.7/http/client.py", line 319, in begin
    version, status, reason = self._read_status()
  File "/usr/local/lib/python3.7/http/client.py", line 288, in _read_status
    raise RemoteDisconnected("Remote end closed connection without"
http.client.RemoteDisconnected: Remote end closed connection without response

During handling of the above exception, another exception occurred:

Traceback (most recent call last):
  File "/home/airflow/.local/lib/python3.7/site-packages/elasticsearch/connection/http_urllib3.py", line 252, in perform_request
    method, url, body, retries=Retry(False), headers=request_headers, **kw
  File "/home/airflow/.local/lib/python3.7/site-packages/urllib3/connectionpool.py", line 788, in urlopen
    method, url, error=e, _pool=self, _stacktrace=sys.exc_info()[2]
  File "/home/airflow/.local/lib/python3.7/site-packages/urllib3/util/retry.py", line 525, in increment
    raise six.reraise(type(error), error, _stacktrace)
  File "/home/airflow/.local/lib/python3.7/site-packages/urllib3/packages/six.py", line 769, in reraise
    raise value.with_traceback(tb)
  File "/home/airflow/.local/lib/python3.7/site-packages/urllib3/connectionpool.py", line 710, in urlopen
    chunked=chunked,
  File "/home/airflow/.local/lib/python3.7/site-packages/urllib3/connectionpool.py", line 449, in _make_request
    six.raise_from(e, None)
  File "<string>", line 3, in raise_from
  File "/home/airflow/.local/lib/python3.7/site-packages/urllib3/connectionpool.py", line 444, in _make_request
    httplib_response = conn.getresponse()
  File "/usr/local/lib/python3.7/http/client.py", line 1373, in getresponse
    response.begin()
  File "/usr/local/lib/python3.7/http/client.py", line 319, in begin
    version, status, reason = self._read_status()
  File "/usr/local/lib/python3.7/http/client.py", line 288, in _read_status
    raise RemoteDisconnected("Remote end closed connection without"
urllib3.exceptions.ProtocolError: ('Connection aborted.', RemoteDisconnected('Remote end closed connection without response'))
[2024-03-22T19:25:21.662+0000] {base.py:299} WARNING - POST http://elasticsearch:9200/milestone/doc [status:N/A request:0.003s]
Traceback (most recent call last):
  File "/home/airflow/.local/lib/python3.7/site-packages/urllib3/connection.py", line 175, in _new_conn
    (self._dns_host, self.port), self.timeout, **extra_kw
  File "/home/airflow/.local/lib/python3.7/site-packages/urllib3/util/connection.py", line 95, in create_connection
    raise err
  File "/home/airflow/.local/lib/python3.7/site-packages/urllib3/util/connection.py", line 85, in create_connection
    sock.connect(sa)
ConnectionRefusedError: [Errno 111] Connection refused

During handling of the above exception, another exception occurred:

Traceback (most recent call last):
  File "/home/airflow/.local/lib/python3.7/site-packages/elasticsearch/connection/http_urllib3.py", line 252, in perform_request
    method, url, body, retries=Retry(False), headers=request_headers, **kw
  File "/home/airflow/.local/lib/python3.7/site-packages/urllib3/connectionpool.py", line 788, in urlopen
    method, url, error=e, _pool=self, _stacktrace=sys.exc_info()[2]
  File "/home/airflow/.local/lib/python3.7/site-packages/urllib3/util/retry.py", line 525, in increment
    raise six.reraise(type(error), error, _stacktrace)
  File "/home/airflow/.local/lib/python3.7/site-packages/urllib3/packages/six.py", line 770, in reraise
    raise value
  File "/home/airflow/.local/lib/python3.7/site-packages/urllib3/connectionpool.py", line 710, in urlopen
    chunked=chunked,
  File "/home/airflow/.local/lib/python3.7/site-packages/urllib3/connectionpool.py", line 398, in _make_request
    conn.request(method, url, **httplib_request_kw)
  File "/home/airflow/.local/lib/python3.7/site-packages/urllib3/connection.py", line 239, in request
    super(HTTPConnection, self).request(method, url, body=body, headers=headers)
  File "/usr/local/lib/python3.7/http/client.py", line 1281, in request
    self._send_request(method, url, body, headers, encode_chunked)
  File "/usr/local/lib/python3.7/http/client.py", line 1327, in _send_request
    self.endheaders(body, encode_chunked=encode_chunked)
  File "/usr/local/lib/python3.7/http/client.py", line 1276, in endheaders
    self._send_output(message_body, encode_chunked=encode_chunked)
  File "/usr/local/lib/python3.7/http/client.py", line 1036, in _send_output
    self.send(msg)
  File "/usr/local/lib/python3.7/http/client.py", line 976, in send
    self.connect()
  File "/home/airflow/.local/lib/python3.7/site-packages/urllib3/connection.py", line 205, in connect
    conn = self._new_conn()
  File "/home/airflow/.local/lib/python3.7/site-packages/urllib3/connection.py", line 187, in _new_conn
    self, "Failed to establish a new connection: %s" % e
urllib3.exceptions.NewConnectionError: <urllib3.connection.HTTPConnection object at 0xffff6216e310>: Failed to establish a new connection: [Errno 111] Connection refused
[2024-03-22T19:25:21.668+0000] {base.py:299} WARNING - POST http://elasticsearch:9200/milestone/doc [status:N/A request:0.001s]
Traceback (most recent call last):
  File "/home/airflow/.local/lib/python3.7/site-packages/urllib3/connection.py", line 175, in _new_conn
    (self._dns_host, self.port), self.timeout, **extra_kw
  File "/home/airflow/.local/lib/python3.7/site-packages/urllib3/util/connection.py", line 95, in create_connection
    raise err
  File "/home/airflow/.local/lib/python3.7/site-packages/urllib3/util/connection.py", line 85, in create_connection
    sock.connect(sa)
ConnectionRefusedError: [Errno 111] Connection refused

During handling of the above exception, another exception occurred:

Traceback (most recent call last):
  File "/home/airflow/.local/lib/python3.7/site-packages/elasticsearch/connection/http_urllib3.py", line 252, in perform_request
    method, url, body, retries=Retry(False), headers=request_headers, **kw
  File "/home/airflow/.local/lib/python3.7/site-packages/urllib3/connectionpool.py", line 788, in urlopen
    method, url, error=e, _pool=self, _stacktrace=sys.exc_info()[2]
  File "/home/airflow/.local/lib/python3.7/site-packages/urllib3/util/retry.py", line 525, in increment
    raise six.reraise(type(error), error, _stacktrace)
  File "/home/airflow/.local/lib/python3.7/site-packages/urllib3/packages/six.py", line 770, in reraise
    raise value
  File "/home/airflow/.local/lib/python3.7/site-packages/urllib3/connectionpool.py", line 710, in urlopen
    chunked=chunked,
  File "/home/airflow/.local/lib/python3.7/site-packages/urllib3/connectionpool.py", line 398, in _make_request
    conn.request(method, url, **httplib_request_kw)
  File "/home/airflow/.local/lib/python3.7/site-packages/urllib3/connection.py", line 239, in request
    super(HTTPConnection, self).request(method, url, body=body, headers=headers)
  File "/usr/local/lib/python3.7/http/client.py", line 1281, in request
    self._send_request(method, url, body, headers, encode_chunked)
  File "/usr/local/lib/python3.7/http/client.py", line 1327, in _send_request
    self.endheaders(body, encode_chunked=encode_chunked)
  File "/usr/local/lib/python3.7/http/client.py", line 1276, in endheaders
    self._send_output(message_body, encode_chunked=encode_chunked)
  File "/usr/local/lib/python3.7/http/client.py", line 1036, in _send_output
    self.send(msg)
  File "/usr/local/lib/python3.7/http/client.py", line 976, in send
    self.connect()
  File "/home/airflow/.local/lib/python3.7/site-packages/urllib3/connection.py", line 205, in connect
    conn = self._new_conn()
  File "/home/airflow/.local/lib/python3.7/site-packages/urllib3/connection.py", line 187, in _new_conn
    self, "Failed to establish a new connection: %s" % e
urllib3.exceptions.NewConnectionError: <urllib3.connection.HTTPConnection object at 0xffff620c5e50>: Failed to establish a new connection: [Errno 111] Connection refused
[2024-03-22T19:25:21.675+0000] {base.py:299} WARNING - POST http://elasticsearch:9200/milestone/doc [status:N/A request:0.002s]
Traceback (most recent call last):
  File "/home/airflow/.local/lib/python3.7/site-packages/urllib3/connection.py", line 175, in _new_conn
    (self._dns_host, self.port), self.timeout, **extra_kw
  File "/home/airflow/.local/lib/python3.7/site-packages/urllib3/util/connection.py", line 95, in create_connection
    raise err
  File "/home/airflow/.local/lib/python3.7/site-packages/urllib3/util/connection.py", line 85, in create_connection
    sock.connect(sa)
ConnectionRefusedError: [Errno 111] Connection refused

During handling of the above exception, another exception occurred:

Traceback (most recent call last):
  File "/home/airflow/.local/lib/python3.7/site-packages/elasticsearch/connection/http_urllib3.py", line 252, in perform_request
    method, url, body, retries=Retry(False), headers=request_headers, **kw
  File "/home/airflow/.local/lib/python3.7/site-packages/urllib3/connectionpool.py", line 788, in urlopen
    method, url, error=e, _pool=self, _stacktrace=sys.exc_info()[2]
  File "/home/airflow/.local/lib/python3.7/site-packages/urllib3/util/retry.py", line 525, in increment
    raise six.reraise(type(error), error, _stacktrace)
  File "/home/airflow/.local/lib/python3.7/site-packages/urllib3/packages/six.py", line 770, in reraise
    raise value
  File "/home/airflow/.local/lib/python3.7/site-packages/urllib3/connectionpool.py", line 710, in urlopen
    chunked=chunked,
  File "/home/airflow/.local/lib/python3.7/site-packages/urllib3/connectionpool.py", line 398, in _make_request
    conn.request(method, url, **httplib_request_kw)
  File "/home/airflow/.local/lib/python3.7/site-packages/urllib3/connection.py", line 239, in request
    super(HTTPConnection, self).request(method, url, body=body, headers=headers)
  File "/usr/local/lib/python3.7/http/client.py", line 1281, in request
    self._send_request(method, url, body, headers, encode_chunked)
  File "/usr/local/lib/python3.7/http/client.py", line 1327, in _send_request
    self.endheaders(body, encode_chunked=encode_chunked)
  File "/usr/local/lib/python3.7/http/client.py", line 1276, in endheaders
    self._send_output(message_body, encode_chunked=encode_chunked)
  File "/usr/local/lib/python3.7/http/client.py", line 1036, in _send_output
    self.send(msg)
  File "/usr/local/lib/python3.7/http/client.py", line 976, in send
    self.connect()
  File "/home/airflow/.local/lib/python3.7/site-packages/urllib3/connection.py", line 205, in connect
    conn = self._new_conn()
  File "/home/airflow/.local/lib/python3.7/site-packages/urllib3/connection.py", line 187, in _new_conn
    self, "Failed to establish a new connection: %s" % e
urllib3.exceptions.NewConnectionError: <urllib3.connection.HTTPConnection object at 0xffff6216e310>: Failed to establish a new connection: [Errno 111] Connection refused
[2024-03-22T19:25:21.679+0000] {taskinstance.py:1902} ERROR - Task failed with exception
Traceback (most recent call last):
  File "/home/airflow/.local/lib/python3.7/site-packages/urllib3/connection.py", line 175, in _new_conn
    (self._dns_host, self.port), self.timeout, **extra_kw
  File "/home/airflow/.local/lib/python3.7/site-packages/urllib3/util/connection.py", line 95, in create_connection
    raise err
  File "/home/airflow/.local/lib/python3.7/site-packages/urllib3/util/connection.py", line 85, in create_connection
    sock.connect(sa)
ConnectionRefusedError: [Errno 111] Connection refused

During handling of the above exception, another exception occurred:

Traceback (most recent call last):
  File "/home/airflow/.local/lib/python3.7/site-packages/elasticsearch/connection/http_urllib3.py", line 252, in perform_request
    method, url, body, retries=Retry(False), headers=request_headers, **kw
  File "/home/airflow/.local/lib/python3.7/site-packages/urllib3/connectionpool.py", line 788, in urlopen
    method, url, error=e, _pool=self, _stacktrace=sys.exc_info()[2]
  File "/home/airflow/.local/lib/python3.7/site-packages/urllib3/util/retry.py", line 525, in increment
    raise six.reraise(type(error), error, _stacktrace)
  File "/home/airflow/.local/lib/python3.7/site-packages/urllib3/packages/six.py", line 770, in reraise
    raise value
  File "/home/airflow/.local/lib/python3.7/site-packages/urllib3/connectionpool.py", line 710, in urlopen
    chunked=chunked,
  File "/home/airflow/.local/lib/python3.7/site-packages/urllib3/connectionpool.py", line 398, in _make_request
    conn.request(method, url, **httplib_request_kw)
  File "/home/airflow/.local/lib/python3.7/site-packages/urllib3/connection.py", line 239, in request
    super(HTTPConnection, self).request(method, url, body=body, headers=headers)
  File "/usr/local/lib/python3.7/http/client.py", line 1281, in request
    self._send_request(method, url, body, headers, encode_chunked)
  File "/usr/local/lib/python3.7/http/client.py", line 1327, in _send_request
    self.endheaders(body, encode_chunked=encode_chunked)
  File "/usr/local/lib/python3.7/http/client.py", line 1276, in endheaders
    self._send_output(message_body, encode_chunked=encode_chunked)
  File "/usr/local/lib/python3.7/http/client.py", line 1036, in _send_output
    self.send(msg)
  File "/usr/local/lib/python3.7/http/client.py", line 976, in send
    self.connect()
  File "/home/airflow/.local/lib/python3.7/site-packages/urllib3/connection.py", line 205, in connect
    conn = self._new_conn()
  File "/home/airflow/.local/lib/python3.7/site-packages/urllib3/connection.py", line 187, in _new_conn
    self, "Failed to establish a new connection: %s" % e
urllib3.exceptions.NewConnectionError: <urllib3.connection.HTTPConnection object at 0xffff6216e310>: Failed to establish a new connection: [Errno 111] Connection refused

During handling of the above exception, another exception occurred:

Traceback (most recent call last):
  File "/home/airflow/.local/lib/python3.7/site-packages/airflow/operators/python.py", line 171, in execute
    return_value = self.execute_callable()
  File "/home/airflow/.local/lib/python3.7/site-packages/airflow/operators/python.py", line 189, in execute_callable
    return self.python_callable(*self.op_args, **self.op_kwargs)
  File "/opt/airflow/dags/P2M3_elia_DAG.py", line 68, in transfer_data
    res = es.index(index="milestone", doc_type="doc", body=doc)
  File "/home/airflow/.local/lib/python3.7/site-packages/elasticsearch/client/utils.py", line 168, in _wrapped
    return func(*args, params=params, headers=headers, **kwargs)
  File "/home/airflow/.local/lib/python3.7/site-packages/elasticsearch/client/__init__.py", line 411, in index
    body=body,
  File "/home/airflow/.local/lib/python3.7/site-packages/elasticsearch/transport.py", line 413, in perform_request
    raise e
  File "/home/airflow/.local/lib/python3.7/site-packages/elasticsearch/transport.py", line 388, in perform_request
    timeout=timeout,
  File "/home/airflow/.local/lib/python3.7/site-packages/elasticsearch/connection/http_urllib3.py", line 266, in perform_request
    raise ConnectionError("N/A", str(e), e)
elasticsearch.exceptions.ConnectionError: ConnectionError(<urllib3.connection.HTTPConnection object at 0xffff6216e310>: Failed to establish a new connection: [Errno 111] Connection refused) caused by: NewConnectionError(<urllib3.connection.HTTPConnection object at 0xffff6216e310>: Failed to establish a new connection: [Errno 111] Connection refused)
[2024-03-22T19:25:21.831+0000] {taskinstance.py:1412} INFO - Marking task as FAILED. dag_id=milestone3, task_id=transfer_data_to_kibana, execution_date=20240322T192344, start_date=20240322T192513, end_date=20240322T192521
[2024-03-22T19:25:21.899+0000] {standard_task_runner.py:97} ERROR - Failed to execute job 313 for task transfer_data_to_kibana (ConnectionError(<urllib3.connection.HTTPConnection object at 0xffff6216e310>: Failed to establish a new connection: [Errno 111] Connection refused) caused by: NewConnectionError(<urllib3.connection.HTTPConnection object at 0xffff6216e310>: Failed to establish a new connection: [Errno 111] Connection refused); 2631)
[2024-03-22T19:25:21.989+0000] {local_task_job.py:156} INFO - Task exited with return code 1
[2024-03-22T19:25:22.132+0000] {local_task_job.py:279} INFO - 0 downstream tasks scheduled from follow-on schedule check
