[2024-03-23T07:44:42.872+0000] {taskinstance.py:1171} INFO - Dependencies all met for <TaskInstance: milestone3.transfer_data_to_kibana scheduled__2024-03-23T06:00:00+00:00 [queued]>
[2024-03-23T07:44:42.951+0000] {taskinstance.py:1171} INFO - Dependencies all met for <TaskInstance: milestone3.transfer_data_to_kibana scheduled__2024-03-23T06:00:00+00:00 [queued]>
[2024-03-23T07:44:42.953+0000] {taskinstance.py:1368} INFO - 
--------------------------------------------------------------------------------
[2024-03-23T07:44:42.955+0000] {taskinstance.py:1369} INFO - Starting attempt 2 of 2
[2024-03-23T07:44:42.957+0000] {taskinstance.py:1370} INFO - 
--------------------------------------------------------------------------------
[2024-03-23T07:44:43.035+0000] {taskinstance.py:1389} INFO - Executing <Task(PythonOperator): transfer_data_to_kibana> on 2024-03-23 06:00:00+00:00
[2024-03-23T07:44:43.064+0000] {standard_task_runner.py:52} INFO - Started process 203 to run task
[2024-03-23T07:44:43.073+0000] {standard_task_runner.py:79} INFO - Running: ['***', 'tasks', 'run', 'milestone3', 'transfer_data_to_kibana', 'scheduled__2024-03-23T06:00:00+00:00', '--job-id', '357', '--raw', '--subdir', 'DAGS_FOLDER/P2M3_elia_DAG.py', '--cfg-path', '/tmp/tmpydvhqcjv', '--error-file', '/tmp/tmpq_1ar749']
[2024-03-23T07:44:43.082+0000] {standard_task_runner.py:80} INFO - Job 357: Subtask transfer_data_to_kibana
[2024-03-23T07:44:43.572+0000] {task_command.py:371} INFO - Running <TaskInstance: milestone3.transfer_data_to_kibana scheduled__2024-03-23T06:00:00+00:00 [running]> on host 80b200fb75a8
[2024-03-23T07:44:43.855+0000] {taskinstance.py:1583} INFO - Exporting the following env vars:
AIRFLOW_CTX_DAG_OWNER=elia
AIRFLOW_CTX_DAG_ID=milestone3
AIRFLOW_CTX_TASK_ID=transfer_data_to_kibana
AIRFLOW_CTX_EXECUTION_DATE=2024-03-23T06:00:00+00:00
AIRFLOW_CTX_TRY_NUMBER=2
AIRFLOW_CTX_DAG_RUN_ID=scheduled__2024-03-23T06:00:00+00:00
[2024-03-23T07:44:49.902+0000] {logging_mixin.py:115} WARNING - /home/***/.local/lib/python3.7/site-packages/elasticsearch/connection/base.py:208 ElasticsearchWarning: [types removal] Specifying types in document index requests is deprecated, use the typeless endpoints instead (/{index}/_doc/{id}, /{index}/_doc, or /{index}/_create/{id}).
[2024-03-23T07:44:49.942+0000] {base.py:271} INFO - POST http://elasticsearch:9200/milestone/doc [status:201 request:5.028s]
[2024-03-23T07:44:52.661+0000] {base.py:271} INFO - POST http://elasticsearch:9200/milestone/doc [status:201 request:2.696s]
[2024-03-23T07:44:53.148+0000] {base.py:271} INFO - POST http://elasticsearch:9200/milestone/doc [status:201 request:0.443s]
[2024-03-23T07:44:53.276+0000] {base.py:271} INFO - POST http://elasticsearch:9200/milestone/doc [status:201 request:0.123s]
[2024-03-23T07:44:53.996+0000] {base.py:271} INFO - POST http://elasticsearch:9200/milestone/doc [status:201 request:0.711s]
[2024-03-23T07:44:54.109+0000] {base.py:271} INFO - POST http://elasticsearch:9200/milestone/doc [status:201 request:0.100s]
[2024-03-23T07:44:54.200+0000] {base.py:271} INFO - POST http://elasticsearch:9200/milestone/doc [status:201 request:0.087s]
[2024-03-23T07:44:54.263+0000] {base.py:271} INFO - POST http://elasticsearch:9200/milestone/doc [status:201 request:0.062s]
[2024-03-23T07:44:54.399+0000] {base.py:271} INFO - POST http://elasticsearch:9200/milestone/doc [status:201 request:0.135s]
[2024-03-23T07:44:54.563+0000] {base.py:271} INFO - POST http://elasticsearch:9200/milestone/doc [status:201 request:0.163s]
[2024-03-23T07:44:54.714+0000] {base.py:271} INFO - POST http://elasticsearch:9200/milestone/doc [status:201 request:0.142s]
[2024-03-23T07:44:54.771+0000] {base.py:271} INFO - POST http://elasticsearch:9200/milestone/doc [status:201 request:0.055s]
[2024-03-23T07:44:54.921+0000] {base.py:271} INFO - POST http://elasticsearch:9200/milestone/doc [status:201 request:0.148s]
[2024-03-23T07:44:55.001+0000] {base.py:271} INFO - POST http://elasticsearch:9200/milestone/doc [status:201 request:0.079s]
[2024-03-23T07:44:55.024+0000] {base.py:271} INFO - POST http://elasticsearch:9200/milestone/doc [status:201 request:0.023s]
[2024-03-23T07:44:55.049+0000] {base.py:271} INFO - POST http://elasticsearch:9200/milestone/doc [status:201 request:0.024s]
[2024-03-23T07:44:55.075+0000] {base.py:271} INFO - POST http://elasticsearch:9200/milestone/doc [status:201 request:0.026s]
[2024-03-23T07:44:55.097+0000] {base.py:271} INFO - POST http://elasticsearch:9200/milestone/doc [status:201 request:0.020s]
[2024-03-23T07:44:55.133+0000] {base.py:271} INFO - POST http://elasticsearch:9200/milestone/doc [status:201 request:0.036s]
[2024-03-23T07:44:55.158+0000] {base.py:271} INFO - POST http://elasticsearch:9200/milestone/doc [status:201 request:0.024s]
[2024-03-23T07:44:55.197+0000] {base.py:271} INFO - POST http://elasticsearch:9200/milestone/doc [status:201 request:0.038s]
[2024-03-23T07:44:55.245+0000] {base.py:271} INFO - POST http://elasticsearch:9200/milestone/doc [status:201 request:0.043s]
[2024-03-23T07:44:55.263+0000] {base.py:271} INFO - POST http://elasticsearch:9200/milestone/doc [status:201 request:0.015s]
[2024-03-23T07:44:55.292+0000] {base.py:271} INFO - POST http://elasticsearch:9200/milestone/doc [status:201 request:0.028s]
[2024-03-23T07:44:55.338+0000] {base.py:271} INFO - POST http://elasticsearch:9200/milestone/doc [status:201 request:0.034s]
[2024-03-23T07:44:55.396+0000] {base.py:271} INFO - POST http://elasticsearch:9200/milestone/doc [status:201 request:0.056s]
[2024-03-23T07:44:55.418+0000] {base.py:271} INFO - POST http://elasticsearch:9200/milestone/doc [status:201 request:0.021s]
[2024-03-23T07:44:55.462+0000] {base.py:271} INFO - POST http://elasticsearch:9200/milestone/doc [status:201 request:0.042s]
[2024-03-23T07:44:55.545+0000] {base.py:271} INFO - POST http://elasticsearch:9200/milestone/doc [status:201 request:0.080s]
[2024-03-23T07:44:55.611+0000] {base.py:271} INFO - POST http://elasticsearch:9200/milestone/doc [status:201 request:0.059s]
[2024-03-23T07:44:55.703+0000] {base.py:271} INFO - POST http://elasticsearch:9200/milestone/doc [status:201 request:0.091s]
[2024-03-23T07:44:55.759+0000] {base.py:271} INFO - POST http://elasticsearch:9200/milestone/doc [status:201 request:0.055s]
[2024-03-23T07:44:55.868+0000] {base.py:271} INFO - POST http://elasticsearch:9200/milestone/doc [status:201 request:0.108s]
[2024-03-23T07:44:55.956+0000] {base.py:271} INFO - POST http://elasticsearch:9200/milestone/doc [status:201 request:0.087s]
[2024-03-23T07:44:56.079+0000] {base.py:271} INFO - POST http://elasticsearch:9200/milestone/doc [status:201 request:0.122s]
[2024-03-23T07:44:56.151+0000] {base.py:271} INFO - POST http://elasticsearch:9200/milestone/doc [status:201 request:0.070s]
[2024-03-23T07:44:56.504+0000] {base.py:271} INFO - POST http://elasticsearch:9200/milestone/doc [status:201 request:0.353s]
[2024-03-23T07:44:56.844+0000] {base.py:271} INFO - POST http://elasticsearch:9200/milestone/doc [status:201 request:0.338s]
[2024-03-23T07:44:59.744+0000] {base.py:271} INFO - POST http://elasticsearch:9200/milestone/doc [status:201 request:2.895s]
[2024-03-23T07:44:59.783+0000] {base.py:271} INFO - POST http://elasticsearch:9200/milestone/doc [status:201 request:0.021s]
[2024-03-23T07:44:59.846+0000] {base.py:271} INFO - POST http://elasticsearch:9200/milestone/doc [status:201 request:0.060s]
[2024-03-23T07:44:59.866+0000] {base.py:271} INFO - POST http://elasticsearch:9200/milestone/doc [status:201 request:0.020s]
[2024-03-23T07:44:59.883+0000] {base.py:271} INFO - POST http://elasticsearch:9200/milestone/doc [status:201 request:0.016s]
[2024-03-23T07:44:59.913+0000] {base.py:271} INFO - POST http://elasticsearch:9200/milestone/doc [status:201 request:0.025s]
[2024-03-23T07:44:59.931+0000] {base.py:271} INFO - POST http://elasticsearch:9200/milestone/doc [status:201 request:0.016s]
[2024-03-23T07:44:59.957+0000] {base.py:271} INFO - POST http://elasticsearch:9200/milestone/doc [status:201 request:0.025s]
[2024-03-23T07:44:59.975+0000] {base.py:271} INFO - POST http://elasticsearch:9200/milestone/doc [status:201 request:0.016s]
[2024-03-23T07:45:00.000+0000] {base.py:271} INFO - POST http://elasticsearch:9200/milestone/doc [status:201 request:0.024s]
[2024-03-23T07:45:00.141+0000] {base.py:271} INFO - POST http://elasticsearch:9200/milestone/doc [status:201 request:0.139s]
[2024-03-23T07:45:00.167+0000] {base.py:271} INFO - POST http://elasticsearch:9200/milestone/doc [status:201 request:0.024s]
[2024-03-23T07:45:00.210+0000] {base.py:271} INFO - POST http://elasticsearch:9200/milestone/doc [status:201 request:0.043s]
[2024-03-23T07:45:00.237+0000] {base.py:271} INFO - POST http://elasticsearch:9200/milestone/doc [status:201 request:0.026s]
[2024-03-23T07:45:00.315+0000] {base.py:271} INFO - POST http://elasticsearch:9200/milestone/doc [status:201 request:0.077s]
[2024-03-23T07:45:00.491+0000] {base.py:271} INFO - POST http://elasticsearch:9200/milestone/doc [status:201 request:0.175s]
[2024-03-23T07:45:00.752+0000] {base.py:271} INFO - POST http://elasticsearch:9200/milestone/doc [status:201 request:0.260s]
[2024-03-23T07:45:00.825+0000] {base.py:271} INFO - POST http://elasticsearch:9200/milestone/doc [status:201 request:0.071s]
[2024-03-23T07:45:00.894+0000] {base.py:271} INFO - POST http://elasticsearch:9200/milestone/doc [status:201 request:0.062s]
[2024-03-23T07:45:00.921+0000] {base.py:271} INFO - POST http://elasticsearch:9200/milestone/doc [status:201 request:0.027s]
[2024-03-23T07:45:00.948+0000] {base.py:271} INFO - POST http://elasticsearch:9200/milestone/doc [status:201 request:0.024s]
[2024-03-23T07:45:00.987+0000] {base.py:271} INFO - POST http://elasticsearch:9200/milestone/doc [status:201 request:0.037s]
[2024-03-23T07:45:01.029+0000] {base.py:271} INFO - POST http://elasticsearch:9200/milestone/doc [status:201 request:0.040s]
[2024-03-23T07:45:01.047+0000] {base.py:271} INFO - POST http://elasticsearch:9200/milestone/doc [status:201 request:0.015s]
[2024-03-23T07:45:01.063+0000] {base.py:271} INFO - POST http://elasticsearch:9200/milestone/doc [status:201 request:0.014s]
[2024-03-23T07:45:01.133+0000] {base.py:271} INFO - POST http://elasticsearch:9200/milestone/doc [status:201 request:0.069s]
[2024-03-23T07:45:01.273+0000] {base.py:271} INFO - POST http://elasticsearch:9200/milestone/doc [status:201 request:0.137s]
[2024-03-23T07:45:01.602+0000] {base.py:271} INFO - POST http://elasticsearch:9200/milestone/doc [status:201 request:0.324s]
[2024-03-23T07:45:01.819+0000] {base.py:271} INFO - POST http://elasticsearch:9200/milestone/doc [status:201 request:0.208s]
[2024-03-23T07:45:01.874+0000] {base.py:271} INFO - POST http://elasticsearch:9200/milestone/doc [status:201 request:0.043s]
[2024-03-23T07:45:01.912+0000] {base.py:271} INFO - POST http://elasticsearch:9200/milestone/doc [status:201 request:0.030s]
[2024-03-23T07:45:01.944+0000] {base.py:271} INFO - POST http://elasticsearch:9200/milestone/doc [status:201 request:0.029s]
[2024-03-23T07:45:02.001+0000] {base.py:271} INFO - POST http://elasticsearch:9200/milestone/doc [status:201 request:0.039s]
[2024-03-23T07:45:02.028+0000] {base.py:271} INFO - POST http://elasticsearch:9200/milestone/doc [status:201 request:0.018s]
[2024-03-23T07:45:02.049+0000] {base.py:271} INFO - POST http://elasticsearch:9200/milestone/doc [status:201 request:0.019s]
[2024-03-23T07:45:02.086+0000] {base.py:271} INFO - POST http://elasticsearch:9200/milestone/doc [status:201 request:0.027s]
[2024-03-23T07:45:02.150+0000] {base.py:271} INFO - POST http://elasticsearch:9200/milestone/doc [status:201 request:0.046s]
[2024-03-23T07:45:02.203+0000] {base.py:271} INFO - POST http://elasticsearch:9200/milestone/doc [status:201 request:0.052s]
[2024-03-23T07:45:02.219+0000] {base.py:271} INFO - POST http://elasticsearch:9200/milestone/doc [status:201 request:0.015s]
[2024-03-23T07:45:02.262+0000] {base.py:271} INFO - POST http://elasticsearch:9200/milestone/doc [status:201 request:0.041s]
[2024-03-23T07:45:02.290+0000] {base.py:271} INFO - POST http://elasticsearch:9200/milestone/doc [status:201 request:0.027s]
[2024-03-23T07:45:02.343+0000] {base.py:271} INFO - POST http://elasticsearch:9200/milestone/doc [status:201 request:0.050s]
[2024-03-23T07:45:02.370+0000] {base.py:271} INFO - POST http://elasticsearch:9200/milestone/doc [status:201 request:0.026s]
[2024-03-23T07:45:02.389+0000] {base.py:271} INFO - POST http://elasticsearch:9200/milestone/doc [status:201 request:0.017s]
[2024-03-23T07:45:02.432+0000] {base.py:271} INFO - POST http://elasticsearch:9200/milestone/doc [status:201 request:0.042s]
[2024-03-23T07:45:02.507+0000] {base.py:271} INFO - POST http://elasticsearch:9200/milestone/doc [status:201 request:0.071s]
[2024-03-23T07:45:02.536+0000] {base.py:271} INFO - POST http://elasticsearch:9200/milestone/doc [status:201 request:0.025s]
[2024-03-23T07:45:02.569+0000] {base.py:271} INFO - POST http://elasticsearch:9200/milestone/doc [status:201 request:0.032s]
[2024-03-23T07:45:02.698+0000] {base.py:271} INFO - POST http://elasticsearch:9200/milestone/doc [status:201 request:0.125s]
[2024-03-23T07:45:02.773+0000] {base.py:271} INFO - POST http://elasticsearch:9200/milestone/doc [status:201 request:0.061s]
[2024-03-23T07:45:02.852+0000] {base.py:271} INFO - POST http://elasticsearch:9200/milestone/doc [status:201 request:0.057s]
[2024-03-23T07:45:02.917+0000] {base.py:271} INFO - POST http://elasticsearch:9200/milestone/doc [status:201 request:0.054s]
[2024-03-23T07:45:02.966+0000] {base.py:271} INFO - POST http://elasticsearch:9200/milestone/doc [status:201 request:0.033s]
[2024-03-23T07:45:02.982+0000] {base.py:271} INFO - POST http://elasticsearch:9200/milestone/doc [status:201 request:0.015s]
[2024-03-23T07:45:02.999+0000] {base.py:271} INFO - POST http://elasticsearch:9200/milestone/doc [status:201 request:0.016s]
[2024-03-23T07:45:03.037+0000] {base.py:271} INFO - POST http://elasticsearch:9200/milestone/doc [status:201 request:0.037s]
[2024-03-23T07:45:03.092+0000] {base.py:271} INFO - POST http://elasticsearch:9200/milestone/doc [status:201 request:0.044s]
[2024-03-23T07:45:03.188+0000] {base.py:271} INFO - POST http://elasticsearch:9200/milestone/doc [status:201 request:0.094s]
[2024-03-23T07:45:03.345+0000] {base.py:271} INFO - POST http://elasticsearch:9200/milestone/doc [status:201 request:0.139s]
[2024-03-23T07:45:03.525+0000] {base.py:271} INFO - POST http://elasticsearch:9200/milestone/doc [status:201 request:0.167s]
[2024-03-23T07:45:03.642+0000] {base.py:271} INFO - POST http://elasticsearch:9200/milestone/doc [status:201 request:0.098s]
[2024-03-23T07:45:03.794+0000] {base.py:271} INFO - POST http://elasticsearch:9200/milestone/doc [status:201 request:0.064s]
[2024-03-23T07:45:03.854+0000] {base.py:271} INFO - POST http://elasticsearch:9200/milestone/doc [status:201 request:0.033s]
[2024-03-23T07:45:03.904+0000] {base.py:271} INFO - POST http://elasticsearch:9200/milestone/doc [status:201 request:0.043s]
[2024-03-23T07:45:03.997+0000] {base.py:271} INFO - POST http://elasticsearch:9200/milestone/doc [status:201 request:0.064s]
[2024-03-23T07:45:04.049+0000] {base.py:271} INFO - POST http://elasticsearch:9200/milestone/doc [status:201 request:0.047s]
[2024-03-23T07:45:04.079+0000] {base.py:271} INFO - POST http://elasticsearch:9200/milestone/doc [status:201 request:0.027s]
[2024-03-23T07:45:04.173+0000] {base.py:271} INFO - POST http://elasticsearch:9200/milestone/doc [status:201 request:0.075s]
[2024-03-23T07:45:04.204+0000] {base.py:271} INFO - POST http://elasticsearch:9200/milestone/doc [status:201 request:0.017s]
[2024-03-23T07:45:04.226+0000] {base.py:271} INFO - POST http://elasticsearch:9200/milestone/doc [status:201 request:0.021s]
[2024-03-23T07:45:04.252+0000] {base.py:271} INFO - POST http://elasticsearch:9200/milestone/doc [status:201 request:0.023s]
[2024-03-23T07:45:04.266+0000] {base.py:271} INFO - POST http://elasticsearch:9200/milestone/doc [status:201 request:0.011s]
[2024-03-23T07:45:04.275+0000] {base.py:271} INFO - POST http://elasticsearch:9200/milestone/doc [status:201 request:0.008s]
[2024-03-23T07:45:04.312+0000] {base.py:271} INFO - POST http://elasticsearch:9200/milestone/doc [status:201 request:0.036s]
[2024-03-23T07:45:04.345+0000] {base.py:271} INFO - POST http://elasticsearch:9200/milestone/doc [status:201 request:0.028s]
[2024-03-23T07:45:04.540+0000] {base.py:271} INFO - POST http://elasticsearch:9200/milestone/doc [status:201 request:0.194s]
[2024-03-23T07:45:04.629+0000] {base.py:271} INFO - POST http://elasticsearch:9200/milestone/doc [status:201 request:0.080s]
[2024-03-23T07:45:04.723+0000] {base.py:271} INFO - POST http://elasticsearch:9200/milestone/doc [status:201 request:0.091s]
[2024-03-23T07:45:04.821+0000] {base.py:271} INFO - POST http://elasticsearch:9200/milestone/doc [status:201 request:0.084s]
[2024-03-23T07:45:05.124+0000] {base.py:271} INFO - POST http://elasticsearch:9200/milestone/doc [status:201 request:0.274s]
[2024-03-23T07:45:05.208+0000] {base.py:271} INFO - POST http://elasticsearch:9200/milestone/doc [status:201 request:0.058s]
[2024-03-23T07:45:05.235+0000] {base.py:271} INFO - POST http://elasticsearch:9200/milestone/doc [status:201 request:0.024s]
[2024-03-23T07:45:05.248+0000] {base.py:271} INFO - POST http://elasticsearch:9200/milestone/doc [status:201 request:0.010s]
[2024-03-23T07:45:05.346+0000] {base.py:271} INFO - POST http://elasticsearch:9200/milestone/doc [status:201 request:0.098s]
[2024-03-23T07:45:05.445+0000] {base.py:271} INFO - POST http://elasticsearch:9200/milestone/doc [status:201 request:0.077s]
[2024-03-23T07:45:05.497+0000] {base.py:271} INFO - POST http://elasticsearch:9200/milestone/doc [status:201 request:0.041s]
[2024-03-23T07:45:05.576+0000] {base.py:271} INFO - POST http://elasticsearch:9200/milestone/doc [status:201 request:0.077s]
[2024-03-23T07:45:05.590+0000] {base.py:271} INFO - POST http://elasticsearch:9200/milestone/doc [status:201 request:0.010s]
[2024-03-23T07:45:05.610+0000] {base.py:271} INFO - POST http://elasticsearch:9200/milestone/doc [status:201 request:0.019s]
[2024-03-23T07:45:05.618+0000] {base.py:271} INFO - POST http://elasticsearch:9200/milestone/doc [status:201 request:0.006s]
[2024-03-23T07:45:05.685+0000] {base.py:271} INFO - POST http://elasticsearch:9200/milestone/doc [status:201 request:0.066s]
[2024-03-23T07:45:05.700+0000] {base.py:271} INFO - POST http://elasticsearch:9200/milestone/doc [status:201 request:0.012s]
[2024-03-23T07:45:05.718+0000] {base.py:271} INFO - POST http://elasticsearch:9200/milestone/doc [status:201 request:0.017s]
[2024-03-23T07:45:05.762+0000] {base.py:271} INFO - POST http://elasticsearch:9200/milestone/doc [status:201 request:0.042s]
[2024-03-23T07:45:05.769+0000] {base.py:271} INFO - POST http://elasticsearch:9200/milestone/doc [status:201 request:0.007s]
[2024-03-23T07:45:05.781+0000] {base.py:271} INFO - POST http://elasticsearch:9200/milestone/doc [status:201 request:0.009s]
[2024-03-23T07:45:05.788+0000] {base.py:271} INFO - POST http://elasticsearch:9200/milestone/doc [status:201 request:0.006s]
[2024-03-23T07:45:05.796+0000] {base.py:271} INFO - POST http://elasticsearch:9200/milestone/doc [status:201 request:0.007s]
[2024-03-23T07:45:05.803+0000] {base.py:271} INFO - POST http://elasticsearch:9200/milestone/doc [status:201 request:0.007s]
[2024-03-23T07:45:05.815+0000] {base.py:271} INFO - POST http://elasticsearch:9200/milestone/doc [status:201 request:0.011s]
[2024-03-23T07:45:05.823+0000] {base.py:271} INFO - POST http://elasticsearch:9200/milestone/doc [status:201 request:0.007s]
[2024-03-23T07:45:05.833+0000] {base.py:271} INFO - POST http://elasticsearch:9200/milestone/doc [status:201 request:0.009s]
[2024-03-23T07:45:05.849+0000] {base.py:271} INFO - POST http://elasticsearch:9200/milestone/doc [status:201 request:0.010s]
[2024-03-23T07:45:05.859+0000] {base.py:271} INFO - POST http://elasticsearch:9200/milestone/doc [status:201 request:0.009s]
[2024-03-23T07:45:05.876+0000] {base.py:271} INFO - POST http://elasticsearch:9200/milestone/doc [status:201 request:0.015s]
[2024-03-23T07:45:05.893+0000] {base.py:271} INFO - POST http://elasticsearch:9200/milestone/doc [status:201 request:0.015s]
[2024-03-23T07:45:05.910+0000] {base.py:271} INFO - POST http://elasticsearch:9200/milestone/doc [status:201 request:0.016s]
[2024-03-23T07:45:05.918+0000] {base.py:271} INFO - POST http://elasticsearch:9200/milestone/doc [status:201 request:0.007s]
[2024-03-23T07:45:05.924+0000] {base.py:271} INFO - POST http://elasticsearch:9200/milestone/doc [status:201 request:0.005s]
[2024-03-23T07:45:05.931+0000] {base.py:271} INFO - POST http://elasticsearch:9200/milestone/doc [status:201 request:0.006s]
[2024-03-23T07:45:05.937+0000] {base.py:271} INFO - POST http://elasticsearch:9200/milestone/doc [status:201 request:0.006s]
[2024-03-23T07:45:05.946+0000] {base.py:271} INFO - POST http://elasticsearch:9200/milestone/doc [status:201 request:0.008s]
[2024-03-23T07:45:05.955+0000] {base.py:271} INFO - POST http://elasticsearch:9200/milestone/doc [status:201 request:0.008s]
[2024-03-23T07:45:05.977+0000] {base.py:271} INFO - POST http://elasticsearch:9200/milestone/doc [status:201 request:0.021s]
[2024-03-23T07:45:06.000+0000] {base.py:271} INFO - POST http://elasticsearch:9200/milestone/doc [status:201 request:0.022s]
[2024-03-23T07:45:06.089+0000] {base.py:271} INFO - POST http://elasticsearch:9200/milestone/doc [status:201 request:0.089s]
[2024-03-23T07:45:06.220+0000] {base.py:271} INFO - POST http://elasticsearch:9200/milestone/doc [status:201 request:0.127s]
[2024-03-23T07:45:06.313+0000] {base.py:271} INFO - POST http://elasticsearch:9200/milestone/doc [status:201 request:0.091s]
[2024-03-23T07:45:06.375+0000] {base.py:271} INFO - POST http://elasticsearch:9200/milestone/doc [status:201 request:0.058s]
[2024-03-23T07:45:06.412+0000] {base.py:271} INFO - POST http://elasticsearch:9200/milestone/doc [status:201 request:0.036s]
[2024-03-23T07:45:06.442+0000] {base.py:271} INFO - POST http://elasticsearch:9200/milestone/doc [status:201 request:0.029s]
[2024-03-23T07:45:06.460+0000] {base.py:271} INFO - POST http://elasticsearch:9200/milestone/doc [status:201 request:0.017s]
[2024-03-23T07:45:06.581+0000] {base.py:271} INFO - POST http://elasticsearch:9200/milestone/doc [status:201 request:0.121s]
[2024-03-23T07:45:06.613+0000] {base.py:271} INFO - POST http://elasticsearch:9200/milestone/doc [status:201 request:0.029s]
[2024-03-23T07:45:06.706+0000] {base.py:271} INFO - POST http://elasticsearch:9200/milestone/doc [status:201 request:0.092s]
[2024-03-23T07:45:06.743+0000] {base.py:271} INFO - POST http://elasticsearch:9200/milestone/doc [status:201 request:0.035s]
[2024-03-23T07:45:06.774+0000] {base.py:271} INFO - POST http://elasticsearch:9200/milestone/doc [status:201 request:0.030s]
[2024-03-23T07:45:06.795+0000] {base.py:271} INFO - POST http://elasticsearch:9200/milestone/doc [status:201 request:0.021s]
[2024-03-23T07:45:06.812+0000] {base.py:271} INFO - POST http://elasticsearch:9200/milestone/doc [status:201 request:0.015s]
[2024-03-23T07:45:06.835+0000] {base.py:271} INFO - POST http://elasticsearch:9200/milestone/doc [status:201 request:0.022s]
[2024-03-23T07:45:06.864+0000] {base.py:271} INFO - POST http://elasticsearch:9200/milestone/doc [status:201 request:0.028s]
[2024-03-23T07:45:06.900+0000] {base.py:271} INFO - POST http://elasticsearch:9200/milestone/doc [status:201 request:0.035s]
[2024-03-23T07:45:06.943+0000] {base.py:271} INFO - POST http://elasticsearch:9200/milestone/doc [status:201 request:0.042s]
[2024-03-23T07:45:06.968+0000] {base.py:271} INFO - POST http://elasticsearch:9200/milestone/doc [status:201 request:0.023s]
[2024-03-23T07:45:06.991+0000] {base.py:271} INFO - POST http://elasticsearch:9200/milestone/doc [status:201 request:0.022s]
[2024-03-23T07:45:06.999+0000] {base.py:271} INFO - POST http://elasticsearch:9200/milestone/doc [status:201 request:0.007s]
[2024-03-23T07:45:07.025+0000] {base.py:271} INFO - POST http://elasticsearch:9200/milestone/doc [status:201 request:0.026s]
[2024-03-23T07:45:07.067+0000] {base.py:271} INFO - POST http://elasticsearch:9200/milestone/doc [status:201 request:0.041s]
[2024-03-23T07:45:07.081+0000] {base.py:271} INFO - POST http://elasticsearch:9200/milestone/doc [status:201 request:0.012s]
[2024-03-23T07:45:07.089+0000] {base.py:271} INFO - POST http://elasticsearch:9200/milestone/doc [status:201 request:0.008s]
[2024-03-23T07:45:07.099+0000] {base.py:271} INFO - POST http://elasticsearch:9200/milestone/doc [status:201 request:0.009s]
[2024-03-23T07:45:07.171+0000] {base.py:271} INFO - POST http://elasticsearch:9200/milestone/doc [status:201 request:0.071s]
[2024-03-23T07:45:07.352+0000] {base.py:271} INFO - POST http://elasticsearch:9200/milestone/doc [status:201 request:0.180s]
[2024-03-23T07:45:07.373+0000] {base.py:271} INFO - POST http://elasticsearch:9200/milestone/doc [status:201 request:0.020s]
[2024-03-23T07:45:07.393+0000] {base.py:271} INFO - POST http://elasticsearch:9200/milestone/doc [status:201 request:0.019s]
[2024-03-23T07:45:07.428+0000] {base.py:271} INFO - POST http://elasticsearch:9200/milestone/doc [status:201 request:0.030s]
[2024-03-23T07:45:07.451+0000] {base.py:271} INFO - POST http://elasticsearch:9200/milestone/doc [status:201 request:0.019s]
[2024-03-23T07:45:07.471+0000] {base.py:271} INFO - POST http://elasticsearch:9200/milestone/doc [status:201 request:0.018s]
[2024-03-23T07:45:07.485+0000] {base.py:271} INFO - POST http://elasticsearch:9200/milestone/doc [status:201 request:0.013s]
[2024-03-23T07:45:07.498+0000] {base.py:271} INFO - POST http://elasticsearch:9200/milestone/doc [status:201 request:0.011s]
[2024-03-23T07:45:07.515+0000] {base.py:271} INFO - POST http://elasticsearch:9200/milestone/doc [status:201 request:0.015s]
[2024-03-23T07:45:07.575+0000] {base.py:271} INFO - POST http://elasticsearch:9200/milestone/doc [status:201 request:0.056s]
[2024-03-23T07:45:07.592+0000] {base.py:271} INFO - POST http://elasticsearch:9200/milestone/doc [status:201 request:0.017s]
[2024-03-23T07:45:07.612+0000] {base.py:271} INFO - POST http://elasticsearch:9200/milestone/doc [status:201 request:0.016s]
[2024-03-23T07:45:07.630+0000] {base.py:271} INFO - POST http://elasticsearch:9200/milestone/doc [status:201 request:0.017s]
[2024-03-23T07:45:07.652+0000] {base.py:271} INFO - POST http://elasticsearch:9200/milestone/doc [status:201 request:0.021s]
[2024-03-23T07:45:07.662+0000] {base.py:271} INFO - POST http://elasticsearch:9200/milestone/doc [status:201 request:0.009s]
[2024-03-23T07:45:07.672+0000] {base.py:271} INFO - POST http://elasticsearch:9200/milestone/doc [status:201 request:0.009s]
[2024-03-23T07:45:07.685+0000] {base.py:271} INFO - POST http://elasticsearch:9200/milestone/doc [status:201 request:0.012s]
[2024-03-23T07:45:07.690+0000] {base.py:271} INFO - POST http://elasticsearch:9200/milestone/doc [status:201 request:0.004s]
[2024-03-23T07:45:07.725+0000] {base.py:271} INFO - POST http://elasticsearch:9200/milestone/doc [status:201 request:0.034s]
[2024-03-23T07:45:07.739+0000] {base.py:271} INFO - POST http://elasticsearch:9200/milestone/doc [status:201 request:0.013s]
[2024-03-23T07:45:07.748+0000] {base.py:271} INFO - POST http://elasticsearch:9200/milestone/doc [status:201 request:0.009s]
[2024-03-23T07:45:07.797+0000] {base.py:271} INFO - POST http://elasticsearch:9200/milestone/doc [status:201 request:0.047s]
[2024-03-23T07:45:07.823+0000] {base.py:271} INFO - POST http://elasticsearch:9200/milestone/doc [status:201 request:0.023s]
[2024-03-23T07:45:07.831+0000] {base.py:271} INFO - POST http://elasticsearch:9200/milestone/doc [status:201 request:0.006s]
[2024-03-23T07:45:07.836+0000] {base.py:271} INFO - POST http://elasticsearch:9200/milestone/doc [status:201 request:0.004s]
[2024-03-23T07:45:07.890+0000] {base.py:271} INFO - POST http://elasticsearch:9200/milestone/doc [status:201 request:0.050s]
[2024-03-23T07:45:07.928+0000] {base.py:271} INFO - POST http://elasticsearch:9200/milestone/doc [status:201 request:0.037s]
[2024-03-23T07:45:07.951+0000] {base.py:271} INFO - POST http://elasticsearch:9200/milestone/doc [status:201 request:0.018s]
[2024-03-23T07:45:07.965+0000] {base.py:271} INFO - POST http://elasticsearch:9200/milestone/doc [status:201 request:0.012s]
[2024-03-23T07:45:07.992+0000] {base.py:271} INFO - POST http://elasticsearch:9200/milestone/doc [status:201 request:0.027s]
[2024-03-23T07:45:08.037+0000] {base.py:271} INFO - POST http://elasticsearch:9200/milestone/doc [status:201 request:0.042s]
[2024-03-23T07:45:08.048+0000] {base.py:271} INFO - POST http://elasticsearch:9200/milestone/doc [status:201 request:0.010s]
[2024-03-23T07:45:08.062+0000] {base.py:271} INFO - POST http://elasticsearch:9200/milestone/doc [status:201 request:0.012s]
[2024-03-23T07:45:08.068+0000] {base.py:271} INFO - POST http://elasticsearch:9200/milestone/doc [status:201 request:0.006s]
[2024-03-23T07:45:08.078+0000] {base.py:271} INFO - POST http://elasticsearch:9200/milestone/doc [status:201 request:0.008s]
[2024-03-23T07:45:08.084+0000] {base.py:271} INFO - POST http://elasticsearch:9200/milestone/doc [status:201 request:0.006s]
[2024-03-23T07:45:08.092+0000] {base.py:271} INFO - POST http://elasticsearch:9200/milestone/doc [status:201 request:0.008s]
[2024-03-23T07:45:08.097+0000] {base.py:271} INFO - POST http://elasticsearch:9200/milestone/doc [status:201 request:0.004s]
[2024-03-23T07:45:08.103+0000] {base.py:271} INFO - POST http://elasticsearch:9200/milestone/doc [status:201 request:0.005s]
[2024-03-23T07:45:08.116+0000] {base.py:271} INFO - POST http://elasticsearch:9200/milestone/doc [status:201 request:0.012s]
[2024-03-23T07:45:08.140+0000] {base.py:271} INFO - POST http://elasticsearch:9200/milestone/doc [status:201 request:0.023s]
[2024-03-23T07:45:08.186+0000] {base.py:271} INFO - POST http://elasticsearch:9200/milestone/doc [status:201 request:0.043s]
[2024-03-23T07:45:08.206+0000] {base.py:271} INFO - POST http://elasticsearch:9200/milestone/doc [status:201 request:0.018s]
[2024-03-23T07:45:08.224+0000] {base.py:271} INFO - POST http://elasticsearch:9200/milestone/doc [status:201 request:0.016s]
[2024-03-23T07:45:08.254+0000] {base.py:271} INFO - POST http://elasticsearch:9200/milestone/doc [status:201 request:0.021s]
[2024-03-23T07:45:08.281+0000] {base.py:271} INFO - POST http://elasticsearch:9200/milestone/doc [status:201 request:0.020s]
[2024-03-23T07:45:08.481+0000] {base.py:271} INFO - POST http://elasticsearch:9200/milestone/doc [status:201 request:0.179s]
[2024-03-23T07:45:08.557+0000] {base.py:271} INFO - POST http://elasticsearch:9200/milestone/doc [status:201 request:0.049s]
[2024-03-23T07:45:08.626+0000] {base.py:271} INFO - POST http://elasticsearch:9200/milestone/doc [status:201 request:0.067s]
[2024-03-23T07:45:08.675+0000] {base.py:271} INFO - POST http://elasticsearch:9200/milestone/doc [status:201 request:0.040s]
[2024-03-23T07:45:08.763+0000] {base.py:271} INFO - POST http://elasticsearch:9200/milestone/doc [status:201 request:0.072s]
[2024-03-23T07:45:09.054+0000] {base.py:271} INFO - POST http://elasticsearch:9200/milestone/doc [status:201 request:0.255s]
[2024-03-23T07:45:09.431+0000] {base.py:271} INFO - POST http://elasticsearch:9200/milestone/doc [status:201 request:0.343s]
[2024-03-23T07:45:09.671+0000] {base.py:271} INFO - POST http://elasticsearch:9200/milestone/doc [status:201 request:0.192s]
[2024-03-23T07:45:09.740+0000] {base.py:271} INFO - POST http://elasticsearch:9200/milestone/doc [status:201 request:0.035s]
[2024-03-23T07:45:09.780+0000] {base.py:271} INFO - POST http://elasticsearch:9200/milestone/doc [status:201 request:0.038s]
[2024-03-23T07:45:09.800+0000] {base.py:271} INFO - POST http://elasticsearch:9200/milestone/doc [status:201 request:0.018s]
[2024-03-23T07:45:11.154+0000] {base.py:271} INFO - POST http://elasticsearch:9200/milestone/doc [status:201 request:1.345s]
[2024-03-23T07:45:11.183+0000] {base.py:271} INFO - POST http://elasticsearch:9200/milestone/doc [status:201 request:0.015s]
[2024-03-23T07:45:11.243+0000] {base.py:271} INFO - POST http://elasticsearch:9200/milestone/doc [status:201 request:0.059s]
[2024-03-23T07:45:11.312+0000] {base.py:271} INFO - POST http://elasticsearch:9200/milestone/doc [status:201 request:0.068s]
[2024-03-23T07:45:11.373+0000] {base.py:271} INFO - POST http://elasticsearch:9200/milestone/doc [status:201 request:0.043s]
[2024-03-23T07:45:11.431+0000] {base.py:271} INFO - POST http://elasticsearch:9200/milestone/doc [status:201 request:0.045s]
[2024-03-23T07:45:11.527+0000] {base.py:271} INFO - POST http://elasticsearch:9200/milestone/doc [status:201 request:0.085s]
[2024-03-23T07:45:11.580+0000] {base.py:271} INFO - POST http://elasticsearch:9200/milestone/doc [status:201 request:0.048s]
[2024-03-23T07:45:11.591+0000] {base.py:271} INFO - POST http://elasticsearch:9200/milestone/doc [status:201 request:0.010s]
[2024-03-23T07:45:11.597+0000] {base.py:271} INFO - POST http://elasticsearch:9200/milestone/doc [status:201 request:0.005s]
[2024-03-23T07:45:11.602+0000] {base.py:271} INFO - POST http://elasticsearch:9200/milestone/doc [status:201 request:0.004s]
[2024-03-23T07:45:11.608+0000] {base.py:271} INFO - POST http://elasticsearch:9200/milestone/doc [status:201 request:0.006s]
[2024-03-23T07:45:11.614+0000] {base.py:271} INFO - POST http://elasticsearch:9200/milestone/doc [status:201 request:0.005s]
[2024-03-23T07:45:11.623+0000] {base.py:271} INFO - POST http://elasticsearch:9200/milestone/doc [status:201 request:0.008s]
[2024-03-23T07:45:11.630+0000] {base.py:271} INFO - POST http://elasticsearch:9200/milestone/doc [status:201 request:0.006s]
[2024-03-23T07:45:11.642+0000] {base.py:271} INFO - POST http://elasticsearch:9200/milestone/doc [status:201 request:0.010s]
[2024-03-23T07:45:11.655+0000] {base.py:271} INFO - POST http://elasticsearch:9200/milestone/doc [status:201 request:0.013s]
[2024-03-23T07:45:11.675+0000] {base.py:271} INFO - POST http://elasticsearch:9200/milestone/doc [status:201 request:0.016s]
[2024-03-23T07:45:11.692+0000] {base.py:271} INFO - POST http://elasticsearch:9200/milestone/doc [status:201 request:0.015s]
[2024-03-23T07:45:11.725+0000] {base.py:271} INFO - POST http://elasticsearch:9200/milestone/doc [status:201 request:0.031s]
[2024-03-23T07:45:11.786+0000] {base.py:271} INFO - POST http://elasticsearch:9200/milestone/doc [status:201 request:0.060s]
[2024-03-23T07:45:11.825+0000] {base.py:271} INFO - POST http://elasticsearch:9200/milestone/doc [status:201 request:0.038s]
[2024-03-23T07:45:11.854+0000] {base.py:271} INFO - POST http://elasticsearch:9200/milestone/doc [status:201 request:0.027s]
[2024-03-23T07:45:11.960+0000] {base.py:271} INFO - POST http://elasticsearch:9200/milestone/doc [status:201 request:0.104s]
[2024-03-23T07:45:12.048+0000] {base.py:271} INFO - POST http://elasticsearch:9200/milestone/doc [status:201 request:0.076s]
[2024-03-23T07:45:12.113+0000] {base.py:271} INFO - POST http://elasticsearch:9200/milestone/doc [status:201 request:0.055s]
[2024-03-23T07:45:12.181+0000] {base.py:271} INFO - POST http://elasticsearch:9200/milestone/doc [status:201 request:0.066s]
[2024-03-23T07:45:12.234+0000] {base.py:271} INFO - POST http://elasticsearch:9200/milestone/doc [status:201 request:0.043s]
[2024-03-23T07:45:12.476+0000] {base.py:271} INFO - POST http://elasticsearch:9200/milestone/doc [status:201 request:0.229s]
[2024-03-23T07:45:13.172+0000] {base.py:271} INFO - POST http://elasticsearch:9200/milestone/doc [status:201 request:0.637s]
[2024-03-23T07:45:13.899+0000] {base.py:271} INFO - POST http://elasticsearch:9200/milestone/doc [status:201 request:0.691s]
[2024-03-23T07:45:14.934+0000] {base.py:299} WARNING - POST http://elasticsearch:9200/milestone/doc [status:N/A request:0.468s]
Traceback (most recent call last):
  File "/home/airflow/.local/lib/python3.7/site-packages/urllib3/connectionpool.py", line 710, in urlopen
    chunked=chunked,
  File "/home/airflow/.local/lib/python3.7/site-packages/urllib3/connectionpool.py", line 449, in _make_request
    six.raise_from(e, None)
  File "<string>", line 3, in raise_from
  File "/home/airflow/.local/lib/python3.7/site-packages/urllib3/connectionpool.py", line 444, in _make_request
    httplib_response = conn.getresponse()
  File "/usr/local/lib/python3.7/http/client.py", line 1373, in getresponse
    response.begin()
  File "/usr/local/lib/python3.7/http/client.py", line 319, in begin
    version, status, reason = self._read_status()
  File "/usr/local/lib/python3.7/http/client.py", line 288, in _read_status
    raise RemoteDisconnected("Remote end closed connection without"
http.client.RemoteDisconnected: Remote end closed connection without response

During handling of the above exception, another exception occurred:

Traceback (most recent call last):
  File "/home/airflow/.local/lib/python3.7/site-packages/elasticsearch/connection/http_urllib3.py", line 252, in perform_request
    method, url, body, retries=Retry(False), headers=request_headers, **kw
  File "/home/airflow/.local/lib/python3.7/site-packages/urllib3/connectionpool.py", line 788, in urlopen
    method, url, error=e, _pool=self, _stacktrace=sys.exc_info()[2]
  File "/home/airflow/.local/lib/python3.7/site-packages/urllib3/util/retry.py", line 525, in increment
    raise six.reraise(type(error), error, _stacktrace)
  File "/home/airflow/.local/lib/python3.7/site-packages/urllib3/packages/six.py", line 769, in reraise
    raise value.with_traceback(tb)
  File "/home/airflow/.local/lib/python3.7/site-packages/urllib3/connectionpool.py", line 710, in urlopen
    chunked=chunked,
  File "/home/airflow/.local/lib/python3.7/site-packages/urllib3/connectionpool.py", line 449, in _make_request
    six.raise_from(e, None)
  File "<string>", line 3, in raise_from
  File "/home/airflow/.local/lib/python3.7/site-packages/urllib3/connectionpool.py", line 444, in _make_request
    httplib_response = conn.getresponse()
  File "/usr/local/lib/python3.7/http/client.py", line 1373, in getresponse
    response.begin()
  File "/usr/local/lib/python3.7/http/client.py", line 319, in begin
    version, status, reason = self._read_status()
  File "/usr/local/lib/python3.7/http/client.py", line 288, in _read_status
    raise RemoteDisconnected("Remote end closed connection without"
urllib3.exceptions.ProtocolError: ('Connection aborted.', RemoteDisconnected('Remote end closed connection without response'))
[2024-03-23T07:45:15.023+0000] {base.py:299} WARNING - POST http://elasticsearch:9200/milestone/doc [status:N/A request:0.017s]
Traceback (most recent call last):
  File "/home/airflow/.local/lib/python3.7/site-packages/urllib3/connection.py", line 175, in _new_conn
    (self._dns_host, self.port), self.timeout, **extra_kw
  File "/home/airflow/.local/lib/python3.7/site-packages/urllib3/util/connection.py", line 95, in create_connection
    raise err
  File "/home/airflow/.local/lib/python3.7/site-packages/urllib3/util/connection.py", line 85, in create_connection
    sock.connect(sa)
ConnectionRefusedError: [Errno 111] Connection refused

During handling of the above exception, another exception occurred:

Traceback (most recent call last):
  File "/home/airflow/.local/lib/python3.7/site-packages/elasticsearch/connection/http_urllib3.py", line 252, in perform_request
    method, url, body, retries=Retry(False), headers=request_headers, **kw
  File "/home/airflow/.local/lib/python3.7/site-packages/urllib3/connectionpool.py", line 788, in urlopen
    method, url, error=e, _pool=self, _stacktrace=sys.exc_info()[2]
  File "/home/airflow/.local/lib/python3.7/site-packages/urllib3/util/retry.py", line 525, in increment
    raise six.reraise(type(error), error, _stacktrace)
  File "/home/airflow/.local/lib/python3.7/site-packages/urllib3/packages/six.py", line 770, in reraise
    raise value
  File "/home/airflow/.local/lib/python3.7/site-packages/urllib3/connectionpool.py", line 710, in urlopen
    chunked=chunked,
  File "/home/airflow/.local/lib/python3.7/site-packages/urllib3/connectionpool.py", line 398, in _make_request
    conn.request(method, url, **httplib_request_kw)
  File "/home/airflow/.local/lib/python3.7/site-packages/urllib3/connection.py", line 239, in request
    super(HTTPConnection, self).request(method, url, body=body, headers=headers)
  File "/usr/local/lib/python3.7/http/client.py", line 1281, in request
    self._send_request(method, url, body, headers, encode_chunked)
  File "/usr/local/lib/python3.7/http/client.py", line 1327, in _send_request
    self.endheaders(body, encode_chunked=encode_chunked)
  File "/usr/local/lib/python3.7/http/client.py", line 1276, in endheaders
    self._send_output(message_body, encode_chunked=encode_chunked)
  File "/usr/local/lib/python3.7/http/client.py", line 1036, in _send_output
    self.send(msg)
  File "/usr/local/lib/python3.7/http/client.py", line 976, in send
    self.connect()
  File "/home/airflow/.local/lib/python3.7/site-packages/urllib3/connection.py", line 205, in connect
    conn = self._new_conn()
  File "/home/airflow/.local/lib/python3.7/site-packages/urllib3/connection.py", line 187, in _new_conn
    self, "Failed to establish a new connection: %s" % e
urllib3.exceptions.NewConnectionError: <urllib3.connection.HTTPConnection object at 0xffff7aa67b90>: Failed to establish a new connection: [Errno 111] Connection refused
[2024-03-23T07:45:15.042+0000] {base.py:299} WARNING - POST http://elasticsearch:9200/milestone/doc [status:N/A request:0.005s]
Traceback (most recent call last):
  File "/home/airflow/.local/lib/python3.7/site-packages/urllib3/connection.py", line 175, in _new_conn
    (self._dns_host, self.port), self.timeout, **extra_kw
  File "/home/airflow/.local/lib/python3.7/site-packages/urllib3/util/connection.py", line 95, in create_connection
    raise err
  File "/home/airflow/.local/lib/python3.7/site-packages/urllib3/util/connection.py", line 85, in create_connection
    sock.connect(sa)
ConnectionRefusedError: [Errno 111] Connection refused

During handling of the above exception, another exception occurred:

Traceback (most recent call last):
  File "/home/airflow/.local/lib/python3.7/site-packages/elasticsearch/connection/http_urllib3.py", line 252, in perform_request
    method, url, body, retries=Retry(False), headers=request_headers, **kw
  File "/home/airflow/.local/lib/python3.7/site-packages/urllib3/connectionpool.py", line 788, in urlopen
    method, url, error=e, _pool=self, _stacktrace=sys.exc_info()[2]
  File "/home/airflow/.local/lib/python3.7/site-packages/urllib3/util/retry.py", line 525, in increment
    raise six.reraise(type(error), error, _stacktrace)
  File "/home/airflow/.local/lib/python3.7/site-packages/urllib3/packages/six.py", line 770, in reraise
    raise value
  File "/home/airflow/.local/lib/python3.7/site-packages/urllib3/connectionpool.py", line 710, in urlopen
    chunked=chunked,
  File "/home/airflow/.local/lib/python3.7/site-packages/urllib3/connectionpool.py", line 398, in _make_request
    conn.request(method, url, **httplib_request_kw)
  File "/home/airflow/.local/lib/python3.7/site-packages/urllib3/connection.py", line 239, in request
    super(HTTPConnection, self).request(method, url, body=body, headers=headers)
  File "/usr/local/lib/python3.7/http/client.py", line 1281, in request
    self._send_request(method, url, body, headers, encode_chunked)
  File "/usr/local/lib/python3.7/http/client.py", line 1327, in _send_request
    self.endheaders(body, encode_chunked=encode_chunked)
  File "/usr/local/lib/python3.7/http/client.py", line 1276, in endheaders
    self._send_output(message_body, encode_chunked=encode_chunked)
  File "/usr/local/lib/python3.7/http/client.py", line 1036, in _send_output
    self.send(msg)
  File "/usr/local/lib/python3.7/http/client.py", line 976, in send
    self.connect()
  File "/home/airflow/.local/lib/python3.7/site-packages/urllib3/connection.py", line 205, in connect
    conn = self._new_conn()
  File "/home/airflow/.local/lib/python3.7/site-packages/urllib3/connection.py", line 187, in _new_conn
    self, "Failed to establish a new connection: %s" % e
urllib3.exceptions.NewConnectionError: <urllib3.connection.HTTPConnection object at 0xffff7a9d94d0>: Failed to establish a new connection: [Errno 111] Connection refused
[2024-03-23T07:45:15.054+0000] {base.py:299} WARNING - POST http://elasticsearch:9200/milestone/doc [status:N/A request:0.001s]
Traceback (most recent call last):
  File "/home/airflow/.local/lib/python3.7/site-packages/urllib3/connection.py", line 175, in _new_conn
    (self._dns_host, self.port), self.timeout, **extra_kw
  File "/home/airflow/.local/lib/python3.7/site-packages/urllib3/util/connection.py", line 95, in create_connection
    raise err
  File "/home/airflow/.local/lib/python3.7/site-packages/urllib3/util/connection.py", line 85, in create_connection
    sock.connect(sa)
ConnectionRefusedError: [Errno 111] Connection refused

During handling of the above exception, another exception occurred:

Traceback (most recent call last):
  File "/home/airflow/.local/lib/python3.7/site-packages/elasticsearch/connection/http_urllib3.py", line 252, in perform_request
    method, url, body, retries=Retry(False), headers=request_headers, **kw
  File "/home/airflow/.local/lib/python3.7/site-packages/urllib3/connectionpool.py", line 788, in urlopen
    method, url, error=e, _pool=self, _stacktrace=sys.exc_info()[2]
  File "/home/airflow/.local/lib/python3.7/site-packages/urllib3/util/retry.py", line 525, in increment
    raise six.reraise(type(error), error, _stacktrace)
  File "/home/airflow/.local/lib/python3.7/site-packages/urllib3/packages/six.py", line 770, in reraise
    raise value
  File "/home/airflow/.local/lib/python3.7/site-packages/urllib3/connectionpool.py", line 710, in urlopen
    chunked=chunked,
  File "/home/airflow/.local/lib/python3.7/site-packages/urllib3/connectionpool.py", line 398, in _make_request
    conn.request(method, url, **httplib_request_kw)
  File "/home/airflow/.local/lib/python3.7/site-packages/urllib3/connection.py", line 239, in request
    super(HTTPConnection, self).request(method, url, body=body, headers=headers)
  File "/usr/local/lib/python3.7/http/client.py", line 1281, in request
    self._send_request(method, url, body, headers, encode_chunked)
  File "/usr/local/lib/python3.7/http/client.py", line 1327, in _send_request
    self.endheaders(body, encode_chunked=encode_chunked)
  File "/usr/local/lib/python3.7/http/client.py", line 1276, in endheaders
    self._send_output(message_body, encode_chunked=encode_chunked)
  File "/usr/local/lib/python3.7/http/client.py", line 1036, in _send_output
    self.send(msg)
  File "/usr/local/lib/python3.7/http/client.py", line 976, in send
    self.connect()
  File "/home/airflow/.local/lib/python3.7/site-packages/urllib3/connection.py", line 205, in connect
    conn = self._new_conn()
  File "/home/airflow/.local/lib/python3.7/site-packages/urllib3/connection.py", line 187, in _new_conn
    self, "Failed to establish a new connection: %s" % e
urllib3.exceptions.NewConnectionError: <urllib3.connection.HTTPConnection object at 0xffff7a9e37d0>: Failed to establish a new connection: [Errno 111] Connection refused
[2024-03-23T07:45:15.112+0000] {taskinstance.py:1902} ERROR - Task failed with exception
Traceback (most recent call last):
  File "/home/airflow/.local/lib/python3.7/site-packages/urllib3/connection.py", line 175, in _new_conn
    (self._dns_host, self.port), self.timeout, **extra_kw
  File "/home/airflow/.local/lib/python3.7/site-packages/urllib3/util/connection.py", line 95, in create_connection
    raise err
  File "/home/airflow/.local/lib/python3.7/site-packages/urllib3/util/connection.py", line 85, in create_connection
    sock.connect(sa)
ConnectionRefusedError: [Errno 111] Connection refused

During handling of the above exception, another exception occurred:

Traceback (most recent call last):
  File "/home/airflow/.local/lib/python3.7/site-packages/elasticsearch/connection/http_urllib3.py", line 252, in perform_request
    method, url, body, retries=Retry(False), headers=request_headers, **kw
  File "/home/airflow/.local/lib/python3.7/site-packages/urllib3/connectionpool.py", line 788, in urlopen
    method, url, error=e, _pool=self, _stacktrace=sys.exc_info()[2]
  File "/home/airflow/.local/lib/python3.7/site-packages/urllib3/util/retry.py", line 525, in increment
    raise six.reraise(type(error), error, _stacktrace)
  File "/home/airflow/.local/lib/python3.7/site-packages/urllib3/packages/six.py", line 770, in reraise
    raise value
  File "/home/airflow/.local/lib/python3.7/site-packages/urllib3/connectionpool.py", line 710, in urlopen
    chunked=chunked,
  File "/home/airflow/.local/lib/python3.7/site-packages/urllib3/connectionpool.py", line 398, in _make_request
    conn.request(method, url, **httplib_request_kw)
  File "/home/airflow/.local/lib/python3.7/site-packages/urllib3/connection.py", line 239, in request
    super(HTTPConnection, self).request(method, url, body=body, headers=headers)
  File "/usr/local/lib/python3.7/http/client.py", line 1281, in request
    self._send_request(method, url, body, headers, encode_chunked)
  File "/usr/local/lib/python3.7/http/client.py", line 1327, in _send_request
    self.endheaders(body, encode_chunked=encode_chunked)
  File "/usr/local/lib/python3.7/http/client.py", line 1276, in endheaders
    self._send_output(message_body, encode_chunked=encode_chunked)
  File "/usr/local/lib/python3.7/http/client.py", line 1036, in _send_output
    self.send(msg)
  File "/usr/local/lib/python3.7/http/client.py", line 976, in send
    self.connect()
  File "/home/airflow/.local/lib/python3.7/site-packages/urllib3/connection.py", line 205, in connect
    conn = self._new_conn()
  File "/home/airflow/.local/lib/python3.7/site-packages/urllib3/connection.py", line 187, in _new_conn
    self, "Failed to establish a new connection: %s" % e
urllib3.exceptions.NewConnectionError: <urllib3.connection.HTTPConnection object at 0xffff7a9e37d0>: Failed to establish a new connection: [Errno 111] Connection refused

During handling of the above exception, another exception occurred:

Traceback (most recent call last):
  File "/home/airflow/.local/lib/python3.7/site-packages/airflow/operators/python.py", line 171, in execute
    return_value = self.execute_callable()
  File "/home/airflow/.local/lib/python3.7/site-packages/airflow/operators/python.py", line 189, in execute_callable
    return self.python_callable(*self.op_args, **self.op_kwargs)
  File "/opt/airflow/dags/P2M3_elia_DAG.py", line 77, in post_to_elasticsearch_process
    res=es.index(index="milestone", doc_type = "doc", body=doc)
  File "/home/airflow/.local/lib/python3.7/site-packages/elasticsearch/client/utils.py", line 168, in _wrapped
    return func(*args, params=params, headers=headers, **kwargs)
  File "/home/airflow/.local/lib/python3.7/site-packages/elasticsearch/client/__init__.py", line 411, in index
    body=body,
  File "/home/airflow/.local/lib/python3.7/site-packages/elasticsearch/transport.py", line 413, in perform_request
    raise e
  File "/home/airflow/.local/lib/python3.7/site-packages/elasticsearch/transport.py", line 388, in perform_request
    timeout=timeout,
  File "/home/airflow/.local/lib/python3.7/site-packages/elasticsearch/connection/http_urllib3.py", line 266, in perform_request
    raise ConnectionError("N/A", str(e), e)
elasticsearch.exceptions.ConnectionError: ConnectionError(<urllib3.connection.HTTPConnection object at 0xffff7a9e37d0>: Failed to establish a new connection: [Errno 111] Connection refused) caused by: NewConnectionError(<urllib3.connection.HTTPConnection object at 0xffff7a9e37d0>: Failed to establish a new connection: [Errno 111] Connection refused)
[2024-03-23T07:45:15.424+0000] {taskinstance.py:1412} INFO - Marking task as FAILED. dag_id=milestone3, task_id=transfer_data_to_kibana, execution_date=20240323T060000, start_date=20240323T074442, end_date=20240323T074515
[2024-03-23T07:45:15.534+0000] {standard_task_runner.py:97} ERROR - Failed to execute job 357 for task transfer_data_to_kibana (ConnectionError(<urllib3.connection.HTTPConnection object at 0xffff7a9e37d0>: Failed to establish a new connection: [Errno 111] Connection refused) caused by: NewConnectionError(<urllib3.connection.HTTPConnection object at 0xffff7a9e37d0>: Failed to establish a new connection: [Errno 111] Connection refused); 203)
[2024-03-23T07:45:15.582+0000] {local_task_job.py:156} INFO - Task exited with return code 1
[2024-03-23T07:45:15.821+0000] {local_task_job.py:279} INFO - 0 downstream tasks scheduled from follow-on schedule check
