[2024-03-23T07:44:42.877+0000] {taskinstance.py:1171} INFO - Dependencies all met for <TaskInstance: milestone3.transfer_data_to_kibana scheduled__2024-03-22T22:30:00+00:00 [queued]>
[2024-03-23T07:44:43.028+0000] {taskinstance.py:1171} INFO - Dependencies all met for <TaskInstance: milestone3.transfer_data_to_kibana scheduled__2024-03-22T22:30:00+00:00 [queued]>
[2024-03-23T07:44:43.031+0000] {taskinstance.py:1368} INFO - 
--------------------------------------------------------------------------------
[2024-03-23T07:44:43.038+0000] {taskinstance.py:1369} INFO - Starting attempt 2 of 2
[2024-03-23T07:44:43.040+0000] {taskinstance.py:1370} INFO - 
--------------------------------------------------------------------------------
[2024-03-23T07:44:43.089+0000] {taskinstance.py:1389} INFO - Executing <Task(PythonOperator): transfer_data_to_kibana> on 2024-03-22 22:30:00+00:00
[2024-03-23T07:44:43.096+0000] {standard_task_runner.py:52} INFO - Started process 204 to run task
[2024-03-23T07:44:43.099+0000] {standard_task_runner.py:79} INFO - Running: ['***', 'tasks', 'run', 'milestone3', 'transfer_data_to_kibana', 'scheduled__2024-03-22T22:30:00+00:00', '--job-id', '358', '--raw', '--subdir', 'DAGS_FOLDER/P2M3_elia_DAG.py', '--cfg-path', '/tmp/tmpw7x89tiq', '--error-file', '/tmp/tmphryafftb']
[2024-03-23T07:44:43.103+0000] {standard_task_runner.py:80} INFO - Job 358: Subtask transfer_data_to_kibana
[2024-03-23T07:44:43.583+0000] {task_command.py:371} INFO - Running <TaskInstance: milestone3.transfer_data_to_kibana scheduled__2024-03-22T22:30:00+00:00 [running]> on host 80b200fb75a8
[2024-03-23T07:44:43.876+0000] {taskinstance.py:1583} INFO - Exporting the following env vars:
AIRFLOW_CTX_DAG_OWNER=elia
AIRFLOW_CTX_DAG_ID=milestone3
AIRFLOW_CTX_TASK_ID=transfer_data_to_kibana
AIRFLOW_CTX_EXECUTION_DATE=2024-03-22T22:30:00+00:00
AIRFLOW_CTX_TRY_NUMBER=2
AIRFLOW_CTX_DAG_RUN_ID=scheduled__2024-03-22T22:30:00+00:00
[2024-03-23T07:44:50.043+0000] {logging_mixin.py:115} WARNING - /home/***/.local/lib/python3.7/site-packages/elasticsearch/connection/base.py:208 ElasticsearchWarning: [types removal] Specifying types in document index requests is deprecated, use the typeless endpoints instead (/{index}/_doc/{id}, /{index}/_doc, or /{index}/_create/{id}).
[2024-03-23T07:44:50.052+0000] {base.py:271} INFO - POST http://elasticsearch:9200/milestone/doc [status:201 request:5.136s]
[2024-03-23T07:44:52.480+0000] {base.py:271} INFO - POST http://elasticsearch:9200/milestone/doc [status:201 request:2.417s]
[2024-03-23T07:44:53.116+0000] {base.py:271} INFO - POST http://elasticsearch:9200/milestone/doc [status:201 request:0.571s]
[2024-03-23T07:44:53.274+0000] {base.py:271} INFO - POST http://elasticsearch:9200/milestone/doc [status:201 request:0.146s]
[2024-03-23T07:44:55.581+0000] {base.py:271} INFO - POST http://elasticsearch:9200/milestone/doc [status:201 request:2.299s]
[2024-03-23T07:44:55.782+0000] {base.py:271} INFO - POST http://elasticsearch:9200/milestone/doc [status:201 request:0.181s]
[2024-03-23T07:44:55.850+0000] {base.py:271} INFO - POST http://elasticsearch:9200/milestone/doc [status:201 request:0.067s]
[2024-03-23T07:44:55.906+0000] {base.py:271} INFO - POST http://elasticsearch:9200/milestone/doc [status:201 request:0.055s]
[2024-03-23T07:44:56.000+0000] {base.py:271} INFO - POST http://elasticsearch:9200/milestone/doc [status:201 request:0.094s]
[2024-03-23T07:44:56.051+0000] {base.py:271} INFO - POST http://elasticsearch:9200/milestone/doc [status:201 request:0.050s]
[2024-03-23T07:44:56.150+0000] {base.py:271} INFO - POST http://elasticsearch:9200/milestone/doc [status:201 request:0.096s]
[2024-03-23T07:44:56.185+0000] {base.py:271} INFO - POST http://elasticsearch:9200/milestone/doc [status:201 request:0.034s]
[2024-03-23T07:44:56.560+0000] {base.py:271} INFO - POST http://elasticsearch:9200/milestone/doc [status:201 request:0.375s]
[2024-03-23T07:44:56.780+0000] {base.py:271} INFO - POST http://elasticsearch:9200/milestone/doc [status:201 request:0.218s]
[2024-03-23T07:44:59.775+0000] {base.py:271} INFO - POST http://elasticsearch:9200/milestone/doc [status:201 request:2.988s]
[2024-03-23T07:44:59.800+0000] {base.py:271} INFO - POST http://elasticsearch:9200/milestone/doc [status:201 request:0.016s]
[2024-03-23T07:44:59.835+0000] {base.py:271} INFO - POST http://elasticsearch:9200/milestone/doc [status:201 request:0.033s]
[2024-03-23T07:44:59.866+0000] {base.py:271} INFO - POST http://elasticsearch:9200/milestone/doc [status:201 request:0.030s]
[2024-03-23T07:44:59.951+0000] {base.py:271} INFO - POST http://elasticsearch:9200/milestone/doc [status:201 request:0.084s]
[2024-03-23T07:44:59.965+0000] {base.py:271} INFO - POST http://elasticsearch:9200/milestone/doc [status:201 request:0.013s]
[2024-03-23T07:44:59.985+0000] {base.py:271} INFO - POST http://elasticsearch:9200/milestone/doc [status:201 request:0.019s]
[2024-03-23T07:45:00.129+0000] {base.py:271} INFO - POST http://elasticsearch:9200/milestone/doc [status:201 request:0.142s]
[2024-03-23T07:45:00.154+0000] {base.py:271} INFO - POST http://elasticsearch:9200/milestone/doc [status:201 request:0.024s]
[2024-03-23T07:45:00.174+0000] {base.py:271} INFO - POST http://elasticsearch:9200/milestone/doc [status:201 request:0.019s]
[2024-03-23T07:45:00.290+0000] {base.py:271} INFO - POST http://elasticsearch:9200/milestone/doc [status:201 request:0.115s]
[2024-03-23T07:45:00.571+0000] {base.py:271} INFO - POST http://elasticsearch:9200/milestone/doc [status:201 request:0.280s]
[2024-03-23T07:45:00.788+0000] {base.py:271} INFO - POST http://elasticsearch:9200/milestone/doc [status:201 request:0.216s]
[2024-03-23T07:45:00.824+0000] {base.py:271} INFO - POST http://elasticsearch:9200/milestone/doc [status:201 request:0.035s]
[2024-03-23T07:45:00.887+0000] {base.py:271} INFO - POST http://elasticsearch:9200/milestone/doc [status:201 request:0.056s]
[2024-03-23T07:45:00.924+0000] {base.py:271} INFO - POST http://elasticsearch:9200/milestone/doc [status:201 request:0.034s]
[2024-03-23T07:45:00.948+0000] {base.py:271} INFO - POST http://elasticsearch:9200/milestone/doc [status:201 request:0.022s]
[2024-03-23T07:45:00.965+0000] {base.py:271} INFO - POST http://elasticsearch:9200/milestone/doc [status:201 request:0.015s]
[2024-03-23T07:45:00.998+0000] {base.py:271} INFO - POST http://elasticsearch:9200/milestone/doc [status:201 request:0.029s]
[2024-03-23T07:45:01.043+0000] {base.py:271} INFO - POST http://elasticsearch:9200/milestone/doc [status:201 request:0.044s]
[2024-03-23T07:45:01.062+0000] {base.py:271} INFO - POST http://elasticsearch:9200/milestone/doc [status:201 request:0.018s]
[2024-03-23T07:45:01.112+0000] {base.py:271} INFO - POST http://elasticsearch:9200/milestone/doc [status:201 request:0.049s]
[2024-03-23T07:45:01.272+0000] {base.py:271} INFO - POST http://elasticsearch:9200/milestone/doc [status:201 request:0.157s]
[2024-03-23T07:45:01.602+0000] {base.py:271} INFO - POST http://elasticsearch:9200/milestone/doc [status:201 request:0.325s]
[2024-03-23T07:45:01.744+0000] {base.py:271} INFO - POST http://elasticsearch:9200/milestone/doc [status:201 request:0.134s]
[2024-03-23T07:45:01.819+0000] {base.py:271} INFO - POST http://elasticsearch:9200/milestone/doc [status:201 request:0.071s]
[2024-03-23T07:45:01.874+0000] {base.py:271} INFO - POST http://elasticsearch:9200/milestone/doc [status:201 request:0.044s]
[2024-03-23T07:45:01.919+0000] {base.py:271} INFO - POST http://elasticsearch:9200/milestone/doc [status:201 request:0.036s]
[2024-03-23T07:45:01.945+0000] {base.py:271} INFO - POST http://elasticsearch:9200/milestone/doc [status:201 request:0.023s]
[2024-03-23T07:45:02.001+0000] {base.py:271} INFO - POST http://elasticsearch:9200/milestone/doc [status:201 request:0.039s]
[2024-03-23T07:45:02.029+0000] {base.py:271} INFO - POST http://elasticsearch:9200/milestone/doc [status:201 request:0.018s]
[2024-03-23T07:45:02.047+0000] {base.py:271} INFO - POST http://elasticsearch:9200/milestone/doc [status:201 request:0.017s]
[2024-03-23T07:45:02.086+0000] {base.py:271} INFO - POST http://elasticsearch:9200/milestone/doc [status:201 request:0.027s]
[2024-03-23T07:45:02.146+0000] {base.py:271} INFO - POST http://elasticsearch:9200/milestone/doc [status:201 request:0.042s]
[2024-03-23T07:45:02.202+0000] {base.py:271} INFO - POST http://elasticsearch:9200/milestone/doc [status:201 request:0.055s]
[2024-03-23T07:45:02.220+0000] {base.py:271} INFO - POST http://elasticsearch:9200/milestone/doc [status:201 request:0.017s]
[2024-03-23T07:45:02.253+0000] {base.py:271} INFO - POST http://elasticsearch:9200/milestone/doc [status:201 request:0.031s]
[2024-03-23T07:45:02.315+0000] {base.py:271} INFO - POST http://elasticsearch:9200/milestone/doc [status:201 request:0.060s]
[2024-03-23T07:45:02.348+0000] {base.py:271} INFO - POST http://elasticsearch:9200/milestone/doc [status:201 request:0.032s]
[2024-03-23T07:45:02.370+0000] {base.py:271} INFO - POST http://elasticsearch:9200/milestone/doc [status:201 request:0.020s]
[2024-03-23T07:45:02.395+0000] {base.py:271} INFO - POST http://elasticsearch:9200/milestone/doc [status:201 request:0.024s]
[2024-03-23T07:45:02.430+0000] {base.py:271} INFO - POST http://elasticsearch:9200/milestone/doc [status:201 request:0.033s]
[2024-03-23T07:45:02.507+0000] {base.py:271} INFO - POST http://elasticsearch:9200/milestone/doc [status:201 request:0.074s]
[2024-03-23T07:45:02.535+0000] {base.py:271} INFO - POST http://elasticsearch:9200/milestone/doc [status:201 request:0.026s]
[2024-03-23T07:45:02.568+0000] {base.py:271} INFO - POST http://elasticsearch:9200/milestone/doc [status:201 request:0.032s]
[2024-03-23T07:45:02.698+0000] {base.py:271} INFO - POST http://elasticsearch:9200/milestone/doc [status:201 request:0.129s]
[2024-03-23T07:45:02.773+0000] {base.py:271} INFO - POST http://elasticsearch:9200/milestone/doc [status:201 request:0.061s]
[2024-03-23T07:45:02.851+0000] {base.py:271} INFO - POST http://elasticsearch:9200/milestone/doc [status:201 request:0.057s]
[2024-03-23T07:45:02.917+0000] {base.py:271} INFO - POST http://elasticsearch:9200/milestone/doc [status:201 request:0.054s]
[2024-03-23T07:45:02.970+0000] {base.py:271} INFO - POST http://elasticsearch:9200/milestone/doc [status:201 request:0.038s]
[2024-03-23T07:45:02.983+0000] {base.py:271} INFO - POST http://elasticsearch:9200/milestone/doc [status:201 request:0.012s]
[2024-03-23T07:45:03.000+0000] {base.py:271} INFO - POST http://elasticsearch:9200/milestone/doc [status:201 request:0.016s]
[2024-03-23T07:45:03.035+0000] {base.py:271} INFO - POST http://elasticsearch:9200/milestone/doc [status:201 request:0.029s]
[2024-03-23T07:45:03.085+0000] {base.py:271} INFO - POST http://elasticsearch:9200/milestone/doc [status:201 request:0.048s]
[2024-03-23T07:45:03.186+0000] {base.py:271} INFO - POST http://elasticsearch:9200/milestone/doc [status:201 request:0.096s]
[2024-03-23T07:45:03.343+0000] {base.py:271} INFO - POST http://elasticsearch:9200/milestone/doc [status:201 request:0.136s]
[2024-03-23T07:45:03.525+0000] {base.py:271} INFO - POST http://elasticsearch:9200/milestone/doc [status:201 request:0.167s]
[2024-03-23T07:45:03.598+0000] {base.py:271} INFO - POST http://elasticsearch:9200/milestone/doc [status:201 request:0.058s]
[2024-03-23T07:45:03.749+0000] {base.py:271} INFO - POST http://elasticsearch:9200/milestone/doc [status:201 request:0.099s]
[2024-03-23T07:45:03.838+0000] {base.py:271} INFO - POST http://elasticsearch:9200/milestone/doc [status:201 request:0.045s]
[2024-03-23T07:45:03.874+0000] {base.py:271} INFO - POST http://elasticsearch:9200/milestone/doc [status:201 request:0.020s]
[2024-03-23T07:45:03.883+0000] {base.py:271} INFO - POST http://elasticsearch:9200/milestone/doc [status:201 request:0.007s]
[2024-03-23T07:45:03.938+0000] {base.py:271} INFO - POST http://elasticsearch:9200/milestone/doc [status:201 request:0.045s]
[2024-03-23T07:45:03.984+0000] {base.py:271} INFO - POST http://elasticsearch:9200/milestone/doc [status:201 request:0.038s]
[2024-03-23T07:45:04.052+0000] {base.py:271} INFO - POST http://elasticsearch:9200/milestone/doc [status:201 request:0.059s]
[2024-03-23T07:45:04.106+0000] {base.py:271} INFO - POST http://elasticsearch:9200/milestone/doc [status:201 request:0.052s]
[2024-03-23T07:45:04.181+0000] {base.py:271} INFO - POST http://elasticsearch:9200/milestone/doc [status:201 request:0.050s]
[2024-03-23T07:45:04.224+0000] {base.py:271} INFO - POST http://elasticsearch:9200/milestone/doc [status:201 request:0.039s]
[2024-03-23T07:45:04.247+0000] {base.py:271} INFO - POST http://elasticsearch:9200/milestone/doc [status:201 request:0.017s]
[2024-03-23T07:45:04.263+0000] {base.py:271} INFO - POST http://elasticsearch:9200/milestone/doc [status:201 request:0.015s]
[2024-03-23T07:45:04.282+0000] {base.py:271} INFO - POST http://elasticsearch:9200/milestone/doc [status:201 request:0.017s]
[2024-03-23T07:45:04.319+0000] {base.py:271} INFO - POST http://elasticsearch:9200/milestone/doc [status:201 request:0.035s]
[2024-03-23T07:45:04.345+0000] {base.py:271} INFO - POST http://elasticsearch:9200/milestone/doc [status:201 request:0.023s]
[2024-03-23T07:45:04.578+0000] {base.py:271} INFO - POST http://elasticsearch:9200/milestone/doc [status:201 request:0.231s]
[2024-03-23T07:45:04.638+0000] {base.py:271} INFO - POST http://elasticsearch:9200/milestone/doc [status:201 request:0.056s]
[2024-03-23T07:45:04.729+0000] {base.py:271} INFO - POST http://elasticsearch:9200/milestone/doc [status:201 request:0.090s]
[2024-03-23T07:45:04.817+0000] {base.py:271} INFO - POST http://elasticsearch:9200/milestone/doc [status:201 request:0.074s]
[2024-03-23T07:45:05.132+0000] {base.py:271} INFO - POST http://elasticsearch:9200/milestone/doc [status:201 request:0.289s]
[2024-03-23T07:45:05.218+0000] {base.py:271} INFO - POST http://elasticsearch:9200/milestone/doc [status:201 request:0.068s]
[2024-03-23T07:45:05.236+0000] {base.py:271} INFO - POST http://elasticsearch:9200/milestone/doc [status:201 request:0.017s]
[2024-03-23T07:45:05.247+0000] {base.py:271} INFO - POST http://elasticsearch:9200/milestone/doc [status:201 request:0.010s]
[2024-03-23T07:45:05.347+0000] {base.py:271} INFO - POST http://elasticsearch:9200/milestone/doc [status:201 request:0.098s]
[2024-03-23T07:45:05.445+0000] {base.py:271} INFO - POST http://elasticsearch:9200/milestone/doc [status:201 request:0.076s]
[2024-03-23T07:45:05.499+0000] {base.py:271} INFO - POST http://elasticsearch:9200/milestone/doc [status:201 request:0.043s]
[2024-03-23T07:45:05.578+0000] {base.py:271} INFO - POST http://elasticsearch:9200/milestone/doc [status:201 request:0.067s]
[2024-03-23T07:45:05.597+0000] {base.py:271} INFO - POST http://elasticsearch:9200/milestone/doc [status:201 request:0.015s]
[2024-03-23T07:45:05.650+0000] {base.py:271} INFO - POST http://elasticsearch:9200/milestone/doc [status:201 request:0.051s]
[2024-03-23T07:45:05.685+0000] {base.py:271} INFO - POST http://elasticsearch:9200/milestone/doc [status:201 request:0.035s]
[2024-03-23T07:45:05.698+0000] {base.py:271} INFO - POST http://elasticsearch:9200/milestone/doc [status:201 request:0.011s]
[2024-03-23T07:45:05.718+0000] {base.py:271} INFO - POST http://elasticsearch:9200/milestone/doc [status:201 request:0.020s]
[2024-03-23T07:45:05.760+0000] {base.py:271} INFO - POST http://elasticsearch:9200/milestone/doc [status:201 request:0.041s]
[2024-03-23T07:45:05.771+0000] {base.py:271} INFO - POST http://elasticsearch:9200/milestone/doc [status:201 request:0.009s]
[2024-03-23T07:45:05.780+0000] {base.py:271} INFO - POST http://elasticsearch:9200/milestone/doc [status:201 request:0.005s]
[2024-03-23T07:45:05.791+0000] {base.py:271} INFO - POST http://elasticsearch:9200/milestone/doc [status:201 request:0.009s]
[2024-03-23T07:45:05.800+0000] {base.py:271} INFO - POST http://elasticsearch:9200/milestone/doc [status:201 request:0.008s]
[2024-03-23T07:45:05.815+0000] {base.py:271} INFO - POST http://elasticsearch:9200/milestone/doc [status:201 request:0.013s]
[2024-03-23T07:45:05.823+0000] {base.py:271} INFO - POST http://elasticsearch:9200/milestone/doc [status:201 request:0.008s]
[2024-03-23T07:45:05.834+0000] {base.py:271} INFO - POST http://elasticsearch:9200/milestone/doc [status:201 request:0.009s]
[2024-03-23T07:45:05.849+0000] {base.py:271} INFO - POST http://elasticsearch:9200/milestone/doc [status:201 request:0.009s]
[2024-03-23T07:45:05.864+0000] {base.py:271} INFO - POST http://elasticsearch:9200/milestone/doc [status:201 request:0.011s]
[2024-03-23T07:45:05.877+0000] {base.py:271} INFO - POST http://elasticsearch:9200/milestone/doc [status:201 request:0.011s]
[2024-03-23T07:45:05.893+0000] {base.py:271} INFO - POST http://elasticsearch:9200/milestone/doc [status:201 request:0.016s]
[2024-03-23T07:45:05.910+0000] {base.py:271} INFO - POST http://elasticsearch:9200/milestone/doc [status:201 request:0.014s]
[2024-03-23T07:45:05.918+0000] {base.py:271} INFO - POST http://elasticsearch:9200/milestone/doc [status:201 request:0.007s]
[2024-03-23T07:45:05.924+0000] {base.py:271} INFO - POST http://elasticsearch:9200/milestone/doc [status:201 request:0.006s]
[2024-03-23T07:45:05.931+0000] {base.py:271} INFO - POST http://elasticsearch:9200/milestone/doc [status:201 request:0.006s]
[2024-03-23T07:45:05.937+0000] {base.py:271} INFO - POST http://elasticsearch:9200/milestone/doc [status:201 request:0.005s]
[2024-03-23T07:45:05.944+0000] {base.py:271} INFO - POST http://elasticsearch:9200/milestone/doc [status:201 request:0.006s]
[2024-03-23T07:45:05.951+0000] {base.py:271} INFO - POST http://elasticsearch:9200/milestone/doc [status:201 request:0.006s]
[2024-03-23T07:45:05.958+0000] {base.py:271} INFO - POST http://elasticsearch:9200/milestone/doc [status:201 request:0.006s]
[2024-03-23T07:45:05.967+0000] {base.py:271} INFO - POST http://elasticsearch:9200/milestone/doc [status:201 request:0.006s]
[2024-03-23T07:45:06.000+0000] {base.py:271} INFO - POST http://elasticsearch:9200/milestone/doc [status:201 request:0.032s]
[2024-03-23T07:45:06.090+0000] {base.py:271} INFO - POST http://elasticsearch:9200/milestone/doc [status:201 request:0.088s]
[2024-03-23T07:45:06.218+0000] {base.py:271} INFO - POST http://elasticsearch:9200/milestone/doc [status:201 request:0.124s]
[2024-03-23T07:45:06.316+0000] {base.py:271} INFO - POST http://elasticsearch:9200/milestone/doc [status:201 request:0.098s]
[2024-03-23T07:45:06.374+0000] {base.py:271} INFO - POST http://elasticsearch:9200/milestone/doc [status:201 request:0.057s]
[2024-03-23T07:45:06.411+0000] {base.py:271} INFO - POST http://elasticsearch:9200/milestone/doc [status:201 request:0.035s]
[2024-03-23T07:45:06.440+0000] {base.py:271} INFO - POST http://elasticsearch:9200/milestone/doc [status:201 request:0.027s]
[2024-03-23T07:45:06.458+0000] {base.py:271} INFO - POST http://elasticsearch:9200/milestone/doc [status:201 request:0.018s]
[2024-03-23T07:45:06.581+0000] {base.py:271} INFO - POST http://elasticsearch:9200/milestone/doc [status:201 request:0.123s]
[2024-03-23T07:45:06.613+0000] {base.py:271} INFO - POST http://elasticsearch:9200/milestone/doc [status:201 request:0.029s]
[2024-03-23T07:45:06.707+0000] {base.py:271} INFO - POST http://elasticsearch:9200/milestone/doc [status:201 request:0.092s]
[2024-03-23T07:45:06.743+0000] {base.py:271} INFO - POST http://elasticsearch:9200/milestone/doc [status:201 request:0.034s]
[2024-03-23T07:45:06.774+0000] {base.py:271} INFO - POST http://elasticsearch:9200/milestone/doc [status:201 request:0.030s]
[2024-03-23T07:45:06.795+0000] {base.py:271} INFO - POST http://elasticsearch:9200/milestone/doc [status:201 request:0.021s]
[2024-03-23T07:45:06.811+0000] {base.py:271} INFO - POST http://elasticsearch:9200/milestone/doc [status:201 request:0.015s]
[2024-03-23T07:45:06.832+0000] {base.py:271} INFO - POST http://elasticsearch:9200/milestone/doc [status:201 request:0.020s]
[2024-03-23T07:45:06.864+0000] {base.py:271} INFO - POST http://elasticsearch:9200/milestone/doc [status:201 request:0.031s]
[2024-03-23T07:45:06.903+0000] {base.py:271} INFO - POST http://elasticsearch:9200/milestone/doc [status:201 request:0.037s]
[2024-03-23T07:45:06.943+0000] {base.py:271} INFO - POST http://elasticsearch:9200/milestone/doc [status:201 request:0.038s]
[2024-03-23T07:45:06.970+0000] {base.py:271} INFO - POST http://elasticsearch:9200/milestone/doc [status:201 request:0.024s]
[2024-03-23T07:45:06.991+0000] {base.py:271} INFO - POST http://elasticsearch:9200/milestone/doc [status:201 request:0.021s]
[2024-03-23T07:45:07.003+0000] {base.py:271} INFO - POST http://elasticsearch:9200/milestone/doc [status:201 request:0.011s]
[2024-03-23T07:45:07.025+0000] {base.py:271} INFO - POST http://elasticsearch:9200/milestone/doc [status:201 request:0.022s]
[2024-03-23T07:45:07.066+0000] {base.py:271} INFO - POST http://elasticsearch:9200/milestone/doc [status:201 request:0.040s]
[2024-03-23T07:45:07.081+0000] {base.py:271} INFO - POST http://elasticsearch:9200/milestone/doc [status:201 request:0.013s]
[2024-03-23T07:45:07.090+0000] {base.py:271} INFO - POST http://elasticsearch:9200/milestone/doc [status:201 request:0.007s]
[2024-03-23T07:45:07.098+0000] {base.py:271} INFO - POST http://elasticsearch:9200/milestone/doc [status:201 request:0.007s]
[2024-03-23T07:45:07.137+0000] {base.py:271} INFO - POST http://elasticsearch:9200/milestone/doc [status:201 request:0.037s]
[2024-03-23T07:45:07.284+0000] {base.py:271} INFO - POST http://elasticsearch:9200/milestone/doc [status:201 request:0.147s]
[2024-03-23T07:45:07.368+0000] {base.py:271} INFO - POST http://elasticsearch:9200/milestone/doc [status:201 request:0.078s]
[2024-03-23T07:45:07.393+0000] {base.py:271} INFO - POST http://elasticsearch:9200/milestone/doc [status:201 request:0.021s]
[2024-03-23T07:45:07.429+0000] {base.py:271} INFO - POST http://elasticsearch:9200/milestone/doc [status:201 request:0.032s]
[2024-03-23T07:45:07.451+0000] {base.py:271} INFO - POST http://elasticsearch:9200/milestone/doc [status:201 request:0.019s]
[2024-03-23T07:45:07.471+0000] {base.py:271} INFO - POST http://elasticsearch:9200/milestone/doc [status:201 request:0.019s]
[2024-03-23T07:45:07.485+0000] {base.py:271} INFO - POST http://elasticsearch:9200/milestone/doc [status:201 request:0.012s]
[2024-03-23T07:45:07.498+0000] {base.py:271} INFO - POST http://elasticsearch:9200/milestone/doc [status:201 request:0.012s]
[2024-03-23T07:45:07.516+0000] {base.py:271} INFO - POST http://elasticsearch:9200/milestone/doc [status:201 request:0.017s]
[2024-03-23T07:45:07.575+0000] {base.py:271} INFO - POST http://elasticsearch:9200/milestone/doc [status:201 request:0.057s]
[2024-03-23T07:45:07.593+0000] {base.py:271} INFO - POST http://elasticsearch:9200/milestone/doc [status:201 request:0.016s]
[2024-03-23T07:45:07.620+0000] {base.py:271} INFO - POST http://elasticsearch:9200/milestone/doc [status:201 request:0.024s]
[2024-03-23T07:45:07.631+0000] {base.py:271} INFO - POST http://elasticsearch:9200/milestone/doc [status:201 request:0.008s]
[2024-03-23T07:45:07.646+0000] {base.py:271} INFO - POST http://elasticsearch:9200/milestone/doc [status:201 request:0.014s]
[2024-03-23T07:45:07.662+0000] {base.py:271} INFO - POST http://elasticsearch:9200/milestone/doc [status:201 request:0.016s]
[2024-03-23T07:45:07.672+0000] {base.py:271} INFO - POST http://elasticsearch:9200/milestone/doc [status:201 request:0.009s]
[2024-03-23T07:45:07.685+0000] {base.py:271} INFO - POST http://elasticsearch:9200/milestone/doc [status:201 request:0.012s]
[2024-03-23T07:45:07.690+0000] {base.py:271} INFO - POST http://elasticsearch:9200/milestone/doc [status:201 request:0.004s]
[2024-03-23T07:45:07.719+0000] {base.py:271} INFO - POST http://elasticsearch:9200/milestone/doc [status:201 request:0.028s]
[2024-03-23T07:45:07.748+0000] {base.py:271} INFO - POST http://elasticsearch:9200/milestone/doc [status:201 request:0.025s]
[2024-03-23T07:45:07.799+0000] {base.py:271} INFO - POST http://elasticsearch:9200/milestone/doc [status:201 request:0.049s]
[2024-03-23T07:45:07.821+0000] {base.py:271} INFO - POST http://elasticsearch:9200/milestone/doc [status:201 request:0.021s]
[2024-03-23T07:45:07.832+0000] {base.py:271} INFO - POST http://elasticsearch:9200/milestone/doc [status:201 request:0.007s]
[2024-03-23T07:45:07.842+0000] {base.py:271} INFO - POST http://elasticsearch:9200/milestone/doc [status:201 request:0.009s]
[2024-03-23T07:45:07.890+0000] {base.py:271} INFO - POST http://elasticsearch:9200/milestone/doc [status:201 request:0.047s]
[2024-03-23T07:45:07.928+0000] {base.py:271} INFO - POST http://elasticsearch:9200/milestone/doc [status:201 request:0.037s]
[2024-03-23T07:45:07.952+0000] {base.py:271} INFO - POST http://elasticsearch:9200/milestone/doc [status:201 request:0.019s]
[2024-03-23T07:45:07.962+0000] {base.py:271} INFO - POST http://elasticsearch:9200/milestone/doc [status:201 request:0.010s]
[2024-03-23T07:45:07.999+0000] {base.py:271} INFO - POST http://elasticsearch:9200/milestone/doc [status:201 request:0.036s]
[2024-03-23T07:45:08.038+0000] {base.py:271} INFO - POST http://elasticsearch:9200/milestone/doc [status:201 request:0.038s]
[2024-03-23T07:45:08.048+0000] {base.py:271} INFO - POST http://elasticsearch:9200/milestone/doc [status:201 request:0.009s]
[2024-03-23T07:45:08.062+0000] {base.py:271} INFO - POST http://elasticsearch:9200/milestone/doc [status:201 request:0.013s]
[2024-03-23T07:45:08.068+0000] {base.py:271} INFO - POST http://elasticsearch:9200/milestone/doc [status:201 request:0.006s]
[2024-03-23T07:45:08.074+0000] {base.py:271} INFO - POST http://elasticsearch:9200/milestone/doc [status:201 request:0.005s]
[2024-03-23T07:45:08.085+0000] {base.py:271} INFO - POST http://elasticsearch:9200/milestone/doc [status:201 request:0.010s]
[2024-03-23T07:45:08.090+0000] {base.py:271} INFO - POST http://elasticsearch:9200/milestone/doc [status:201 request:0.004s]
[2024-03-23T07:45:08.097+0000] {base.py:271} INFO - POST http://elasticsearch:9200/milestone/doc [status:201 request:0.007s]
[2024-03-23T07:45:08.105+0000] {base.py:271} INFO - POST http://elasticsearch:9200/milestone/doc [status:201 request:0.007s]
[2024-03-23T07:45:08.119+0000] {base.py:271} INFO - POST http://elasticsearch:9200/milestone/doc [status:201 request:0.013s]
[2024-03-23T07:45:08.141+0000] {base.py:271} INFO - POST http://elasticsearch:9200/milestone/doc [status:201 request:0.021s]
[2024-03-23T07:45:08.184+0000] {base.py:271} INFO - POST http://elasticsearch:9200/milestone/doc [status:201 request:0.037s]
[2024-03-23T07:45:08.206+0000] {base.py:271} INFO - POST http://elasticsearch:9200/milestone/doc [status:201 request:0.018s]
[2024-03-23T07:45:08.224+0000] {base.py:271} INFO - POST http://elasticsearch:9200/milestone/doc [status:201 request:0.017s]
[2024-03-23T07:45:08.254+0000] {base.py:271} INFO - POST http://elasticsearch:9200/milestone/doc [status:201 request:0.021s]
[2024-03-23T07:45:08.283+0000] {base.py:271} INFO - POST http://elasticsearch:9200/milestone/doc [status:201 request:0.021s]
[2024-03-23T07:45:08.481+0000] {base.py:271} INFO - POST http://elasticsearch:9200/milestone/doc [status:201 request:0.179s]
[2024-03-23T07:45:08.551+0000] {base.py:271} INFO - POST http://elasticsearch:9200/milestone/doc [status:201 request:0.043s]
[2024-03-23T07:45:08.608+0000] {base.py:271} INFO - POST http://elasticsearch:9200/milestone/doc [status:201 request:0.054s]
[2024-03-23T07:45:08.665+0000] {base.py:271} INFO - POST http://elasticsearch:9200/milestone/doc [status:201 request:0.029s]
[2024-03-23T07:45:08.726+0000] {base.py:271} INFO - POST http://elasticsearch:9200/milestone/doc [status:201 request:0.036s]
[2024-03-23T07:45:09.078+0000] {base.py:271} INFO - POST http://elasticsearch:9200/milestone/doc [status:201 request:0.321s]
[2024-03-23T07:45:09.434+0000] {base.py:271} INFO - POST http://elasticsearch:9200/milestone/doc [status:201 request:0.341s]
[2024-03-23T07:45:09.675+0000] {base.py:271} INFO - POST http://elasticsearch:9200/milestone/doc [status:201 request:0.190s]
[2024-03-23T07:45:09.768+0000] {base.py:271} INFO - POST http://elasticsearch:9200/milestone/doc [status:201 request:0.066s]
[2024-03-23T07:45:09.791+0000] {base.py:271} INFO - POST http://elasticsearch:9200/milestone/doc [status:201 request:0.019s]
[2024-03-23T07:45:10.872+0000] {base.py:271} INFO - POST http://elasticsearch:9200/milestone/doc [status:201 request:1.078s]
[2024-03-23T07:45:11.134+0000] {base.py:271} INFO - POST http://elasticsearch:9200/milestone/doc [status:201 request:0.241s]
[2024-03-23T07:45:11.225+0000] {base.py:271} INFO - POST http://elasticsearch:9200/milestone/doc [status:201 request:0.058s]
[2024-03-23T07:45:11.278+0000] {base.py:271} INFO - POST http://elasticsearch:9200/milestone/doc [status:201 request:0.052s]
[2024-03-23T07:45:11.314+0000] {base.py:271} INFO - POST http://elasticsearch:9200/milestone/doc [status:201 request:0.028s]
[2024-03-23T07:45:11.373+0000] {base.py:271} INFO - POST http://elasticsearch:9200/milestone/doc [status:201 request:0.044s]
[2024-03-23T07:45:11.431+0000] {base.py:271} INFO - POST http://elasticsearch:9200/milestone/doc [status:201 request:0.045s]
[2024-03-23T07:45:11.528+0000] {base.py:271} INFO - POST http://elasticsearch:9200/milestone/doc [status:201 request:0.086s]
[2024-03-23T07:45:11.579+0000] {base.py:271} INFO - POST http://elasticsearch:9200/milestone/doc [status:201 request:0.047s]
[2024-03-23T07:45:11.591+0000] {base.py:271} INFO - POST http://elasticsearch:9200/milestone/doc [status:201 request:0.010s]
[2024-03-23T07:45:11.597+0000] {base.py:271} INFO - POST http://elasticsearch:9200/milestone/doc [status:201 request:0.006s]
[2024-03-23T07:45:11.605+0000] {base.py:271} INFO - POST http://elasticsearch:9200/milestone/doc [status:201 request:0.007s]
[2024-03-23T07:45:11.610+0000] {base.py:271} INFO - POST http://elasticsearch:9200/milestone/doc [status:201 request:0.004s]
[2024-03-23T07:45:11.621+0000] {base.py:271} INFO - POST http://elasticsearch:9200/milestone/doc [status:201 request:0.010s]
[2024-03-23T07:45:11.630+0000] {base.py:271} INFO - POST http://elasticsearch:9200/milestone/doc [status:201 request:0.008s]
[2024-03-23T07:45:11.636+0000] {base.py:271} INFO - POST http://elasticsearch:9200/milestone/doc [status:201 request:0.005s]
[2024-03-23T07:45:11.655+0000] {base.py:271} INFO - POST http://elasticsearch:9200/milestone/doc [status:201 request:0.018s]
[2024-03-23T07:45:11.669+0000] {base.py:271} INFO - POST http://elasticsearch:9200/milestone/doc [status:201 request:0.013s]
[2024-03-23T07:45:11.691+0000] {base.py:271} INFO - POST http://elasticsearch:9200/milestone/doc [status:201 request:0.018s]
[2024-03-23T07:45:11.767+0000] {base.py:271} INFO - POST http://elasticsearch:9200/milestone/doc [status:201 request:0.075s]
[2024-03-23T07:45:11.796+0000] {base.py:271} INFO - POST http://elasticsearch:9200/milestone/doc [status:201 request:0.026s]
[2024-03-23T07:45:11.825+0000] {base.py:271} INFO - POST http://elasticsearch:9200/milestone/doc [status:201 request:0.028s]
[2024-03-23T07:45:11.855+0000] {base.py:271} INFO - POST http://elasticsearch:9200/milestone/doc [status:201 request:0.027s]
[2024-03-23T07:45:11.966+0000] {base.py:271} INFO - POST http://elasticsearch:9200/milestone/doc [status:201 request:0.111s]
[2024-03-23T07:45:12.048+0000] {base.py:271} INFO - POST http://elasticsearch:9200/milestone/doc [status:201 request:0.075s]
[2024-03-23T07:45:12.108+0000] {base.py:271} INFO - POST http://elasticsearch:9200/milestone/doc [status:201 request:0.050s]
[2024-03-23T07:45:12.180+0000] {base.py:271} INFO - POST http://elasticsearch:9200/milestone/doc [status:201 request:0.065s]
[2024-03-23T07:45:12.234+0000] {base.py:271} INFO - POST http://elasticsearch:9200/milestone/doc [status:201 request:0.043s]
[2024-03-23T07:45:12.455+0000] {base.py:271} INFO - POST http://elasticsearch:9200/milestone/doc [status:201 request:0.208s]
[2024-03-23T07:45:13.172+0000] {base.py:271} INFO - POST http://elasticsearch:9200/milestone/doc [status:201 request:0.699s]
[2024-03-23T07:45:14.219+0000] {base.py:271} INFO - POST http://elasticsearch:9200/milestone/doc [status:201 request:1.011s]
[2024-03-23T07:45:14.946+0000] {base.py:299} WARNING - POST http://elasticsearch:9200/milestone/doc [status:N/A request:0.230s]
Traceback (most recent call last):
  File "/home/airflow/.local/lib/python3.7/site-packages/urllib3/connectionpool.py", line 710, in urlopen
    chunked=chunked,
  File "/home/airflow/.local/lib/python3.7/site-packages/urllib3/connectionpool.py", line 449, in _make_request
    six.raise_from(e, None)
  File "<string>", line 3, in raise_from
  File "/home/airflow/.local/lib/python3.7/site-packages/urllib3/connectionpool.py", line 444, in _make_request
    httplib_response = conn.getresponse()
  File "/usr/local/lib/python3.7/http/client.py", line 1373, in getresponse
    response.begin()
  File "/usr/local/lib/python3.7/http/client.py", line 319, in begin
    version, status, reason = self._read_status()
  File "/usr/local/lib/python3.7/http/client.py", line 280, in _read_status
    line = str(self.fp.readline(_MAXLINE + 1), "iso-8859-1")
  File "/usr/local/lib/python3.7/socket.py", line 589, in readinto
    return self._sock.recv_into(b)
ConnectionResetError: [Errno 104] Connection reset by peer

During handling of the above exception, another exception occurred:

Traceback (most recent call last):
  File "/home/airflow/.local/lib/python3.7/site-packages/elasticsearch/connection/http_urllib3.py", line 252, in perform_request
    method, url, body, retries=Retry(False), headers=request_headers, **kw
  File "/home/airflow/.local/lib/python3.7/site-packages/urllib3/connectionpool.py", line 788, in urlopen
    method, url, error=e, _pool=self, _stacktrace=sys.exc_info()[2]
  File "/home/airflow/.local/lib/python3.7/site-packages/urllib3/util/retry.py", line 525, in increment
    raise six.reraise(type(error), error, _stacktrace)
  File "/home/airflow/.local/lib/python3.7/site-packages/urllib3/packages/six.py", line 769, in reraise
    raise value.with_traceback(tb)
  File "/home/airflow/.local/lib/python3.7/site-packages/urllib3/connectionpool.py", line 710, in urlopen
    chunked=chunked,
  File "/home/airflow/.local/lib/python3.7/site-packages/urllib3/connectionpool.py", line 449, in _make_request
    six.raise_from(e, None)
  File "<string>", line 3, in raise_from
  File "/home/airflow/.local/lib/python3.7/site-packages/urllib3/connectionpool.py", line 444, in _make_request
    httplib_response = conn.getresponse()
  File "/usr/local/lib/python3.7/http/client.py", line 1373, in getresponse
    response.begin()
  File "/usr/local/lib/python3.7/http/client.py", line 319, in begin
    version, status, reason = self._read_status()
  File "/usr/local/lib/python3.7/http/client.py", line 280, in _read_status
    line = str(self.fp.readline(_MAXLINE + 1), "iso-8859-1")
  File "/usr/local/lib/python3.7/socket.py", line 589, in readinto
    return self._sock.recv_into(b)
urllib3.exceptions.ProtocolError: ('Connection aborted.', ConnectionResetError(104, 'Connection reset by peer'))
[2024-03-23T07:45:15.017+0000] {base.py:299} WARNING - POST http://elasticsearch:9200/milestone/doc [status:N/A request:0.031s]
Traceback (most recent call last):
  File "/home/airflow/.local/lib/python3.7/site-packages/urllib3/connection.py", line 175, in _new_conn
    (self._dns_host, self.port), self.timeout, **extra_kw
  File "/home/airflow/.local/lib/python3.7/site-packages/urllib3/util/connection.py", line 95, in create_connection
    raise err
  File "/home/airflow/.local/lib/python3.7/site-packages/urllib3/util/connection.py", line 85, in create_connection
    sock.connect(sa)
ConnectionRefusedError: [Errno 111] Connection refused

During handling of the above exception, another exception occurred:

Traceback (most recent call last):
  File "/home/airflow/.local/lib/python3.7/site-packages/elasticsearch/connection/http_urllib3.py", line 252, in perform_request
    method, url, body, retries=Retry(False), headers=request_headers, **kw
  File "/home/airflow/.local/lib/python3.7/site-packages/urllib3/connectionpool.py", line 788, in urlopen
    method, url, error=e, _pool=self, _stacktrace=sys.exc_info()[2]
  File "/home/airflow/.local/lib/python3.7/site-packages/urllib3/util/retry.py", line 525, in increment
    raise six.reraise(type(error), error, _stacktrace)
  File "/home/airflow/.local/lib/python3.7/site-packages/urllib3/packages/six.py", line 770, in reraise
    raise value
  File "/home/airflow/.local/lib/python3.7/site-packages/urllib3/connectionpool.py", line 710, in urlopen
    chunked=chunked,
  File "/home/airflow/.local/lib/python3.7/site-packages/urllib3/connectionpool.py", line 398, in _make_request
    conn.request(method, url, **httplib_request_kw)
  File "/home/airflow/.local/lib/python3.7/site-packages/urllib3/connection.py", line 239, in request
    super(HTTPConnection, self).request(method, url, body=body, headers=headers)
  File "/usr/local/lib/python3.7/http/client.py", line 1281, in request
    self._send_request(method, url, body, headers, encode_chunked)
  File "/usr/local/lib/python3.7/http/client.py", line 1327, in _send_request
    self.endheaders(body, encode_chunked=encode_chunked)
  File "/usr/local/lib/python3.7/http/client.py", line 1276, in endheaders
    self._send_output(message_body, encode_chunked=encode_chunked)
  File "/usr/local/lib/python3.7/http/client.py", line 1036, in _send_output
    self.send(msg)
  File "/usr/local/lib/python3.7/http/client.py", line 976, in send
    self.connect()
  File "/home/airflow/.local/lib/python3.7/site-packages/urllib3/connection.py", line 205, in connect
    conn = self._new_conn()
  File "/home/airflow/.local/lib/python3.7/site-packages/urllib3/connection.py", line 187, in _new_conn
    self, "Failed to establish a new connection: %s" % e
urllib3.exceptions.NewConnectionError: <urllib3.connection.HTTPConnection object at 0xffff7aa66450>: Failed to establish a new connection: [Errno 111] Connection refused
[2024-03-23T07:45:15.025+0000] {base.py:299} WARNING - POST http://elasticsearch:9200/milestone/doc [status:N/A request:0.004s]
Traceback (most recent call last):
  File "/home/airflow/.local/lib/python3.7/site-packages/urllib3/connection.py", line 175, in _new_conn
    (self._dns_host, self.port), self.timeout, **extra_kw
  File "/home/airflow/.local/lib/python3.7/site-packages/urllib3/util/connection.py", line 95, in create_connection
    raise err
  File "/home/airflow/.local/lib/python3.7/site-packages/urllib3/util/connection.py", line 85, in create_connection
    sock.connect(sa)
ConnectionRefusedError: [Errno 111] Connection refused

During handling of the above exception, another exception occurred:

Traceback (most recent call last):
  File "/home/airflow/.local/lib/python3.7/site-packages/elasticsearch/connection/http_urllib3.py", line 252, in perform_request
    method, url, body, retries=Retry(False), headers=request_headers, **kw
  File "/home/airflow/.local/lib/python3.7/site-packages/urllib3/connectionpool.py", line 788, in urlopen
    method, url, error=e, _pool=self, _stacktrace=sys.exc_info()[2]
  File "/home/airflow/.local/lib/python3.7/site-packages/urllib3/util/retry.py", line 525, in increment
    raise six.reraise(type(error), error, _stacktrace)
  File "/home/airflow/.local/lib/python3.7/site-packages/urllib3/packages/six.py", line 770, in reraise
    raise value
  File "/home/airflow/.local/lib/python3.7/site-packages/urllib3/connectionpool.py", line 710, in urlopen
    chunked=chunked,
  File "/home/airflow/.local/lib/python3.7/site-packages/urllib3/connectionpool.py", line 398, in _make_request
    conn.request(method, url, **httplib_request_kw)
  File "/home/airflow/.local/lib/python3.7/site-packages/urllib3/connection.py", line 239, in request
    super(HTTPConnection, self).request(method, url, body=body, headers=headers)
  File "/usr/local/lib/python3.7/http/client.py", line 1281, in request
    self._send_request(method, url, body, headers, encode_chunked)
  File "/usr/local/lib/python3.7/http/client.py", line 1327, in _send_request
    self.endheaders(body, encode_chunked=encode_chunked)
  File "/usr/local/lib/python3.7/http/client.py", line 1276, in endheaders
    self._send_output(message_body, encode_chunked=encode_chunked)
  File "/usr/local/lib/python3.7/http/client.py", line 1036, in _send_output
    self.send(msg)
  File "/usr/local/lib/python3.7/http/client.py", line 976, in send
    self.connect()
  File "/home/airflow/.local/lib/python3.7/site-packages/urllib3/connection.py", line 205, in connect
    conn = self._new_conn()
  File "/home/airflow/.local/lib/python3.7/site-packages/urllib3/connection.py", line 187, in _new_conn
    self, "Failed to establish a new connection: %s" % e
urllib3.exceptions.NewConnectionError: <urllib3.connection.HTTPConnection object at 0xffff7a9ea3d0>: Failed to establish a new connection: [Errno 111] Connection refused
[2024-03-23T07:45:15.042+0000] {base.py:299} WARNING - POST http://elasticsearch:9200/milestone/doc [status:N/A request:0.003s]
Traceback (most recent call last):
  File "/home/airflow/.local/lib/python3.7/site-packages/urllib3/connection.py", line 175, in _new_conn
    (self._dns_host, self.port), self.timeout, **extra_kw
  File "/home/airflow/.local/lib/python3.7/site-packages/urllib3/util/connection.py", line 95, in create_connection
    raise err
  File "/home/airflow/.local/lib/python3.7/site-packages/urllib3/util/connection.py", line 85, in create_connection
    sock.connect(sa)
ConnectionRefusedError: [Errno 111] Connection refused

During handling of the above exception, another exception occurred:

Traceback (most recent call last):
  File "/home/airflow/.local/lib/python3.7/site-packages/elasticsearch/connection/http_urllib3.py", line 252, in perform_request
    method, url, body, retries=Retry(False), headers=request_headers, **kw
  File "/home/airflow/.local/lib/python3.7/site-packages/urllib3/connectionpool.py", line 788, in urlopen
    method, url, error=e, _pool=self, _stacktrace=sys.exc_info()[2]
  File "/home/airflow/.local/lib/python3.7/site-packages/urllib3/util/retry.py", line 525, in increment
    raise six.reraise(type(error), error, _stacktrace)
  File "/home/airflow/.local/lib/python3.7/site-packages/urllib3/packages/six.py", line 770, in reraise
    raise value
  File "/home/airflow/.local/lib/python3.7/site-packages/urllib3/connectionpool.py", line 710, in urlopen
    chunked=chunked,
  File "/home/airflow/.local/lib/python3.7/site-packages/urllib3/connectionpool.py", line 398, in _make_request
    conn.request(method, url, **httplib_request_kw)
  File "/home/airflow/.local/lib/python3.7/site-packages/urllib3/connection.py", line 239, in request
    super(HTTPConnection, self).request(method, url, body=body, headers=headers)
  File "/usr/local/lib/python3.7/http/client.py", line 1281, in request
    self._send_request(method, url, body, headers, encode_chunked)
  File "/usr/local/lib/python3.7/http/client.py", line 1327, in _send_request
    self.endheaders(body, encode_chunked=encode_chunked)
  File "/usr/local/lib/python3.7/http/client.py", line 1276, in endheaders
    self._send_output(message_body, encode_chunked=encode_chunked)
  File "/usr/local/lib/python3.7/http/client.py", line 1036, in _send_output
    self.send(msg)
  File "/usr/local/lib/python3.7/http/client.py", line 976, in send
    self.connect()
  File "/home/airflow/.local/lib/python3.7/site-packages/urllib3/connection.py", line 205, in connect
    conn = self._new_conn()
  File "/home/airflow/.local/lib/python3.7/site-packages/urllib3/connection.py", line 187, in _new_conn
    self, "Failed to establish a new connection: %s" % e
urllib3.exceptions.NewConnectionError: <urllib3.connection.HTTPConnection object at 0xffff7a973650>: Failed to establish a new connection: [Errno 111] Connection refused
[2024-03-23T07:45:15.065+0000] {taskinstance.py:1902} ERROR - Task failed with exception
Traceback (most recent call last):
  File "/home/airflow/.local/lib/python3.7/site-packages/urllib3/connection.py", line 175, in _new_conn
    (self._dns_host, self.port), self.timeout, **extra_kw
  File "/home/airflow/.local/lib/python3.7/site-packages/urllib3/util/connection.py", line 95, in create_connection
    raise err
  File "/home/airflow/.local/lib/python3.7/site-packages/urllib3/util/connection.py", line 85, in create_connection
    sock.connect(sa)
ConnectionRefusedError: [Errno 111] Connection refused

During handling of the above exception, another exception occurred:

Traceback (most recent call last):
  File "/home/airflow/.local/lib/python3.7/site-packages/elasticsearch/connection/http_urllib3.py", line 252, in perform_request
    method, url, body, retries=Retry(False), headers=request_headers, **kw
  File "/home/airflow/.local/lib/python3.7/site-packages/urllib3/connectionpool.py", line 788, in urlopen
    method, url, error=e, _pool=self, _stacktrace=sys.exc_info()[2]
  File "/home/airflow/.local/lib/python3.7/site-packages/urllib3/util/retry.py", line 525, in increment
    raise six.reraise(type(error), error, _stacktrace)
  File "/home/airflow/.local/lib/python3.7/site-packages/urllib3/packages/six.py", line 770, in reraise
    raise value
  File "/home/airflow/.local/lib/python3.7/site-packages/urllib3/connectionpool.py", line 710, in urlopen
    chunked=chunked,
  File "/home/airflow/.local/lib/python3.7/site-packages/urllib3/connectionpool.py", line 398, in _make_request
    conn.request(method, url, **httplib_request_kw)
  File "/home/airflow/.local/lib/python3.7/site-packages/urllib3/connection.py", line 239, in request
    super(HTTPConnection, self).request(method, url, body=body, headers=headers)
  File "/usr/local/lib/python3.7/http/client.py", line 1281, in request
    self._send_request(method, url, body, headers, encode_chunked)
  File "/usr/local/lib/python3.7/http/client.py", line 1327, in _send_request
    self.endheaders(body, encode_chunked=encode_chunked)
  File "/usr/local/lib/python3.7/http/client.py", line 1276, in endheaders
    self._send_output(message_body, encode_chunked=encode_chunked)
  File "/usr/local/lib/python3.7/http/client.py", line 1036, in _send_output
    self.send(msg)
  File "/usr/local/lib/python3.7/http/client.py", line 976, in send
    self.connect()
  File "/home/airflow/.local/lib/python3.7/site-packages/urllib3/connection.py", line 205, in connect
    conn = self._new_conn()
  File "/home/airflow/.local/lib/python3.7/site-packages/urllib3/connection.py", line 187, in _new_conn
    self, "Failed to establish a new connection: %s" % e
urllib3.exceptions.NewConnectionError: <urllib3.connection.HTTPConnection object at 0xffff7a973650>: Failed to establish a new connection: [Errno 111] Connection refused

During handling of the above exception, another exception occurred:

Traceback (most recent call last):
  File "/home/airflow/.local/lib/python3.7/site-packages/airflow/operators/python.py", line 171, in execute
    return_value = self.execute_callable()
  File "/home/airflow/.local/lib/python3.7/site-packages/airflow/operators/python.py", line 189, in execute_callable
    return self.python_callable(*self.op_args, **self.op_kwargs)
  File "/opt/airflow/dags/P2M3_elia_DAG.py", line 77, in post_to_elasticsearch_process
    res=es.index(index="milestone", doc_type = "doc", body=doc)
  File "/home/airflow/.local/lib/python3.7/site-packages/elasticsearch/client/utils.py", line 168, in _wrapped
    return func(*args, params=params, headers=headers, **kwargs)
  File "/home/airflow/.local/lib/python3.7/site-packages/elasticsearch/client/__init__.py", line 411, in index
    body=body,
  File "/home/airflow/.local/lib/python3.7/site-packages/elasticsearch/transport.py", line 413, in perform_request
    raise e
  File "/home/airflow/.local/lib/python3.7/site-packages/elasticsearch/transport.py", line 388, in perform_request
    timeout=timeout,
  File "/home/airflow/.local/lib/python3.7/site-packages/elasticsearch/connection/http_urllib3.py", line 266, in perform_request
    raise ConnectionError("N/A", str(e), e)
elasticsearch.exceptions.ConnectionError: ConnectionError(<urllib3.connection.HTTPConnection object at 0xffff7a973650>: Failed to establish a new connection: [Errno 111] Connection refused) caused by: NewConnectionError(<urllib3.connection.HTTPConnection object at 0xffff7a973650>: Failed to establish a new connection: [Errno 111] Connection refused)
[2024-03-23T07:45:15.347+0000] {taskinstance.py:1412} INFO - Marking task as FAILED. dag_id=milestone3, task_id=transfer_data_to_kibana, execution_date=20240322T223000, start_date=20240323T074442, end_date=20240323T074515
[2024-03-23T07:45:15.469+0000] {standard_task_runner.py:97} ERROR - Failed to execute job 358 for task transfer_data_to_kibana (ConnectionError(<urllib3.connection.HTTPConnection object at 0xffff7a973650>: Failed to establish a new connection: [Errno 111] Connection refused) caused by: NewConnectionError(<urllib3.connection.HTTPConnection object at 0xffff7a973650>: Failed to establish a new connection: [Errno 111] Connection refused); 204)
[2024-03-23T07:45:15.518+0000] {local_task_job.py:156} INFO - Task exited with return code 1
[2024-03-23T07:45:15.803+0000] {local_task_job.py:279} INFO - 0 downstream tasks scheduled from follow-on schedule check
